{
  "/Users/yuechunyu/Documents/project/newWorld/spa/src/services/userApi.ts": {
    "path": "/Users/yuechunyu/Documents/project/newWorld/spa/src/services/userApi.ts",
    "statementMap": {
      "0": { "start": { "line": 1, "column": 13 }, "end": { "line": 1, "column": 70 } },
      "1": { "start": { "line": 1, "column": 99 }, "end": { "line": 1, "column": 221 } },
      "2": { "start": { "line": 1, "column": 119 }, "end": { "line": 1, "column": 221 } },
      "3": { "start": { "line": 1, "column": 222 }, "end": { "line": 1, "column": 353 } },
      "4": { "start": { "line": 1, "column": 257 }, "end": { "line": 1, "column": 275 } },
      "5": { "start": { "line": 1, "column": 294 }, "end": { "line": 1, "column": 311 } },
      "6": { "start": { "line": 1, "column": 331 }, "end": { "line": 1, "column": 349 } },
      "7": { "start": { "line": 1, "column": 372 }, "end": { "line": 1, "column": 431 } },
      "8": { "start": { "line": 1, "column": 489 }, "end": { "line": 1, "column": 635 } },
      "9": { "start": { "line": 1, "column": 636 }, "end": { "line": 1, "column": 679 } },
      "10": { "start": { "line": 1, "column": 653 }, "end": { "line": 1, "column": 678 } },
      "11": { "start": { "line": 1, "column": 692 }, "end": { "line": 1, "column": 713 } },
      "12": { "start": { "line": 1, "column": 714 }, "end": { "line": 1, "column": 790 } },
      "13": { "start": { "line": 1, "column": 748 }, "end": { "line": 1, "column": 789 } },
      "14": { "start": { "line": 1, "column": 790 }, "end": { "line": 1, "column": 808 } },
      "15": { "start": { "line": 1, "column": 859 }, "end": { "line": 1, "column": 905 } },
      "16": { "start": { "line": 1, "column": 906 }, "end": { "line": 1, "column": 951 } },
      "17": { "start": { "line": 1, "column": 923 }, "end": { "line": 1, "column": 950 } },
      "18": { "start": { "line": 1, "column": 964 }, "end": { "line": 1, "column": 985 } },
      "19": { "start": { "line": 1, "column": 986 }, "end": { "line": 1, "column": 1064 } },
      "20": { "start": { "line": 1, "column": 1020 }, "end": { "line": 1, "column": 1063 } },
      "21": { "start": { "line": 1, "column": 1064 }, "end": { "line": 1, "column": 1082 } },
      "22": { "start": { "line": 1, "column": 1137 }, "end": { "line": 1, "column": 1268 } },
      "23": { "start": { "line": 1, "column": 1269 }, "end": { "line": 1, "column": 1314 } },
      "24": { "start": { "line": 1, "column": 1286 }, "end": { "line": 1, "column": 1313 } },
      "25": { "start": { "line": 1, "column": 1327 }, "end": { "line": 1, "column": 1348 } },
      "26": { "start": { "line": 1, "column": 1349 }, "end": { "line": 1, "column": 1427 } },
      "27": { "start": { "line": 1, "column": 1383 }, "end": { "line": 1, "column": 1426 } },
      "28": { "start": { "line": 1, "column": 1427 }, "end": { "line": 1, "column": 1445 } }
    },
    "fnMap": {
      "0": {
        "name": "_export",
        "decl": { "start": { "line": 1, "column": 79 }, "end": { "line": 1, "column": 86 } },
        "loc": { "start": { "line": 1, "column": 98 }, "end": { "line": 1, "column": 222 } },
        "line": 1
      },
      "1": {
        "name": "(anonymous_1)",
        "decl": { "start": { "line": 1, "column": 239 }, "end": { "line": 1, "column": 240 } },
        "loc": { "start": { "line": 1, "column": 256 }, "end": { "line": 1, "column": 276 } },
        "line": 1
      },
      "2": {
        "name": "(anonymous_2)",
        "decl": { "start": { "line": 1, "column": 277 }, "end": { "line": 1, "column": 278 } },
        "loc": { "start": { "line": 1, "column": 293 }, "end": { "line": 1, "column": 312 } },
        "line": 1
      },
      "3": {
        "name": "(anonymous_3)",
        "decl": { "start": { "line": 1, "column": 313 }, "end": { "line": 1, "column": 314 } },
        "loc": { "start": { "line": 1, "column": 330 }, "end": { "line": 1, "column": 350 } },
        "line": 1
      },
      "4": {
        "name": "walletLogin",
        "decl": { "start": { "line": 1, "column": 447 }, "end": { "line": 1, "column": 458 } },
        "loc": { "start": { "line": 1, "column": 473 }, "end": { "line": 1, "column": 809 } },
        "line": 1
      },
      "5": {
        "name": "getUserById",
        "decl": { "start": { "line": 1, "column": 824 }, "end": { "line": 1, "column": 835 } },
        "loc": { "start": { "line": 1, "column": 843 }, "end": { "line": 1, "column": 1083 } },
        "line": 1
      },
      "6": {
        "name": "updateUser",
        "decl": { "start": { "line": 1, "column": 1098 }, "end": { "line": 1, "column": 1108 } },
        "loc": { "start": { "line": 1, "column": 1121 }, "end": { "line": 1, "column": 1446 } },
        "line": 1
      }
    },
    "branchMap": {
      "0": {
        "loc": { "start": { "line": 1, "column": 372 }, "end": { "line": 1, "column": 431 } },
        "type": "binary-expr",
        "locations": [
          { "start": { "line": 1, "column": 372 }, "end": { "line": 1, "column": 406 } },
          { "start": { "line": 1, "column": 408 }, "end": { "line": 1, "column": 431 } }
        ],
        "line": 1
      },
      "1": {
        "loc": { "start": { "line": 1, "column": 636 }, "end": { "line": 1, "column": 679 } },
        "type": "if",
        "locations": [
          { "start": { "line": 1, "column": 636 }, "end": { "line": 1, "column": 679 } },
          { "start": {}, "end": {} }
        ],
        "line": 1
      },
      "2": {
        "loc": { "start": { "line": 1, "column": 714 }, "end": { "line": 1, "column": 790 } },
        "type": "if",
        "locations": [
          { "start": { "line": 1, "column": 714 }, "end": { "line": 1, "column": 790 } },
          { "start": {}, "end": {} }
        ],
        "line": 1
      },
      "3": {
        "loc": { "start": { "line": 1, "column": 717 }, "end": { "line": 1, "column": 746 } },
        "type": "binary-expr",
        "locations": [
          { "start": { "line": 1, "column": 717 }, "end": { "line": 1, "column": 732 } },
          { "start": { "line": 1, "column": 734 }, "end": { "line": 1, "column": 746 } }
        ],
        "line": 1
      },
      "4": {
        "loc": { "start": { "line": 1, "column": 764 }, "end": { "line": 1, "column": 788 } },
        "type": "binary-expr",
        "locations": [
          { "start": { "line": 1, "column": 764 }, "end": { "line": 1, "column": 778 } },
          { "start": { "line": 1, "column": 780 }, "end": { "line": 1, "column": 788 } }
        ],
        "line": 1
      },
      "5": {
        "loc": { "start": { "line": 1, "column": 906 }, "end": { "line": 1, "column": 951 } },
        "type": "if",
        "locations": [
          { "start": { "line": 1, "column": 906 }, "end": { "line": 1, "column": 951 } },
          { "start": {}, "end": {} }
        ],
        "line": 1
      },
      "6": {
        "loc": { "start": { "line": 1, "column": 986 }, "end": { "line": 1, "column": 1064 } },
        "type": "if",
        "locations": [
          { "start": { "line": 1, "column": 986 }, "end": { "line": 1, "column": 1064 } },
          { "start": {}, "end": {} }
        ],
        "line": 1
      },
      "7": {
        "loc": { "start": { "line": 1, "column": 989 }, "end": { "line": 1, "column": 1018 } },
        "type": "binary-expr",
        "locations": [
          { "start": { "line": 1, "column": 989 }, "end": { "line": 1, "column": 1004 } },
          { "start": { "line": 1, "column": 1006 }, "end": { "line": 1, "column": 1018 } }
        ],
        "line": 1
      },
      "8": {
        "loc": { "start": { "line": 1, "column": 1036 }, "end": { "line": 1, "column": 1062 } },
        "type": "binary-expr",
        "locations": [
          { "start": { "line": 1, "column": 1036 }, "end": { "line": 1, "column": 1050 } },
          { "start": { "line": 1, "column": 1052 }, "end": { "line": 1, "column": 1062 } }
        ],
        "line": 1
      },
      "9": {
        "loc": { "start": { "line": 1, "column": 1269 }, "end": { "line": 1, "column": 1314 } },
        "type": "if",
        "locations": [
          { "start": { "line": 1, "column": 1269 }, "end": { "line": 1, "column": 1314 } },
          { "start": {}, "end": {} }
        ],
        "line": 1
      },
      "10": {
        "loc": { "start": { "line": 1, "column": 1349 }, "end": { "line": 1, "column": 1427 } },
        "type": "if",
        "locations": [
          { "start": { "line": 1, "column": 1349 }, "end": { "line": 1, "column": 1427 } },
          { "start": {}, "end": {} }
        ],
        "line": 1
      },
      "11": {
        "loc": { "start": { "line": 1, "column": 1352 }, "end": { "line": 1, "column": 1381 } },
        "type": "binary-expr",
        "locations": [
          { "start": { "line": 1, "column": 1352 }, "end": { "line": 1, "column": 1367 } },
          { "start": { "line": 1, "column": 1369 }, "end": { "line": 1, "column": 1381 } }
        ],
        "line": 1
      },
      "12": {
        "loc": { "start": { "line": 1, "column": 1399 }, "end": { "line": 1, "column": 1425 } },
        "type": "binary-expr",
        "locations": [
          { "start": { "line": 1, "column": 1399 }, "end": { "line": 1, "column": 1413 } },
          { "start": { "line": 1, "column": 1415 }, "end": { "line": 1, "column": 1425 } }
        ],
        "line": 1
      }
    },
    "s": {
      "0": 1,
      "1": 1,
      "2": 3,
      "3": 1,
      "4": 3,
      "5": 5,
      "6": 4,
      "7": 1,
      "8": 4,
      "9": 4,
      "10": 1,
      "11": 3,
      "12": 3,
      "13": 2,
      "14": 1,
      "15": 3,
      "16": 2,
      "17": 1,
      "18": 1,
      "19": 1,
      "20": 0,
      "21": 1,
      "22": 5,
      "23": 5,
      "24": 2,
      "25": 3,
      "26": 3,
      "27": 1,
      "28": 2
    },
    "f": { "0": 1, "1": 3, "2": 5, "3": 4, "4": 4, "5": 3, "6": 5 },
    "b": {
      "0": [1, 0],
      "1": [1, 3],
      "2": [2, 1],
      "3": [3, 2],
      "4": [2, 1],
      "5": [1, 1],
      "6": [0, 1],
      "7": [1, 1],
      "8": [0, 0],
      "9": [2, 3],
      "10": [1, 2],
      "11": [3, 2],
      "12": [1, 0]
    },
    "inputSourceMap": {
      "0": "{",
      "1": "\"",
      "2": "v",
      "3": "e",
      "4": "r",
      "5": "s",
      "6": "i",
      "7": "o",
      "8": "n",
      "9": "\"",
      "10": ":",
      "11": "3",
      "12": ",",
      "13": "\"",
      "14": "s",
      "15": "o",
      "16": "u",
      "17": "r",
      "18": "c",
      "19": "e",
      "20": "s",
      "21": "\"",
      "22": ":",
      "23": "[",
      "24": "\"",
      "25": "/",
      "26": "U",
      "27": "s",
      "28": "e",
      "29": "r",
      "30": "s",
      "31": "/",
      "32": "y",
      "33": "u",
      "34": "e",
      "35": "c",
      "36": "h",
      "37": "u",
      "38": "n",
      "39": "y",
      "40": "u",
      "41": "/",
      "42": "D",
      "43": "o",
      "44": "c",
      "45": "u",
      "46": "m",
      "47": "e",
      "48": "n",
      "49": "t",
      "50": "s",
      "51": "/",
      "52": "p",
      "53": "r",
      "54": "o",
      "55": "j",
      "56": "e",
      "57": "c",
      "58": "t",
      "59": "/",
      "60": "n",
      "61": "e",
      "62": "w",
      "63": "W",
      "64": "o",
      "65": "r",
      "66": "l",
      "67": "d",
      "68": "/",
      "69": "s",
      "70": "p",
      "71": "a",
      "72": "/",
      "73": "s",
      "74": "r",
      "75": "c",
      "76": "/",
      "77": "s",
      "78": "e",
      "79": "r",
      "80": "v",
      "81": "i",
      "82": "c",
      "83": "e",
      "84": "s",
      "85": "/",
      "86": "u",
      "87": "s",
      "88": "e",
      "89": "r",
      "90": "A",
      "91": "p",
      "92": "i",
      "93": ".",
      "94": "t",
      "95": "s",
      "96": "\"",
      "97": "]",
      "98": ",",
      "99": "\"",
      "100": "s",
      "101": "o",
      "102": "u",
      "103": "r",
      "104": "c",
      "105": "e",
      "106": "s",
      "107": "C",
      "108": "o",
      "109": "n",
      "110": "t",
      "111": "e",
      "112": "n",
      "113": "t",
      "114": "\"",
      "115": ":",
      "116": "[",
      "117": "\"",
      "118": "i",
      "119": "m",
      "120": "p",
      "121": "o",
      "122": "r",
      "123": "t",
      "124": " ",
      "125": "{",
      "126": " ",
      "127": "U",
      "128": "s",
      "129": "e",
      "130": "r",
      "131": " ",
      "132": "}",
      "133": " ",
      "134": "f",
      "135": "r",
      "136": "o",
      "137": "m",
      "138": " ",
      "139": "'",
      "140": "@",
      "141": "/",
      "142": "t",
      "143": "y",
      "144": "p",
      "145": "e",
      "146": "s",
      "147": "/",
      "148": "u",
      "149": "s",
      "150": "e",
      "151": "r",
      "152": "s",
      "153": "'",
      "154": ";",
      "155": "\\",
      "156": "n",
      "157": "\\",
      "158": "n",
      "159": "/",
      "160": "/",
      "161": " ",
      "162": "后",
      "163": "端",
      "164": " ",
      "165": "A",
      "166": "P",
      "167": "I",
      "168": " ",
      "169": "基",
      "170": "础",
      "171": " ",
      "172": "U",
      "173": "R",
      "174": "L",
      "175": " ",
      "176": "-",
      "177": " ",
      "178": "从",
      "179": "环",
      "180": "境",
      "181": "变",
      "182": "量",
      "183": "读",
      "184": "取",
      "185": "\\",
      "186": "n",
      "187": "/",
      "188": "/",
      "189": " ",
      "190": "开",
      "191": "发",
      "192": "环",
      "193": "境",
      "194": ":",
      "195": " ",
      "196": ".",
      "197": "e",
      "198": "n",
      "199": "v",
      "200": " ",
      "201": "中",
      "202": "的",
      "203": " ",
      "204": "R",
      "205": "E",
      "206": "A",
      "207": "C",
      "208": "T",
      "209": "_",
      "210": "A",
      "211": "P",
      "212": "P",
      "213": "_",
      "214": "A",
      "215": "P",
      "216": "I",
      "217": "_",
      "218": "B",
      "219": "A",
      "220": "S",
      "221": "E",
      "222": "_",
      "223": "U",
      "224": "R",
      "225": "L",
      "226": "\\",
      "227": "n",
      "228": "/",
      "229": "/",
      "230": " ",
      "231": "生",
      "232": "产",
      "233": "环",
      "234": "境",
      "235": ":",
      "236": " ",
      "237": ".",
      "238": "e",
      "239": "n",
      "240": "v",
      "241": ".",
      "242": "p",
      "243": "r",
      "244": "o",
      "245": "d",
      "246": "u",
      "247": "c",
      "248": "t",
      "249": "i",
      "250": "o",
      "251": "n",
      "252": " ",
      "253": "中",
      "254": "的",
      "255": " ",
      "256": "R",
      "257": "E",
      "258": "A",
      "259": "C",
      "260": "T",
      "261": "_",
      "262": "A",
      "263": "P",
      "264": "P",
      "265": "_",
      "266": "A",
      "267": "P",
      "268": "I",
      "269": "_",
      "270": "B",
      "271": "A",
      "272": "S",
      "273": "E",
      "274": "_",
      "275": "U",
      "276": "R",
      "277": "L",
      "278": "\\",
      "279": "n",
      "280": "c",
      "281": "o",
      "282": "n",
      "283": "s",
      "284": "t",
      "285": " ",
      "286": "A",
      "287": "P",
      "288": "I",
      "289": "_",
      "290": "B",
      "291": "A",
      "292": "S",
      "293": "E",
      "294": "_",
      "295": "U",
      "296": "R",
      "297": "L",
      "298": " ",
      "299": "=",
      "300": " ",
      "301": "p",
      "302": "r",
      "303": "o",
      "304": "c",
      "305": "e",
      "306": "s",
      "307": "s",
      "308": ".",
      "309": "e",
      "310": "n",
      "311": "v",
      "312": ".",
      "313": "R",
      "314": "E",
      "315": "A",
      "316": "C",
      "317": "T",
      "318": "_",
      "319": "A",
      "320": "P",
      "321": "P",
      "322": "_",
      "323": "A",
      "324": "P",
      "325": "I",
      "326": "_",
      "327": "B",
      "328": "A",
      "329": "S",
      "330": "E",
      "331": "_",
      "332": "U",
      "333": "R",
      "334": "L",
      "335": " ",
      "336": "|",
      "337": "|",
      "338": " ",
      "339": "'",
      "340": "h",
      "341": "t",
      "342": "t",
      "343": "p",
      "344": ":",
      "345": "/",
      "346": "/",
      "347": "l",
      "348": "o",
      "349": "c",
      "350": "a",
      "351": "l",
      "352": "h",
      "353": "o",
      "354": "s",
      "355": "t",
      "356": ":",
      "357": "3",
      "358": "0",
      "359": "0",
      "360": "0",
      "361": "'",
      "362": ";",
      "363": "\\",
      "364": "n",
      "365": "\\",
      "366": "n",
      "367": "/",
      "368": "/",
      "369": " ",
      "370": "A",
      "371": "P",
      "372": "I",
      "373": " ",
      "374": "响",
      "375": "应",
      "376": "格",
      "377": "式",
      "378": "\\",
      "379": "n",
      "380": "i",
      "381": "n",
      "382": "t",
      "383": "e",
      "384": "r",
      "385": "f",
      "386": "a",
      "387": "c",
      "388": "e",
      "389": " ",
      "390": "A",
      "391": "p",
      "392": "i",
      "393": "R",
      "394": "e",
      "395": "s",
      "396": "p",
      "397": "o",
      "398": "n",
      "399": "s",
      "400": "e",
      "401": "<",
      "402": "T",
      "403": ">",
      "404": " ",
      "405": "{",
      "406": "\\",
      "407": "n",
      "408": " ",
      "409": " ",
      "410": "s",
      "411": "u",
      "412": "c",
      "413": "c",
      "414": "e",
      "415": "s",
      "416": "s",
      "417": ":",
      "418": " ",
      "419": "b",
      "420": "o",
      "421": "o",
      "422": "l",
      "423": "e",
      "424": "a",
      "425": "n",
      "426": ";",
      "427": "\\",
      "428": "n",
      "429": " ",
      "430": " ",
      "431": "d",
      "432": "a",
      "433": "t",
      "434": "a",
      "435": "?",
      "436": ":",
      "437": " ",
      "438": "T",
      "439": ";",
      "440": "\\",
      "441": "n",
      "442": " ",
      "443": " ",
      "444": "m",
      "445": "e",
      "446": "s",
      "447": "s",
      "448": "a",
      "449": "g",
      "450": "e",
      "451": "?",
      "452": ":",
      "453": " ",
      "454": "s",
      "455": "t",
      "456": "r",
      "457": "i",
      "458": "n",
      "459": "g",
      "460": ";",
      "461": "\\",
      "462": "n",
      "463": "}",
      "464": "\\",
      "465": "n",
      "466": "\\",
      "467": "n",
      "468": "/",
      "469": "*",
      "470": "*",
      "471": "\\",
      "472": "n",
      "473": " ",
      "474": "*",
      "475": " ",
      "476": "钱",
      "477": "包",
      "478": "登",
      "479": "录",
      "480": "/",
      "481": "注",
      "482": "册",
      "483": "\\",
      "484": "n",
      "485": " ",
      "486": "*",
      "487": " ",
      "488": "@",
      "489": "p",
      "490": "a",
      "491": "r",
      "492": "a",
      "493": "m",
      "494": " ",
      "495": "w",
      "496": "a",
      "497": "l",
      "498": "l",
      "499": "e",
      "500": "t",
      "501": "A",
      "502": "d",
      "503": "d",
      "504": "r",
      "505": "e",
      "506": "s",
      "507": "s",
      "508": " ",
      "509": "钱",
      "510": "包",
      "511": "地",
      "512": "址",
      "513": "\\",
      "514": "n",
      "515": " ",
      "516": "*",
      "517": " ",
      "518": "@",
      "519": "r",
      "520": "e",
      "521": "t",
      "522": "u",
      "523": "r",
      "524": "n",
      "525": "s",
      "526": " ",
      "527": "用",
      "528": "户",
      "529": "信",
      "530": "息",
      "531": "\\",
      "532": "n",
      "533": " ",
      "534": "*",
      "535": "/",
      "536": "\\",
      "537": "n",
      "538": "e",
      "539": "x",
      "540": "p",
      "541": "o",
      "542": "r",
      "543": "t",
      "544": " ",
      "545": "a",
      "546": "s",
      "547": "y",
      "548": "n",
      "549": "c",
      "550": " ",
      "551": "f",
      "552": "u",
      "553": "n",
      "554": "c",
      "555": "t",
      "556": "i",
      "557": "o",
      "558": "n",
      "559": " ",
      "560": "w",
      "561": "a",
      "562": "l",
      "563": "l",
      "564": "e",
      "565": "t",
      "566": "L",
      "567": "o",
      "568": "g",
      "569": "i",
      "570": "n",
      "571": "(",
      "572": "w",
      "573": "a",
      "574": "l",
      "575": "l",
      "576": "e",
      "577": "t",
      "578": "A",
      "579": "d",
      "580": "d",
      "581": "r",
      "582": "e",
      "583": "s",
      "584": "s",
      "585": ":",
      "586": " ",
      "587": "s",
      "588": "t",
      "589": "r",
      "590": "i",
      "591": "n",
      "592": "g",
      "593": ")",
      "594": ":",
      "595": " ",
      "596": "P",
      "597": "r",
      "598": "o",
      "599": "m",
      "600": "i",
      "601": "s",
      "602": "e",
      "603": "<",
      "604": "U",
      "605": "s",
      "606": "e",
      "607": "r",
      "608": ">",
      "609": " ",
      "610": "{",
      "611": "\\",
      "612": "n",
      "613": " ",
      "614": " ",
      "615": "c",
      "616": "o",
      "617": "n",
      "618": "s",
      "619": "t",
      "620": " ",
      "621": "r",
      "622": "e",
      "623": "s",
      "624": "p",
      "625": "o",
      "626": "n",
      "627": "s",
      "628": "e",
      "629": " ",
      "630": "=",
      "631": " ",
      "632": "a",
      "633": "w",
      "634": "a",
      "635": "i",
      "636": "t",
      "637": " ",
      "638": "f",
      "639": "e",
      "640": "t",
      "641": "c",
      "642": "h",
      "643": "(",
      "644": "`",
      "645": "$",
      "646": "{",
      "647": "A",
      "648": "P",
      "649": "I",
      "650": "_",
      "651": "B",
      "652": "A",
      "653": "S",
      "654": "E",
      "655": "_",
      "656": "U",
      "657": "R",
      "658": "L",
      "659": "}",
      "660": "/",
      "661": "u",
      "662": "s",
      "663": "e",
      "664": "r",
      "665": "s",
      "666": "/",
      "667": "w",
      "668": "a",
      "669": "l",
      "670": "l",
      "671": "e",
      "672": "t",
      "673": "-",
      "674": "l",
      "675": "o",
      "676": "g",
      "677": "i",
      "678": "n",
      "679": "`",
      "680": ",",
      "681": " ",
      "682": "{",
      "683": "\\",
      "684": "n",
      "685": " ",
      "686": " ",
      "687": " ",
      "688": " ",
      "689": "m",
      "690": "e",
      "691": "t",
      "692": "h",
      "693": "o",
      "694": "d",
      "695": ":",
      "696": " ",
      "697": "'",
      "698": "P",
      "699": "O",
      "700": "S",
      "701": "T",
      "702": "'",
      "703": ",",
      "704": "\\",
      "705": "n",
      "706": " ",
      "707": " ",
      "708": " ",
      "709": " ",
      "710": "h",
      "711": "e",
      "712": "a",
      "713": "d",
      "714": "e",
      "715": "r",
      "716": "s",
      "717": ":",
      "718": " ",
      "719": "{",
      "720": "\\",
      "721": "n",
      "722": " ",
      "723": " ",
      "724": " ",
      "725": " ",
      "726": " ",
      "727": " ",
      "728": "'",
      "729": "C",
      "730": "o",
      "731": "n",
      "732": "t",
      "733": "e",
      "734": "n",
      "735": "t",
      "736": "-",
      "737": "T",
      "738": "y",
      "739": "p",
      "740": "e",
      "741": "'",
      "742": ":",
      "743": " ",
      "744": "'",
      "745": "a",
      "746": "p",
      "747": "p",
      "748": "l",
      "749": "i",
      "750": "c",
      "751": "a",
      "752": "t",
      "753": "i",
      "754": "o",
      "755": "n",
      "756": "/",
      "757": "j",
      "758": "s",
      "759": "o",
      "760": "n",
      "761": "'",
      "762": ",",
      "763": "\\",
      "764": "n",
      "765": " ",
      "766": " ",
      "767": " ",
      "768": " ",
      "769": "}",
      "770": ",",
      "771": "\\",
      "772": "n",
      "773": " ",
      "774": " ",
      "775": " ",
      "776": " ",
      "777": "b",
      "778": "o",
      "779": "d",
      "780": "y",
      "781": ":",
      "782": " ",
      "783": "J",
      "784": "S",
      "785": "O",
      "786": "N",
      "787": ".",
      "788": "s",
      "789": "t",
      "790": "r",
      "791": "i",
      "792": "n",
      "793": "g",
      "794": "i",
      "795": "f",
      "796": "y",
      "797": "(",
      "798": "{",
      "799": " ",
      "800": "w",
      "801": "a",
      "802": "l",
      "803": "l",
      "804": "e",
      "805": "t",
      "806": "A",
      "807": "d",
      "808": "d",
      "809": "r",
      "810": "e",
      "811": "s",
      "812": "s",
      "813": " ",
      "814": "}",
      "815": ")",
      "816": ",",
      "817": "\\",
      "818": "n",
      "819": " ",
      "820": " ",
      "821": "}",
      "822": ")",
      "823": ";",
      "824": "\\",
      "825": "n",
      "826": "\\",
      "827": "n",
      "828": " ",
      "829": " ",
      "830": "i",
      "831": "f",
      "832": " ",
      "833": "(",
      "834": "!",
      "835": "r",
      "836": "e",
      "837": "s",
      "838": "p",
      "839": "o",
      "840": "n",
      "841": "s",
      "842": "e",
      "843": ".",
      "844": "o",
      "845": "k",
      "846": ")",
      "847": " ",
      "848": "{",
      "849": "\\",
      "850": "n",
      "851": " ",
      "852": " ",
      "853": " ",
      "854": " ",
      "855": "t",
      "856": "h",
      "857": "r",
      "858": "o",
      "859": "w",
      "860": " ",
      "861": "n",
      "862": "e",
      "863": "w",
      "864": " ",
      "865": "E",
      "866": "r",
      "867": "r",
      "868": "o",
      "869": "r",
      "870": "(",
      "871": "'",
      "872": "钱",
      "873": "包",
      "874": "登",
      "875": "录",
      "876": "失",
      "877": "败",
      "878": "'",
      "879": ")",
      "880": ";",
      "881": "\\",
      "882": "n",
      "883": " ",
      "884": " ",
      "885": "}",
      "886": "\\",
      "887": "n",
      "888": "\\",
      "889": "n",
      "890": " ",
      "891": " ",
      "892": "c",
      "893": "o",
      "894": "n",
      "895": "s",
      "896": "t",
      "897": " ",
      "898": "r",
      "899": "e",
      "900": "s",
      "901": "u",
      "902": "l",
      "903": "t",
      "904": ":",
      "905": " ",
      "906": "A",
      "907": "p",
      "908": "i",
      "909": "R",
      "910": "e",
      "911": "s",
      "912": "p",
      "913": "o",
      "914": "n",
      "915": "s",
      "916": "e",
      "917": "<",
      "918": "U",
      "919": "s",
      "920": "e",
      "921": "r",
      "922": ">",
      "923": " ",
      "924": "=",
      "925": " ",
      "926": "a",
      "927": "w",
      "928": "a",
      "929": "i",
      "930": "t",
      "931": " ",
      "932": "r",
      "933": "e",
      "934": "s",
      "935": "p",
      "936": "o",
      "937": "n",
      "938": "s",
      "939": "e",
      "940": ".",
      "941": "j",
      "942": "s",
      "943": "o",
      "944": "n",
      "945": "(",
      "946": ")",
      "947": ";",
      "948": "\\",
      "949": "n",
      "950": "\\",
      "951": "n",
      "952": " ",
      "953": " ",
      "954": "i",
      "955": "f",
      "956": " ",
      "957": "(",
      "958": "!",
      "959": "r",
      "960": "e",
      "961": "s",
      "962": "u",
      "963": "l",
      "964": "t",
      "965": ".",
      "966": "s",
      "967": "u",
      "968": "c",
      "969": "c",
      "970": "e",
      "971": "s",
      "972": "s",
      "973": " ",
      "974": "|",
      "975": "|",
      "976": " ",
      "977": "!",
      "978": "r",
      "979": "e",
      "980": "s",
      "981": "u",
      "982": "l",
      "983": "t",
      "984": ".",
      "985": "d",
      "986": "a",
      "987": "t",
      "988": "a",
      "989": ")",
      "990": " ",
      "991": "{",
      "992": "\\",
      "993": "n",
      "994": " ",
      "995": " ",
      "996": " ",
      "997": " ",
      "998": "t",
      "999": "h",
      "1000": "r",
      "1001": "o",
      "1002": "w",
      "1003": " ",
      "1004": "n",
      "1005": "e",
      "1006": "w",
      "1007": " ",
      "1008": "E",
      "1009": "r",
      "1010": "r",
      "1011": "o",
      "1012": "r",
      "1013": "(",
      "1014": "r",
      "1015": "e",
      "1016": "s",
      "1017": "u",
      "1018": "l",
      "1019": "t",
      "1020": ".",
      "1021": "m",
      "1022": "e",
      "1023": "s",
      "1024": "s",
      "1025": "a",
      "1026": "g",
      "1027": "e",
      "1028": " ",
      "1029": "|",
      "1030": "|",
      "1031": " ",
      "1032": "'",
      "1033": "钱",
      "1034": "包",
      "1035": "登",
      "1036": "录",
      "1037": "失",
      "1038": "败",
      "1039": "'",
      "1040": ")",
      "1041": ";",
      "1042": "\\",
      "1043": "n",
      "1044": " ",
      "1045": " ",
      "1046": "}",
      "1047": "\\",
      "1048": "n",
      "1049": "\\",
      "1050": "n",
      "1051": " ",
      "1052": " ",
      "1053": "r",
      "1054": "e",
      "1055": "t",
      "1056": "u",
      "1057": "r",
      "1058": "n",
      "1059": " ",
      "1060": "r",
      "1061": "e",
      "1062": "s",
      "1063": "u",
      "1064": "l",
      "1065": "t",
      "1066": ".",
      "1067": "d",
      "1068": "a",
      "1069": "t",
      "1070": "a",
      "1071": ";",
      "1072": "\\",
      "1073": "n",
      "1074": "}",
      "1075": "\\",
      "1076": "n",
      "1077": "\\",
      "1078": "n",
      "1079": "/",
      "1080": "*",
      "1081": "*",
      "1082": "\\",
      "1083": "n",
      "1084": " ",
      "1085": "*",
      "1086": " ",
      "1087": "获",
      "1088": "取",
      "1089": "用",
      "1090": "户",
      "1091": "详",
      "1092": "情",
      "1093": "\\",
      "1094": "n",
      "1095": " ",
      "1096": "*",
      "1097": " ",
      "1098": "@",
      "1099": "p",
      "1100": "a",
      "1101": "r",
      "1102": "a",
      "1103": "m",
      "1104": " ",
      "1105": "u",
      "1106": "s",
      "1107": "e",
      "1108": "r",
      "1109": "I",
      "1110": "d",
      "1111": " ",
      "1112": "用",
      "1113": "户",
      "1114": "I",
      "1115": "D",
      "1116": "\\",
      "1117": "n",
      "1118": " ",
      "1119": "*",
      "1120": " ",
      "1121": "@",
      "1122": "r",
      "1123": "e",
      "1124": "t",
      "1125": "u",
      "1126": "r",
      "1127": "n",
      "1128": "s",
      "1129": " ",
      "1130": "用",
      "1131": "户",
      "1132": "信",
      "1133": "息",
      "1134": "\\",
      "1135": "n",
      "1136": " ",
      "1137": "*",
      "1138": "/",
      "1139": "\\",
      "1140": "n",
      "1141": "e",
      "1142": "x",
      "1143": "p",
      "1144": "o",
      "1145": "r",
      "1146": "t",
      "1147": " ",
      "1148": "a",
      "1149": "s",
      "1150": "y",
      "1151": "n",
      "1152": "c",
      "1153": " ",
      "1154": "f",
      "1155": "u",
      "1156": "n",
      "1157": "c",
      "1158": "t",
      "1159": "i",
      "1160": "o",
      "1161": "n",
      "1162": " ",
      "1163": "g",
      "1164": "e",
      "1165": "t",
      "1166": "U",
      "1167": "s",
      "1168": "e",
      "1169": "r",
      "1170": "B",
      "1171": "y",
      "1172": "I",
      "1173": "d",
      "1174": "(",
      "1175": "u",
      "1176": "s",
      "1177": "e",
      "1178": "r",
      "1179": "I",
      "1180": "d",
      "1181": ":",
      "1182": " ",
      "1183": "s",
      "1184": "t",
      "1185": "r",
      "1186": "i",
      "1187": "n",
      "1188": "g",
      "1189": ")",
      "1190": ":",
      "1191": " ",
      "1192": "P",
      "1193": "r",
      "1194": "o",
      "1195": "m",
      "1196": "i",
      "1197": "s",
      "1198": "e",
      "1199": "<",
      "1200": "U",
      "1201": "s",
      "1202": "e",
      "1203": "r",
      "1204": ">",
      "1205": " ",
      "1206": "{",
      "1207": "\\",
      "1208": "n",
      "1209": " ",
      "1210": " ",
      "1211": "c",
      "1212": "o",
      "1213": "n",
      "1214": "s",
      "1215": "t",
      "1216": " ",
      "1217": "r",
      "1218": "e",
      "1219": "s",
      "1220": "p",
      "1221": "o",
      "1222": "n",
      "1223": "s",
      "1224": "e",
      "1225": " ",
      "1226": "=",
      "1227": " ",
      "1228": "a",
      "1229": "w",
      "1230": "a",
      "1231": "i",
      "1232": "t",
      "1233": " ",
      "1234": "f",
      "1235": "e",
      "1236": "t",
      "1237": "c",
      "1238": "h",
      "1239": "(",
      "1240": "`",
      "1241": "$",
      "1242": "{",
      "1243": "A",
      "1244": "P",
      "1245": "I",
      "1246": "_",
      "1247": "B",
      "1248": "A",
      "1249": "S",
      "1250": "E",
      "1251": "_",
      "1252": "U",
      "1253": "R",
      "1254": "L",
      "1255": "}",
      "1256": "/",
      "1257": "u",
      "1258": "s",
      "1259": "e",
      "1260": "r",
      "1261": "s",
      "1262": "/",
      "1263": "$",
      "1264": "{",
      "1265": "u",
      "1266": "s",
      "1267": "e",
      "1268": "r",
      "1269": "I",
      "1270": "d",
      "1271": "}",
      "1272": "`",
      "1273": ")",
      "1274": ";",
      "1275": "\\",
      "1276": "n",
      "1277": "\\",
      "1278": "n",
      "1279": " ",
      "1280": " ",
      "1281": "i",
      "1282": "f",
      "1283": " ",
      "1284": "(",
      "1285": "!",
      "1286": "r",
      "1287": "e",
      "1288": "s",
      "1289": "p",
      "1290": "o",
      "1291": "n",
      "1292": "s",
      "1293": "e",
      "1294": ".",
      "1295": "o",
      "1296": "k",
      "1297": ")",
      "1298": " ",
      "1299": "{",
      "1300": "\\",
      "1301": "n",
      "1302": " ",
      "1303": " ",
      "1304": " ",
      "1305": " ",
      "1306": "t",
      "1307": "h",
      "1308": "r",
      "1309": "o",
      "1310": "w",
      "1311": " ",
      "1312": "n",
      "1313": "e",
      "1314": "w",
      "1315": " ",
      "1316": "E",
      "1317": "r",
      "1318": "r",
      "1319": "o",
      "1320": "r",
      "1321": "(",
      "1322": "'",
      "1323": "获",
      "1324": "取",
      "1325": "用",
      "1326": "户",
      "1327": "信",
      "1328": "息",
      "1329": "失",
      "1330": "败",
      "1331": "'",
      "1332": ")",
      "1333": ";",
      "1334": "\\",
      "1335": "n",
      "1336": " ",
      "1337": " ",
      "1338": "}",
      "1339": "\\",
      "1340": "n",
      "1341": "\\",
      "1342": "n",
      "1343": " ",
      "1344": " ",
      "1345": "c",
      "1346": "o",
      "1347": "n",
      "1348": "s",
      "1349": "t",
      "1350": " ",
      "1351": "r",
      "1352": "e",
      "1353": "s",
      "1354": "u",
      "1355": "l",
      "1356": "t",
      "1357": ":",
      "1358": " ",
      "1359": "A",
      "1360": "p",
      "1361": "i",
      "1362": "R",
      "1363": "e",
      "1364": "s",
      "1365": "p",
      "1366": "o",
      "1367": "n",
      "1368": "s",
      "1369": "e",
      "1370": "<",
      "1371": "U",
      "1372": "s",
      "1373": "e",
      "1374": "r",
      "1375": ">",
      "1376": " ",
      "1377": "=",
      "1378": " ",
      "1379": "a",
      "1380": "w",
      "1381": "a",
      "1382": "i",
      "1383": "t",
      "1384": " ",
      "1385": "r",
      "1386": "e",
      "1387": "s",
      "1388": "p",
      "1389": "o",
      "1390": "n",
      "1391": "s",
      "1392": "e",
      "1393": ".",
      "1394": "j",
      "1395": "s",
      "1396": "o",
      "1397": "n",
      "1398": "(",
      "1399": ")",
      "1400": ";",
      "1401": "\\",
      "1402": "n",
      "1403": "\\",
      "1404": "n",
      "1405": " ",
      "1406": " ",
      "1407": "i",
      "1408": "f",
      "1409": " ",
      "1410": "(",
      "1411": "!",
      "1412": "r",
      "1413": "e",
      "1414": "s",
      "1415": "u",
      "1416": "l",
      "1417": "t",
      "1418": ".",
      "1419": "s",
      "1420": "u",
      "1421": "c",
      "1422": "c",
      "1423": "e",
      "1424": "s",
      "1425": "s",
      "1426": " ",
      "1427": "|",
      "1428": "|",
      "1429": " ",
      "1430": "!",
      "1431": "r",
      "1432": "e",
      "1433": "s",
      "1434": "u",
      "1435": "l",
      "1436": "t",
      "1437": ".",
      "1438": "d",
      "1439": "a",
      "1440": "t",
      "1441": "a",
      "1442": ")",
      "1443": " ",
      "1444": "{",
      "1445": "\\",
      "1446": "n",
      "1447": " ",
      "1448": " ",
      "1449": " ",
      "1450": " ",
      "1451": "t",
      "1452": "h",
      "1453": "r",
      "1454": "o",
      "1455": "w",
      "1456": " ",
      "1457": "n",
      "1458": "e",
      "1459": "w",
      "1460": " ",
      "1461": "E",
      "1462": "r",
      "1463": "r",
      "1464": "o",
      "1465": "r",
      "1466": "(",
      "1467": "r",
      "1468": "e",
      "1469": "s",
      "1470": "u",
      "1471": "l",
      "1472": "t",
      "1473": ".",
      "1474": "m",
      "1475": "e",
      "1476": "s",
      "1477": "s",
      "1478": "a",
      "1479": "g",
      "1480": "e",
      "1481": " ",
      "1482": "|",
      "1483": "|",
      "1484": " ",
      "1485": "'",
      "1486": "获",
      "1487": "取",
      "1488": "用",
      "1489": "户",
      "1490": "信",
      "1491": "息",
      "1492": "失",
      "1493": "败",
      "1494": "'",
      "1495": ")",
      "1496": ";",
      "1497": "\\",
      "1498": "n",
      "1499": " ",
      "1500": " ",
      "1501": "}",
      "1502": "\\",
      "1503": "n",
      "1504": "\\",
      "1505": "n",
      "1506": " ",
      "1507": " ",
      "1508": "r",
      "1509": "e",
      "1510": "t",
      "1511": "u",
      "1512": "r",
      "1513": "n",
      "1514": " ",
      "1515": "r",
      "1516": "e",
      "1517": "s",
      "1518": "u",
      "1519": "l",
      "1520": "t",
      "1521": ".",
      "1522": "d",
      "1523": "a",
      "1524": "t",
      "1525": "a",
      "1526": ";",
      "1527": "\\",
      "1528": "n",
      "1529": "}",
      "1530": "\\",
      "1531": "n",
      "1532": "\\",
      "1533": "n",
      "1534": "/",
      "1535": "*",
      "1536": "*",
      "1537": "\\",
      "1538": "n",
      "1539": " ",
      "1540": "*",
      "1541": " ",
      "1542": "更",
      "1543": "新",
      "1544": "用",
      "1545": "户",
      "1546": "信",
      "1547": "息",
      "1548": "\\",
      "1549": "n",
      "1550": " ",
      "1551": "*",
      "1552": " ",
      "1553": "@",
      "1554": "p",
      "1555": "a",
      "1556": "r",
      "1557": "a",
      "1558": "m",
      "1559": " ",
      "1560": "u",
      "1561": "s",
      "1562": "e",
      "1563": "r",
      "1564": "I",
      "1565": "d",
      "1566": " ",
      "1567": "用",
      "1568": "户",
      "1569": "I",
      "1570": "D",
      "1571": "\\",
      "1572": "n",
      "1573": " ",
      "1574": "*",
      "1575": " ",
      "1576": "@",
      "1577": "p",
      "1578": "a",
      "1579": "r",
      "1580": "a",
      "1581": "m",
      "1582": " ",
      "1583": "d",
      "1584": "a",
      "1585": "t",
      "1586": "a",
      "1587": " ",
      "1588": "要",
      "1589": "更",
      "1590": "新",
      "1591": "的",
      "1592": "数",
      "1593": "据",
      "1594": "\\",
      "1595": "n",
      "1596": " ",
      "1597": "*",
      "1598": " ",
      "1599": "@",
      "1600": "r",
      "1601": "e",
      "1602": "t",
      "1603": "u",
      "1604": "r",
      "1605": "n",
      "1606": "s",
      "1607": " ",
      "1608": "更",
      "1609": "新",
      "1610": "后",
      "1611": "的",
      "1612": "用",
      "1613": "户",
      "1614": "信",
      "1615": "息",
      "1616": "\\",
      "1617": "n",
      "1618": " ",
      "1619": "*",
      "1620": "/",
      "1621": "\\",
      "1622": "n",
      "1623": "e",
      "1624": "x",
      "1625": "p",
      "1626": "o",
      "1627": "r",
      "1628": "t",
      "1629": " ",
      "1630": "a",
      "1631": "s",
      "1632": "y",
      "1633": "n",
      "1634": "c",
      "1635": " ",
      "1636": "f",
      "1637": "u",
      "1638": "n",
      "1639": "c",
      "1640": "t",
      "1641": "i",
      "1642": "o",
      "1643": "n",
      "1644": " ",
      "1645": "u",
      "1646": "p",
      "1647": "d",
      "1648": "a",
      "1649": "t",
      "1650": "e",
      "1651": "U",
      "1652": "s",
      "1653": "e",
      "1654": "r",
      "1655": "(",
      "1656": "\\",
      "1657": "n",
      "1658": " ",
      "1659": " ",
      "1660": "u",
      "1661": "s",
      "1662": "e",
      "1663": "r",
      "1664": "I",
      "1665": "d",
      "1666": ":",
      "1667": " ",
      "1668": "s",
      "1669": "t",
      "1670": "r",
      "1671": "i",
      "1672": "n",
      "1673": "g",
      "1674": ",",
      "1675": "\\",
      "1676": "n",
      "1677": " ",
      "1678": " ",
      "1679": "d",
      "1680": "a",
      "1681": "t",
      "1682": "a",
      "1683": ":",
      "1684": " ",
      "1685": "P",
      "1686": "a",
      "1687": "r",
      "1688": "t",
      "1689": "i",
      "1690": "a",
      "1691": "l",
      "1692": "<",
      "1693": "P",
      "1694": "i",
      "1695": "c",
      "1696": "k",
      "1697": "<",
      "1698": "U",
      "1699": "s",
      "1700": "e",
      "1701": "r",
      "1702": ",",
      "1703": " ",
      "1704": "'",
      "1705": "u",
      "1706": "s",
      "1707": "e",
      "1708": "r",
      "1709": "n",
      "1710": "a",
      "1711": "m",
      "1712": "e",
      "1713": "'",
      "1714": " ",
      "1715": "|",
      "1716": " ",
      "1717": "'",
      "1718": "n",
      "1719": "a",
      "1720": "m",
      "1721": "e",
      "1722": "'",
      "1723": " ",
      "1724": "|",
      "1725": " ",
      "1726": "'",
      "1727": "e",
      "1728": "m",
      "1729": "a",
      "1730": "i",
      "1731": "l",
      "1732": "'",
      "1733": " ",
      "1734": "|",
      "1735": " ",
      "1736": "'",
      "1737": "a",
      "1738": "v",
      "1739": "a",
      "1740": "t",
      "1741": "a",
      "1742": "r",
      "1743": "U",
      "1744": "r",
      "1745": "l",
      "1746": "'",
      "1747": " ",
      "1748": "|",
      "1749": " ",
      "1750": "'",
      "1751": "s",
      "1752": "i",
      "1753": "g",
      "1754": "n",
      "1755": "a",
      "1756": "t",
      "1757": "u",
      "1758": "r",
      "1759": "e",
      "1760": "'",
      "1761": " ",
      "1762": "|",
      "1763": " ",
      "1764": "'",
      "1765": "t",
      "1766": "i",
      "1767": "m",
      "1768": "e",
      "1769": "s",
      "1770": "t",
      "1771": "a",
      "1772": "m",
      "1773": "p",
      "1774": "'",
      "1775": ">",
      "1776": ">",
      "1777": "\\",
      "1778": "n",
      "1779": ")",
      "1780": ":",
      "1781": " ",
      "1782": "P",
      "1783": "r",
      "1784": "o",
      "1785": "m",
      "1786": "i",
      "1787": "s",
      "1788": "e",
      "1789": "<",
      "1790": "U",
      "1791": "s",
      "1792": "e",
      "1793": "r",
      "1794": ">",
      "1795": " ",
      "1796": "{",
      "1797": "\\",
      "1798": "n",
      "1799": " ",
      "1800": " ",
      "1801": "c",
      "1802": "o",
      "1803": "n",
      "1804": "s",
      "1805": "t",
      "1806": " ",
      "1807": "r",
      "1808": "e",
      "1809": "s",
      "1810": "p",
      "1811": "o",
      "1812": "n",
      "1813": "s",
      "1814": "e",
      "1815": " ",
      "1816": "=",
      "1817": " ",
      "1818": "a",
      "1819": "w",
      "1820": "a",
      "1821": "i",
      "1822": "t",
      "1823": " ",
      "1824": "f",
      "1825": "e",
      "1826": "t",
      "1827": "c",
      "1828": "h",
      "1829": "(",
      "1830": "`",
      "1831": "$",
      "1832": "{",
      "1833": "A",
      "1834": "P",
      "1835": "I",
      "1836": "_",
      "1837": "B",
      "1838": "A",
      "1839": "S",
      "1840": "E",
      "1841": "_",
      "1842": "U",
      "1843": "R",
      "1844": "L",
      "1845": "}",
      "1846": "/",
      "1847": "u",
      "1848": "s",
      "1849": "e",
      "1850": "r",
      "1851": "s",
      "1852": "/",
      "1853": "$",
      "1854": "{",
      "1855": "u",
      "1856": "s",
      "1857": "e",
      "1858": "r",
      "1859": "I",
      "1860": "d",
      "1861": "}",
      "1862": "`",
      "1863": ",",
      "1864": " ",
      "1865": "{",
      "1866": "\\",
      "1867": "n",
      "1868": " ",
      "1869": " ",
      "1870": " ",
      "1871": " ",
      "1872": "m",
      "1873": "e",
      "1874": "t",
      "1875": "h",
      "1876": "o",
      "1877": "d",
      "1878": ":",
      "1879": " ",
      "1880": "'",
      "1881": "P",
      "1882": "U",
      "1883": "T",
      "1884": "'",
      "1885": ",",
      "1886": "\\",
      "1887": "n",
      "1888": " ",
      "1889": " ",
      "1890": " ",
      "1891": " ",
      "1892": "h",
      "1893": "e",
      "1894": "a",
      "1895": "d",
      "1896": "e",
      "1897": "r",
      "1898": "s",
      "1899": ":",
      "1900": " ",
      "1901": "{",
      "1902": "\\",
      "1903": "n",
      "1904": " ",
      "1905": " ",
      "1906": " ",
      "1907": " ",
      "1908": " ",
      "1909": " ",
      "1910": "'",
      "1911": "C",
      "1912": "o",
      "1913": "n",
      "1914": "t",
      "1915": "e",
      "1916": "n",
      "1917": "t",
      "1918": "-",
      "1919": "T",
      "1920": "y",
      "1921": "p",
      "1922": "e",
      "1923": "'",
      "1924": ":",
      "1925": " ",
      "1926": "'",
      "1927": "a",
      "1928": "p",
      "1929": "p",
      "1930": "l",
      "1931": "i",
      "1932": "c",
      "1933": "a",
      "1934": "t",
      "1935": "i",
      "1936": "o",
      "1937": "n",
      "1938": "/",
      "1939": "j",
      "1940": "s",
      "1941": "o",
      "1942": "n",
      "1943": "'",
      "1944": ",",
      "1945": "\\",
      "1946": "n",
      "1947": " ",
      "1948": " ",
      "1949": " ",
      "1950": " ",
      "1951": "}",
      "1952": ",",
      "1953": "\\",
      "1954": "n",
      "1955": " ",
      "1956": " ",
      "1957": " ",
      "1958": " ",
      "1959": "b",
      "1960": "o",
      "1961": "d",
      "1962": "y",
      "1963": ":",
      "1964": " ",
      "1965": "J",
      "1966": "S",
      "1967": "O",
      "1968": "N",
      "1969": ".",
      "1970": "s",
      "1971": "t",
      "1972": "r",
      "1973": "i",
      "1974": "n",
      "1975": "g",
      "1976": "i",
      "1977": "f",
      "1978": "y",
      "1979": "(",
      "1980": "d",
      "1981": "a",
      "1982": "t",
      "1983": "a",
      "1984": ")",
      "1985": ",",
      "1986": "\\",
      "1987": "n",
      "1988": " ",
      "1989": " ",
      "1990": "}",
      "1991": ")",
      "1992": ";",
      "1993": "\\",
      "1994": "n",
      "1995": "\\",
      "1996": "n",
      "1997": " ",
      "1998": " ",
      "1999": "i",
      "2000": "f",
      "2001": " ",
      "2002": "(",
      "2003": "!",
      "2004": "r",
      "2005": "e",
      "2006": "s",
      "2007": "p",
      "2008": "o",
      "2009": "n",
      "2010": "s",
      "2011": "e",
      "2012": ".",
      "2013": "o",
      "2014": "k",
      "2015": ")",
      "2016": " ",
      "2017": "{",
      "2018": "\\",
      "2019": "n",
      "2020": " ",
      "2021": " ",
      "2022": " ",
      "2023": " ",
      "2024": "t",
      "2025": "h",
      "2026": "r",
      "2027": "o",
      "2028": "w",
      "2029": " ",
      "2030": "n",
      "2031": "e",
      "2032": "w",
      "2033": " ",
      "2034": "E",
      "2035": "r",
      "2036": "r",
      "2037": "o",
      "2038": "r",
      "2039": "(",
      "2040": "'",
      "2041": "更",
      "2042": "新",
      "2043": "用",
      "2044": "户",
      "2045": "信",
      "2046": "息",
      "2047": "失",
      "2048": "败",
      "2049": "'",
      "2050": ")",
      "2051": ";",
      "2052": "\\",
      "2053": "n",
      "2054": " ",
      "2055": " ",
      "2056": "}",
      "2057": "\\",
      "2058": "n",
      "2059": "\\",
      "2060": "n",
      "2061": " ",
      "2062": " ",
      "2063": "c",
      "2064": "o",
      "2065": "n",
      "2066": "s",
      "2067": "t",
      "2068": " ",
      "2069": "r",
      "2070": "e",
      "2071": "s",
      "2072": "u",
      "2073": "l",
      "2074": "t",
      "2075": ":",
      "2076": " ",
      "2077": "A",
      "2078": "p",
      "2079": "i",
      "2080": "R",
      "2081": "e",
      "2082": "s",
      "2083": "p",
      "2084": "o",
      "2085": "n",
      "2086": "s",
      "2087": "e",
      "2088": "<",
      "2089": "U",
      "2090": "s",
      "2091": "e",
      "2092": "r",
      "2093": ">",
      "2094": " ",
      "2095": "=",
      "2096": " ",
      "2097": "a",
      "2098": "w",
      "2099": "a",
      "2100": "i",
      "2101": "t",
      "2102": " ",
      "2103": "r",
      "2104": "e",
      "2105": "s",
      "2106": "p",
      "2107": "o",
      "2108": "n",
      "2109": "s",
      "2110": "e",
      "2111": ".",
      "2112": "j",
      "2113": "s",
      "2114": "o",
      "2115": "n",
      "2116": "(",
      "2117": ")",
      "2118": ";",
      "2119": "\\",
      "2120": "n",
      "2121": "\\",
      "2122": "n",
      "2123": " ",
      "2124": " ",
      "2125": "i",
      "2126": "f",
      "2127": " ",
      "2128": "(",
      "2129": "!",
      "2130": "r",
      "2131": "e",
      "2132": "s",
      "2133": "u",
      "2134": "l",
      "2135": "t",
      "2136": ".",
      "2137": "s",
      "2138": "u",
      "2139": "c",
      "2140": "c",
      "2141": "e",
      "2142": "s",
      "2143": "s",
      "2144": " ",
      "2145": "|",
      "2146": "|",
      "2147": " ",
      "2148": "!",
      "2149": "r",
      "2150": "e",
      "2151": "s",
      "2152": "u",
      "2153": "l",
      "2154": "t",
      "2155": ".",
      "2156": "d",
      "2157": "a",
      "2158": "t",
      "2159": "a",
      "2160": ")",
      "2161": " ",
      "2162": "{",
      "2163": "\\",
      "2164": "n",
      "2165": " ",
      "2166": " ",
      "2167": " ",
      "2168": " ",
      "2169": "t",
      "2170": "h",
      "2171": "r",
      "2172": "o",
      "2173": "w",
      "2174": " ",
      "2175": "n",
      "2176": "e",
      "2177": "w",
      "2178": " ",
      "2179": "E",
      "2180": "r",
      "2181": "r",
      "2182": "o",
      "2183": "r",
      "2184": "(",
      "2185": "r",
      "2186": "e",
      "2187": "s",
      "2188": "u",
      "2189": "l",
      "2190": "t",
      "2191": ".",
      "2192": "m",
      "2193": "e",
      "2194": "s",
      "2195": "s",
      "2196": "a",
      "2197": "g",
      "2198": "e",
      "2199": " ",
      "2200": "|",
      "2201": "|",
      "2202": " ",
      "2203": "'",
      "2204": "更",
      "2205": "新",
      "2206": "用",
      "2207": "户",
      "2208": "信",
      "2209": "息",
      "2210": "失",
      "2211": "败",
      "2212": "'",
      "2213": ")",
      "2214": ";",
      "2215": "\\",
      "2216": "n",
      "2217": " ",
      "2218": " ",
      "2219": "}",
      "2220": "\\",
      "2221": "n",
      "2222": "\\",
      "2223": "n",
      "2224": " ",
      "2225": " ",
      "2226": "r",
      "2227": "e",
      "2228": "t",
      "2229": "u",
      "2230": "r",
      "2231": "n",
      "2232": " ",
      "2233": "r",
      "2234": "e",
      "2235": "s",
      "2236": "u",
      "2237": "l",
      "2238": "t",
      "2239": ".",
      "2240": "d",
      "2241": "a",
      "2242": "t",
      "2243": "a",
      "2244": ";",
      "2245": "\\",
      "2246": "n",
      "2247": "}",
      "2248": "\\",
      "2249": "n",
      "2250": "\"",
      "2251": "]",
      "2252": ",",
      "2253": "\"",
      "2254": "n",
      "2255": "a",
      "2256": "m",
      "2257": "e",
      "2258": "s",
      "2259": "\"",
      "2260": ":",
      "2261": "[",
      "2262": "\"",
      "2263": "g",
      "2264": "e",
      "2265": "t",
      "2266": "U",
      "2267": "s",
      "2268": "e",
      "2269": "r",
      "2270": "B",
      "2271": "y",
      "2272": "I",
      "2273": "d",
      "2274": "\"",
      "2275": ",",
      "2276": "\"",
      "2277": "u",
      "2278": "p",
      "2279": "d",
      "2280": "a",
      "2281": "t",
      "2282": "e",
      "2283": "U",
      "2284": "s",
      "2285": "e",
      "2286": "r",
      "2287": "\"",
      "2288": ",",
      "2289": "\"",
      "2290": "w",
      "2291": "a",
      "2292": "l",
      "2293": "l",
      "2294": "e",
      "2295": "t",
      "2296": "L",
      "2297": "o",
      "2298": "g",
      "2299": "i",
      "2300": "n",
      "2301": "\"",
      "2302": ",",
      "2303": "\"",
      "2304": "A",
      "2305": "P",
      "2306": "I",
      "2307": "_",
      "2308": "B",
      "2309": "A",
      "2310": "S",
      "2311": "E",
      "2312": "_",
      "2313": "U",
      "2314": "R",
      "2315": "L",
      "2316": "\"",
      "2317": ",",
      "2318": "\"",
      "2319": "p",
      "2320": "r",
      "2321": "o",
      "2322": "c",
      "2323": "e",
      "2324": "s",
      "2325": "s",
      "2326": "\"",
      "2327": ",",
      "2328": "\"",
      "2329": "e",
      "2330": "n",
      "2331": "v",
      "2332": "\"",
      "2333": ",",
      "2334": "\"",
      "2335": "R",
      "2336": "E",
      "2337": "A",
      "2338": "C",
      "2339": "T",
      "2340": "_",
      "2341": "A",
      "2342": "P",
      "2343": "P",
      "2344": "_",
      "2345": "A",
      "2346": "P",
      "2347": "I",
      "2348": "_",
      "2349": "B",
      "2350": "A",
      "2351": "S",
      "2352": "E",
      "2353": "_",
      "2354": "U",
      "2355": "R",
      "2356": "L",
      "2357": "\"",
      "2358": ",",
      "2359": "\"",
      "2360": "w",
      "2361": "a",
      "2362": "l",
      "2363": "l",
      "2364": "e",
      "2365": "t",
      "2366": "A",
      "2367": "d",
      "2368": "d",
      "2369": "r",
      "2370": "e",
      "2371": "s",
      "2372": "s",
      "2373": "\"",
      "2374": ",",
      "2375": "\"",
      "2376": "r",
      "2377": "e",
      "2378": "s",
      "2379": "p",
      "2380": "o",
      "2381": "n",
      "2382": "s",
      "2383": "e",
      "2384": "\"",
      "2385": ",",
      "2386": "\"",
      "2387": "f",
      "2388": "e",
      "2389": "t",
      "2390": "c",
      "2391": "h",
      "2392": "\"",
      "2393": ",",
      "2394": "\"",
      "2395": "m",
      "2396": "e",
      "2397": "t",
      "2398": "h",
      "2399": "o",
      "2400": "d",
      "2401": "\"",
      "2402": ",",
      "2403": "\"",
      "2404": "h",
      "2405": "e",
      "2406": "a",
      "2407": "d",
      "2408": "e",
      "2409": "r",
      "2410": "s",
      "2411": "\"",
      "2412": ",",
      "2413": "\"",
      "2414": "b",
      "2415": "o",
      "2416": "d",
      "2417": "y",
      "2418": "\"",
      "2419": ",",
      "2420": "\"",
      "2421": "J",
      "2422": "S",
      "2423": "O",
      "2424": "N",
      "2425": "\"",
      "2426": ",",
      "2427": "\"",
      "2428": "s",
      "2429": "t",
      "2430": "r",
      "2431": "i",
      "2432": "n",
      "2433": "g",
      "2434": "i",
      "2435": "f",
      "2436": "y",
      "2437": "\"",
      "2438": ",",
      "2439": "\"",
      "2440": "o",
      "2441": "k",
      "2442": "\"",
      "2443": ",",
      "2444": "\"",
      "2445": "E",
      "2446": "r",
      "2447": "r",
      "2448": "o",
      "2449": "r",
      "2450": "\"",
      "2451": ",",
      "2452": "\"",
      "2453": "r",
      "2454": "e",
      "2455": "s",
      "2456": "u",
      "2457": "l",
      "2458": "t",
      "2459": "\"",
      "2460": ",",
      "2461": "\"",
      "2462": "j",
      "2463": "s",
      "2464": "o",
      "2465": "n",
      "2466": "\"",
      "2467": ",",
      "2468": "\"",
      "2469": "s",
      "2470": "u",
      "2471": "c",
      "2472": "c",
      "2473": "e",
      "2474": "s",
      "2475": "s",
      "2476": "\"",
      "2477": ",",
      "2478": "\"",
      "2479": "d",
      "2480": "a",
      "2481": "t",
      "2482": "a",
      "2483": "\"",
      "2484": ",",
      "2485": "\"",
      "2486": "m",
      "2487": "e",
      "2488": "s",
      "2489": "s",
      "2490": "a",
      "2491": "g",
      "2492": "e",
      "2493": "\"",
      "2494": ",",
      "2495": "\"",
      "2496": "u",
      "2497": "s",
      "2498": "e",
      "2499": "r",
      "2500": "I",
      "2501": "d",
      "2502": "\"",
      "2503": "]",
      "2504": ",",
      "2505": "\"",
      "2506": "m",
      "2507": "a",
      "2508": "p",
      "2509": "p",
      "2510": "i",
      "2511": "n",
      "2512": "g",
      "2513": "s",
      "2514": "\"",
      "2515": ":",
      "2516": "\"",
      "2517": "m",
      "2518": "P",
      "2519": "A",
      "2520": "8",
      "2521": "C",
      "2522": "s",
      "2523": "B",
      "2524": "A",
      "2525": ",",
      "2526": "q",
      "2527": "B",
      "2528": "A",
      "2529": "A",
      "2530": "A",
      "2531": "A",
      "2532": ",",
      "2533": "i",
      "2534": "B",
      "2535": "A",
      "2536": "s",
      "2537": "B",
      "2538": "A",
      "2539": "C",
      "2540": ",",
      "2541": "o",
      "2542": "B",
      "2543": "A",
      "2544": "A",
      "2545": "A",
      "2546": "A",
      "2547": ",",
      "2548": "g",
      "2549": "B",
      "2550": "A",
      "2551": "j",
      "2552": "D",
      "2553": "A",
      "2554": "C",
      "2555": ",",
      "2556": "q",
      "2557": "B",
      "2558": "A",
      "2559": "A",
      "2560": "A",
      "2561": "A",
      "2562": ",",
      "2563": "e",
      "2564": "A",
      "2565": "d",
      "2566": "t",
      "2567": "B",
      "2568": ",",
      "2569": "M",
      "2570": "A",
      "2571": "A",
      "2572": "M",
      "2573": "C",
      "2574": ",",
      "2575": "a",
      "2576": "A",
      "2577": "A",
      "2578": "e",
      "2579": "C",
      "2580": ",",
      "2581": "Q",
      "2582": "A",
      "2583": "A",
      "2584": "Q",
      "2585": "C",
      "2586": ",",
      "2587": "G",
      "2588": "A",
      "2589": "A",
      "2590": "G",
      "2591": ",",
      "2592": "C",
      "2593": "A",
      "2594": "A",
      "2595": "C",
      "2596": "C",
      "2597": ",",
      "2598": "s",
      "2599": "B",
      "2600": "A",
      "2601": "A",
      "2602": "s",
      "2603": "B",
      "2604": ",",
      "2605": "E",
      "2606": "A",
      "2607": "A",
      "2608": "I",
      "2609": ",",
      "2610": "w",
      "2611": "B",
      "2612": "A",
      "2613": "c",
      "2614": "p",
      "2615": "D",
      "2616": ",",
      "2617": "e",
      "2618": "A",
      "2619": "A",
      "2620": "e",
      "2621": "J",
      "2622": ",",
      "2623": "Y",
      "2624": "A",
      "2625": "A",
      "2626": "Y",
      "2627": "K",
      "2628": ",",
      "2629": "a",
      "2630": "A",
      "2631": "A",
      "2632": "q",
      "2633": "B",
      "2634": ",",
      "2635": "E",
      "2636": "A",
      "2637": "C",
      "2638": "r",
      "2639": "D",
      "2640": ",",
      "2641": "M",
      "2642": "A",
      "2643": "A",
      "2644": "M",
      "2645": "C",
      "2646": ",",
      "2647": "S",
      "2648": "A",
      "2649": "A",
      "2650": "W",
      "2651": ",",
      "2652": "M",
      "2653": "A",
      "2654": "A",
      "2655": "M",
      "2656": "C",
      "2657": ",",
      "2658": "M",
      "2659": "A",
      "2660": "A",
      "2661": "M",
      "2662": ",",
      "2663": "C",
      "2664": "A",
      "2665": "A",
      "2666": "C",
      "2667": ",",
      "2668": "E",
      "2669": "A",
      "2670": "A",
      "2671": "E",
      "2672": "N",
      "2673": ",",
      "2674": "a",
      "2675": "A",
      "2676": "A",
      "2677": "a",
      "2678": ",",
      "2679": "m",
      "2680": "B",
      "2681": "A",
      "2682": "A",
      "2683": "m",
      "2684": "B",
      "2685": ",",
      "2686": "C",
      "2687": "A",
      "2688": "A",
      "2689": "C",
      "2690": ",",
      "2691": "C",
      "2692": "A",
      "2693": "A",
      "2694": "E",
      "2695": ",",
      "2696": "C",
      "2697": "A",
      "2698": "C",
      "2699": "j",
      "2700": "E",
      "2701": "O",
      "2702": ",",
      "2703": "O",
      "2704": "A",
      "2705": "A",
      "2706": "Q",
      "2707": ",",
      "2708": "O",
      "2709": "A",
      "2710": "C",
      "2711": "R",
      "2712": "C",
      "2713": ",",
      "2714": "Q",
      "2715": "A",
      "2716": "A",
      "2717": "S",
      "2718": ",",
      "2719": "C",
      "2720": "A",
      "2721": "C",
      "2722": "P",
      "2723": ",",
      "2724": "e",
      "2725": "A",
      "2726": "A",
      "2727": "g",
      "2728": "B",
      "2729": ",",
      "2730": "k",
      "2731": "B",
      "2732": "A",
      "2733": "C",
      "2734": "l",
      "2735": "B",
      "2736": ",",
      "2737": "E",
      "2738": "A",
      "2739": "C",
      "2740": "A",
      "2741": "C",
      "2742": ",",
      "2743": "K",
      "2744": "A",
      "2745": "A",
      "2746": "M",
      "2747": "C",
      "2748": ",",
      "2749": "K",
      "2750": "A",
      "2751": "A",
      "2752": "K",
      "2753": "C",
      "2754": ",",
      "2755": "S",
      "2756": "A",
      "2757": "A",
      "2758": "S",
      "2759": ",",
      "2760": "C",
      "2761": "A",
      "2762": "A",
      "2763": "C",
      "2764": ",",
      "2765": "C",
      "2766": "A",
      "2767": "A",
      "2768": "E",
      "2769": "P",
      "2770": ",",
      "2771": "a",
      "2772": "A",
      "2773": "A",
      "2774": "c",
      "2775": ",",
      "2776": "E",
      "2777": "A",
      "2778": "C",
      "2779": "v",
      "2780": "C",
      "2781": ",",
      "2782": "G",
      "2783": "A",
      "2784": "E",
      "2785": "A",
      "2786": ",",
      "2787": "G",
      "2788": "A",
      "2789": "A",
      "2790": "I",
      "2791": ",",
      "2792": "C",
      "2793": "A",
      "2794": "A",
      "2795": "C",
      "2796": "C",
      "2797": ",",
      "2798": "S",
      "2799": "A",
      "2800": "A",
      "2801": "S",
      "2802": "O",
      "2803": ",",
      "2804": "E",
      "2805": "A",
      "2806": "A",
      "2807": "E",
      "2808": ",",
      "2809": "C",
      "2810": "A",
      "2811": "A",
      "2812": "E",
      "2813": ",",
      "2814": "C",
      "2815": "A",
      "2816": "C",
      "2817": "h",
      "2818": "B",
      "2819": ",",
      "2820": "M",
      "2821": "A",
      "2822": "A",
      "2823": "M",
      "2824": ",",
      "2825": "I",
      "2826": "A",
      "2827": "A",
      "2828": "I",
      "2829": "C",
      "2830": ",",
      "2831": "M",
      "2832": "A",
      "2833": "A",
      "2834": "M",
      "2835": ",",
      "2836": "S",
      "2837": "A",
      "2838": "C",
      "2839": "l",
      "2840": "B",
      "2841": ",",
      "2842": "C",
      "2843": "A",
      "2844": "E",
      "2845": "A",
      "2846": ",",
      "2847": "M",
      "2848": "A",
      "2849": "A",
      "2850": "M",
      "2851": "C",
      "2852": ",",
      "2853": "O",
      "2854": "A",
      "2855": "A",
      "2856": "4",
      "2857": "B",
      "2858": ",",
      "2859": "M",
      "2860": "A",
      "2861": "A",
      "2862": "M",
      "2863": "T",
      "2864": ",",
      "2865": "S",
      "2866": "A",
      "2867": "A",
      "2868": "S",
      "2869": "U",
      "2870": ",",
      "2871": "I",
      "2872": "A",
      "2873": "A",
      "2874": "I",
      "2875": ",",
      "2876": "G",
      "2877": "A",
      "2878": "E",
      "2879": "r",
      "2880": "D",
      "2881": ",",
      "2882": "G",
      "2883": "A",
      "2884": "A",
      "2885": "I",
      "2886": ",",
      "2887": "C",
      "2888": "A",
      "2889": "A",
      "2890": "C",
      "2891": "D",
      "2892": ",",
      "2893": "O",
      "2894": "A",
      "2895": "A",
      "2896": "O",
      "2897": "E",
      "2898": ",",
      "2899": "O",
      "2900": "A",
      "2901": "A",
      "2902": "O",
      "2903": ",",
      "2904": "E",
      "2905": "A",
      "2906": "A",
      "2907": "I",
      "2908": ",",
      "2909": "C",
      "2910": "A",
      "2911": "A",
      "2912": "C",
      "2913": "F",
      "2914": ",",
      "2915": "O",
      "2916": "A",
      "2917": "A",
      "2918": "O",
      "2919": "G",
      "2920": ",",
      "2921": "I",
      "2922": "A",
      "2923": "A",
      "2924": "I",
      "2925": ",",
      "2926": "C",
      "2927": "A",
      "2928": "A",
      "2929": "E",
      "2930": ",",
      "2931": "C",
      "2932": "A",
      "2933": "C",
      "2934": "n",
      "2935": "C",
      "2936": ",",
      "2937": "M",
      "2938": "A",
      "2939": "A",
      "2940": "M",
      "2941": ",",
      "2942": "I",
      "2943": "A",
      "2944": "A",
      "2945": "I",
      "2946": "J",
      "2947": ",",
      "2948": "M",
      "2949": "A",
      "2950": "A",
      "2951": "M",
      "2952": "C",
      "2953": ",",
      "2954": "O",
      "2955": "A",
      "2956": "A",
      "2957": "O",
      "2958": "I",
      "2959": ",",
      "2960": "O",
      "2961": "A",
      "2962": "A",
      "2963": "O",
      "2964": ",",
      "2965": "E",
      "2966": "A",
      "2967": "A",
      "2968": "I",
      "2969": ",",
      "2970": "S",
      "2971": "A",
      "2972": "C",
      "2973": "p",
      "2974": "C",
      "2975": ",",
      "2976": "C",
      "2977": "A",
      "2978": "E",
      "2979": "A",
      "2980": ",",
      "2981": "O",
      "2982": "A",
      "2983": "A",
      "2984": "O",
      "2985": "J",
      "2986": ",",
      "2987": "O",
      "2988": "A",
      "2989": "A",
      "2990": "O",
      "2991": "G",
      "2992": ",",
      "2993": "I",
      "2994": "A",
      "2995": "A",
      "2996": "I",
      "2997": ",",
      "2998": "A",
      "2999": "A",
      "3000": "C",
      "3001": "p",
      "3002": "B",
      "3003": ",",
      "3004": "C",
      "3005": "A",
      "3006": "O",
      "3007": "O",
      "3008": ",",
      "3009": "e",
      "3010": "A",
      "3011": "A",
      "3012": "e",
      "3013": "p",
      "3014": "B",
      "3015": ",",
      "3016": "Y",
      "3017": "A",
      "3018": "A",
      "3019": "Y",
      "3020": "s",
      "3021": "B",
      "3022": ",",
      "3023": "M",
      "3024": "A",
      "3025": "A",
      "3026": "c",
      "3027": ",",
      "3028": "E",
      "3029": "A",
      "3030": "C",
      "3031": "9",
      "3032": "C",
      "3033": ",",
      "3034": "M",
      "3035": "A",
      "3036": "A",
      "3037": "M",
      "3038": "d",
      "3039": ",",
      "3040": "S",
      "3041": "A",
      "3042": "A",
      "3043": "W",
      "3044": ",",
      "3045": "M",
      "3046": "A",
      "3047": "A",
      "3048": "M",
      "3049": "C",
      "3050": ",",
      "3051": "M",
      "3052": "A",
      "3053": "A",
      "3054": "M",
      "3055": ",",
      "3056": "C",
      "3057": "A",
      "3058": "A",
      "3059": "C",
      "3060": ",",
      "3061": "E",
      "3062": "A",
      "3063": "A",
      "3064": "E",
      "3065": "N",
      "3066": ",",
      "3067": "a",
      "3068": "A",
      "3069": "A",
      "3070": "a",
      "3071": ",",
      "3072": "O",
      "3073": "A",
      "3074": "A",
      "3075": "O",
      "3076": ",",
      "3077": "E",
      "3078": "A",
      "3079": "A",
      "3080": "E",
      "3081": "m",
      "3082": "B",
      "3083": ",",
      "3084": "O",
      "3085": "A",
      "3086": "A",
      "3087": "O",
      "3088": ",",
      "3089": "C",
      "3090": "A",
      "3091": "A",
      "3092": "C",
      "3093": ",",
      "3094": "E",
      "3095": "A",
      "3096": "E",
      "3097": "9",
      "3098": "D",
      "3099": ",",
      "3100": "G",
      "3101": "A",
      "3102": "A",
      "3103": "I",
      "3104": ",",
      "3105": "C",
      "3106": "A",
      "3107": "A",
      "3108": "C",
      "3109": "d",
      "3110": ",",
      "3111": "S",
      "3112": "A",
      "3113": "A",
      "3114": "S",
      "3115": "O",
      "3116": ",",
      "3117": "E",
      "3118": "A",
      "3119": "A",
      "3120": "E",
      "3121": ",",
      "3122": "C",
      "3123": "A",
      "3124": "A",
      "3125": "E",
      "3126": ",",
      "3127": "C",
      "3128": "A",
      "3129": "C",
      "3130": "h",
      "3131": "B",
      "3132": ",",
      "3133": "M",
      "3134": "A",
      "3135": "A",
      "3136": "M",
      "3137": ",",
      "3138": "I",
      "3139": "A",
      "3140": "A",
      "3141": "I",
      "3142": "C",
      "3143": ",",
      "3144": "M",
      "3145": "A",
      "3146": "A",
      "3147": "M",
      "3148": ",",
      "3149": "W",
      "3150": "A",
      "3151": "C",
      "3152": "l",
      "3153": "B",
      "3154": ",",
      "3155": "C",
      "3156": "A",
      "3157": "E",
      "3158": "A",
      "3159": ",",
      "3160": "M",
      "3161": "A",
      "3162": "A",
      "3163": "M",
      "3164": "C",
      "3165": ",",
      "3166": "O",
      "3167": "A",
      "3168": "A",
      "3169": "4",
      "3170": "B",
      "3171": ",",
      "3172": "M",
      "3173": "A",
      "3174": "A",
      "3175": "M",
      "3176": "T",
      "3177": ",",
      "3178": "S",
      "3179": "A",
      "3180": "A",
      "3181": "S",
      "3182": "U",
      "3183": ",",
      "3184": "I",
      "3185": "A",
      "3186": "A",
      "3187": "I",
      "3188": ",",
      "3189": "G",
      "3190": "A",
      "3191": "E",
      "3192": "r",
      "3193": "D",
      "3194": ",",
      "3195": "G",
      "3196": "A",
      "3197": "A",
      "3198": "I",
      "3199": ",",
      "3200": "C",
      "3201": "A",
      "3202": "A",
      "3203": "C",
      "3204": "D",
      "3205": ",",
      "3206": "O",
      "3207": "A",
      "3208": "A",
      "3209": "O",
      "3210": "E",
      "3211": ",",
      "3212": "O",
      "3213": "A",
      "3214": "A",
      "3215": "O",
      "3216": ",",
      "3217": "E",
      "3218": "A",
      "3219": "A",
      "3220": "I",
      "3221": ",",
      "3222": "C",
      "3223": "A",
      "3224": "A",
      "3225": "C",
      "3226": "F",
      "3227": ",",
      "3228": "O",
      "3229": "A",
      "3230": "A",
      "3231": "O",
      "3232": "G",
      "3233": ",",
      "3234": "I",
      "3235": "A",
      "3236": "A",
      "3237": "I",
      "3238": ",",
      "3239": "C",
      "3240": "A",
      "3241": "A",
      "3242": "E",
      "3243": ",",
      "3244": "C",
      "3245": "A",
      "3246": "C",
      "3247": "n",
      "3248": "C",
      "3249": ",",
      "3250": "M",
      "3251": "A",
      "3252": "A",
      "3253": "M",
      "3254": ",",
      "3255": "I",
      "3256": "A",
      "3257": "A",
      "3258": "I",
      "3259": "J",
      "3260": ",",
      "3261": "M",
      "3262": "A",
      "3263": "A",
      "3264": "M",
      "3265": "C",
      "3266": ",",
      "3267": "O",
      "3268": "A",
      "3269": "A",
      "3270": "O",
      "3271": "I",
      "3272": ",",
      "3273": "O",
      "3274": "A",
      "3275": "A",
      "3276": "O",
      "3277": ",",
      "3278": "E",
      "3279": "A",
      "3280": "A",
      "3281": "I",
      "3282": ",",
      "3283": "W",
      "3284": "A",
      "3285": "C",
      "3286": "p",
      "3287": "C",
      "3288": ",",
      "3289": "C",
      "3290": "A",
      "3291": "E",
      "3292": "A",
      "3293": ",",
      "3294": "O",
      "3295": "A",
      "3296": "A",
      "3297": "O",
      "3298": "J",
      "3299": ",",
      "3300": "O",
      "3301": "A",
      "3302": "A",
      "3303": "O",
      "3304": "G",
      "3305": ",",
      "3306": "I",
      "3307": "A",
      "3308": "A",
      "3309": "I",
      "3310": ",",
      "3311": "A",
      "3312": "A",
      "3313": "C",
      "3314": "p",
      "3315": "B",
      "3316": ",",
      "3317": "C",
      "3318": "A",
      "3319": "Q",
      "3320": "O",
      "3321": ",",
      "3322": "e",
      "3323": "A",
      "3324": "A",
      "3325": "e",
      "3326": "n",
      "3327": "B",
      "3328": ",",
      "3329": "W",
      "3330": "A",
      "3331": "C",
      "3332": "p",
      "3333": "B",
      "3334": "q",
      "3335": "B",
      "3336": ",",
      "3337": "M",
      "3338": "A",
      "3339": "A",
      "3340": "c",
      "3341": ",",
      "3342": "C",
      "3343": "A",
      "3344": "C",
      "3345": "d",
      "3346": "F",
      "3347": ",",
      "3348": "I",
      "3349": "A",
      "3350": "A",
      "3351": "k",
      "3352": "G",
      "3353": ",",
      "3354": "E",
      "3355": "A",
      "3356": "E",
      "3357": "l",
      "3358": "G",
      "3359": ",",
      "3360": "M",
      "3361": "A",
      "3362": "A",
      "3363": "M",
      "3364": "Z",
      "3365": ",",
      "3366": "S",
      "3367": "A",
      "3368": "A",
      "3369": "W",
      "3370": ",",
      "3371": "M",
      "3372": "A",
      "3373": "A",
      "3374": "M",
      "3375": "C",
      "3376": ",",
      "3377": "M",
      "3378": "A",
      "3379": "A",
      "3380": "M",
      "3381": ",",
      "3382": "C",
      "3383": "A",
      "3384": "A",
      "3385": "C",
      "3386": ",",
      "3387": "E",
      "3388": "A",
      "3389": "A",
      "3390": "E",
      "3391": "N",
      "3392": ",",
      "3393": "a",
      "3394": "A",
      "3395": "A",
      "3396": "a",
      "3397": ",",
      "3398": "O",
      "3399": "A",
      "3400": "A",
      "3401": "O",
      "3402": ",",
      "3403": "E",
      "3404": "A",
      "3405": "A",
      "3406": "E",
      "3407": "m",
      "3408": "B",
      "3409": ",",
      "3410": "O",
      "3411": "A",
      "3412": "A",
      "3413": "O",
      "3414": ",",
      "3415": "C",
      "3416": "A",
      "3417": "A",
      "3418": "C",
      "3419": ",",
      "3420": "C",
      "3421": "A",
      "3422": "A",
      "3423": "E",
      "3424": ",",
      "3425": "C",
      "3426": "A",
      "3427": "C",
      "3428": "9",
      "3429": "D",
      "3430": "Z",
      "3431": ",",
      "3432": "O",
      "3433": "A",
      "3434": "A",
      "3435": "Q",
      "3436": ",",
      "3437": "M",
      "3438": "A",
      "3439": "C",
      "3440": "R",
      "3441": "C",
      "3442": ",",
      "3443": "Q",
      "3444": "A",
      "3445": "A",
      "3446": "S",
      "3447": ",",
      "3448": "C",
      "3449": "A",
      "3450": "C",
      "3451": "P",
      "3452": ",",
      "3453": "e",
      "3454": "A",
      "3455": "A",
      "3456": "g",
      "3457": "B",
      "3458": ",",
      "3459": "k",
      "3460": "B",
      "3461": "A",
      "3462": "C",
      "3463": "l",
      "3464": "B",
      "3465": ",",
      "3466": "E",
      "3467": "A",
      "3468": "C",
      "3469": "A",
      "3470": "C",
      "3471": ",",
      "3472": "K",
      "3473": "A",
      "3474": "A",
      "3475": "M",
      "3476": "C",
      "3477": ",",
      "3478": "K",
      "3479": "A",
      "3480": "A",
      "3481": "K",
      "3482": "C",
      "3483": ",",
      "3484": "S",
      "3485": "A",
      "3486": "A",
      "3487": "S",
      "3488": ",",
      "3489": "C",
      "3490": "A",
      "3491": "A",
      "3492": "C",
      "3493": "M",
      "3494": ",",
      "3495": "K",
      "3496": "A",
      "3497": "C",
      "3498": "v",
      "3499": "B",
      "3500": ",",
      "3501": "G",
      "3502": "A",
      "3503": "E",
      "3504": "A",
      "3505": ",",
      "3506": "G",
      "3507": "A",
      "3508": "A",
      "3509": "I",
      "3510": ",",
      "3511": "C",
      "3512": "A",
      "3513": "A",
      "3514": "C",
      "3515": "Z",
      "3516": ",",
      "3517": "S",
      "3518": "A",
      "3519": "A",
      "3520": "S",
      "3521": "O",
      "3522": ",",
      "3523": "E",
      "3524": "A",
      "3525": "A",
      "3526": "E",
      "3527": ",",
      "3528": "C",
      "3529": "A",
      "3530": "A",
      "3531": "E",
      "3532": ",",
      "3533": "C",
      "3534": "A",
      "3535": "C",
      "3536": "h",
      "3537": "B",
      "3538": ",",
      "3539": "M",
      "3540": "A",
      "3541": "A",
      "3542": "M",
      "3543": ",",
      "3544": "I",
      "3545": "A",
      "3546": "A",
      "3547": "I",
      "3548": "C",
      "3549": ",",
      "3550": "M",
      "3551": "A",
      "3552": "A",
      "3553": "M",
      "3554": ",",
      "3555": "W",
      "3556": "A",
      "3557": "C",
      "3558": "l",
      "3559": "B",
      "3560": ",",
      "3561": "C",
      "3562": "A",
      "3563": "E",
      "3564": "A",
      "3565": ",",
      "3566": "M",
      "3567": "A",
      "3568": "A",
      "3569": "M",
      "3570": "C",
      "3571": ",",
      "3572": "O",
      "3573": "A",
      "3574": "A",
      "3575": "4",
      "3576": "B",
      "3577": ",",
      "3578": "M",
      "3579": "A",
      "3580": "A",
      "3581": "M",
      "3582": "T",
      "3583": ",",
      "3584": "S",
      "3585": "A",
      "3586": "A",
      "3587": "S",
      "3588": "U",
      "3589": ",",
      "3590": "I",
      "3591": "A",
      "3592": "A",
      "3593": "I",
      "3594": ",",
      "3595": "G",
      "3596": "A",
      "3597": "E",
      "3598": "r",
      "3599": "D",
      "3600": ",",
      "3601": "G",
      "3602": "A",
      "3603": "A",
      "3604": "I",
      "3605": ",",
      "3606": "C",
      "3607": "A",
      "3608": "A",
      "3609": "C",
      "3610": "D",
      "3611": ",",
      "3612": "O",
      "3613": "A",
      "3614": "A",
      "3615": "O",
      "3616": "E",
      "3617": ",",
      "3618": "O",
      "3619": "A",
      "3620": "A",
      "3621": "O",
      "3622": ",",
      "3623": "E",
      "3624": "A",
      "3625": "A",
      "3626": "I",
      "3627": ",",
      "3628": "C",
      "3629": "A",
      "3630": "A",
      "3631": "C",
      "3632": "F",
      "3633": ",",
      "3634": "O",
      "3635": "A",
      "3636": "A",
      "3637": "O",
      "3638": "G",
      "3639": ",",
      "3640": "I",
      "3641": "A",
      "3642": "A",
      "3643": "I",
      "3644": ",",
      "3645": "C",
      "3646": "A",
      "3647": "A",
      "3648": "E",
      "3649": ",",
      "3650": "C",
      "3651": "A",
      "3652": "C",
      "3653": "n",
      "3654": "C",
      "3655": ",",
      "3656": "M",
      "3657": "A",
      "3658": "A",
      "3659": "M",
      "3660": ",",
      "3661": "I",
      "3662": "A",
      "3663": "A",
      "3664": "I",
      "3665": "J",
      "3666": ",",
      "3667": "M",
      "3668": "A",
      "3669": "A",
      "3670": "M",
      "3671": "C",
      "3672": ",",
      "3673": "O",
      "3674": "A",
      "3675": "A",
      "3676": "O",
      "3677": "I",
      "3678": ",",
      "3679": "O",
      "3680": "A",
      "3681": "A",
      "3682": "O",
      "3683": ",",
      "3684": "E",
      "3685": "A",
      "3686": "A",
      "3687": "I",
      "3688": ",",
      "3689": "W",
      "3690": "A",
      "3691": "C",
      "3692": "p",
      "3693": "C",
      "3694": ",",
      "3695": "C",
      "3696": "A",
      "3697": "E",
      "3698": "A",
      "3699": ",",
      "3700": "O",
      "3701": "A",
      "3702": "A",
      "3703": "O",
      "3704": "J",
      "3705": ",",
      "3706": "O",
      "3707": "A",
      "3708": "A",
      "3709": "O",
      "3710": "G",
      "3711": ",",
      "3712": "I",
      "3713": "A",
      "3714": "A",
      "3715": "I",
      "3716": ",",
      "3717": "A",
      "3718": "A",
      "3719": "C",
      "3720": "p",
      "3721": "B",
      "3722": "\"",
      "3723": "}"
    },
[...]
      "14093": ",",
      "14094": "G",
      "14095": "A",
      "14096": "G",
      "14097": "O",
      "14098": ",",
      "14099": "M",
      "14100": "A",
      "14101": "A",
      "14102": "M",
      "14103": "t",
      "14104": "B",
      "14105": ",",
      "14106": "k",
      "14107": "B",
      "14108": "A",
      "14109": "A",
      "14110": "o",
      "14111": "B",
      "14112": "o",
      "14113": "B",
      "14114": ",",
      "14115": "G",
      "14116": "A",
      "14117": "A",
      "14118": "A",
      "14119": "A",
      "14120": ",",
      "14121": "a",
      "14122": "A",
      "14123": "A",
      "14124": "I",
      "14125": ",",
      "14126": "E",
      "14127": "A",
      "14128": "A",
      "14129": "C",
      "14130": ",",
      "14131": "M",
      "14132": "A",
      "14133": "A",
      "14134": "O",
      "14135": "C",
      "14136": ",",
      "14137": "M",
      "14138": "A",
      "14139": "C",
      "14140": "3",
      "14141": "C",
      "14142": ",",
      "14143": "M",
      "14144": "A",
      "14145": "A",
      "14146": "M",
      "14147": "C",
      "14148": ",",
      "14149": "O",
      "14150": "A",
      "14151": "A",
      "14152": "S",
      "14153": "D",
      "14154": ",",
      "14155": "I",
      "14156": "A",
      "14157": "A",
      "14158": "I",
      "14159": "P",
      "14160": ",",
      "14161": "Y",
      "14162": "A",
      "14163": "C",
      "14164": "n",
      "14165": "B",
      "14166": ",",
      "14167": "G",
      "14168": "A",
      "14169": "A",
      "14170": "I",
      "14171": ",",
      "14172": "C",
      "14173": "A",
      "14174": "A",
      "14175": "C",
      "14176": "Q",
      "14177": ",",
      "14178": "O",
      "14179": "A",
      "14180": "A",
      "14181": "Q",
      "14182": ",",
      "14183": "O",
      "14184": "A",
      "14185": "A",
      "14186": "O",
      "14187": ",",
      "14188": "K",
      "14189": "A",
      "14190": "E",
      "14191": "p",
      "14192": "B",
      "14193": ",",
      "14194": "O",
      "14195": "A",
      "14196": "A",
      "14197": "O",
      "14198": ",",
      "14199": "G",
      "14200": "A",
      "14201": "A",
      "14202": "I",
      "14203": "+",
      "14204": "C",
      "14205": ",",
      "14206": "C",
      "14207": "A",
      "14208": "A",
      "14209": "A",
      "14210": "A",
      "14211": ",",
      "14212": "S",
      "14213": "A",
      "14214": "A",
      "14215": "O",
      "14216": ",",
      "14217": "U",
      "14218": "A",
      "14219": "A",
      "14220": "C",
      "14221": ",",
      "14222": "C",
      "14223": "A",
      "14224": "A",
      "14225": "C",
      "14226": "7",
      "14227": "C",
      "14228": ",",
      "14229": "w",
      "14230": "B",
      "14231": "A",
      "14232": "A",
      "14233": "S",
      "14234": ",",
      "14235": "C",
      "14236": "A",
      "14237": "A",
      "14238": "C",
      "14239": "m",
      "14240": "D",
      "14241": ",",
      "14242": "K",
      "14243": "A",
      "14244": "A",
      "14245": "K",
      "14246": ",",
      "14247": "C",
      "14248": "A",
      "14249": "A",
      "14250": "m",
      "14251": "B",
      "14252": "C",
      "14253": ",",
      "14254": "q",
      "14255": "B",
      "14256": "A",
      "14257": "A",
      "14258": "S",
      "14259": ",",
      "14260": "C",
      "14261": "A",
      "14262": "A",
      "14263": "C",
      "14264": "J",
      "14265": ",",
      "14266": "G",
      "14267": "A",
      "14268": "A",
      "14269": "G",
      "14270": ",",
      "14271": "C",
      "14272": "A",
      "14273": "A",
      "14274": "E",
      "14275": "l",
      "14276": "D",
      "14277": ",",
      "14278": "O",
      "14279": "A",
      "14280": "C",
      "14281": "v",
      "14282": "E",
      "14283": ",",
      "14284": "G",
      "14285": "A",
      "14286": "G",
      "14287": "O",
      "14288": ",",
      "14289": "M",
      "14290": "A",
      "14291": "A",
      "14292": "M",
      "14293": "X",
      "14294": ",",
      "14295": "u",
      "14296": "B",
      "14297": "A",
      "14298": "A",
      "14299": "y",
      "14300": "B",
      "14301": "S",
      "14302": ",",
      "14303": "G",
      "14304": "A",
      "14305": "A",
      "14306": "A",
      "14307": "A",
      "14308": ",",
      "14309": "a",
      "14310": "A",
      "14311": "A",
      "14312": "I",
      "14313": ",",
      "14314": "E",
      "14315": "A",
      "14316": "A",
      "14317": "C",
      "14318": ",",
      "14319": "K",
      "14320": "A",
      "14321": "A",
      "14322": "M",
      "14323": ",",
      "14324": "M",
      "14325": "A",
      "14326": "A",
      "14327": "O",
      "14328": "C",
      "14329": ",",
      "14330": "I",
      "14331": "A",
      "14332": "A",
      "14333": "K",
      "14334": "U",
      "14335": ",",
      "14336": "O",
      "14337": "A",
      "14338": "C",
      "14339": "3",
      "14340": "D",
      "14341": ",",
      "14342": "M",
      "14343": "A",
      "14344": "A",
      "14345": "M",
      "14346": "8",
      "14347": "C",
      "14348": ",",
      "14349": "a",
      "14350": "A",
      "14351": "A",
      "14352": "e",
      "14353": ",",
      "14354": "M",
      "14355": "A",
      "14356": "A",
      "14357": "M",
      "14358": "x",
      "14359": "D",
      "14360": ",",
      "14361": "I",
      "14362": "A",
      "14363": "A",
      "14364": "I",
      "14365": "J",
      "14366": ",",
      "14367": "k",
      "14368": "B",
      "14369": "A",
      "14370": "C",
      "14371": "/",
      "14372": "B",
      "14373": ",",
      "14374": "M",
      "14375": "A",
      "14376": "A",
      "14377": "M",
      "14378": "w",
      "14379": "C",
      "14380": ",",
      "14381": "Q",
      "14382": "A",
      "14383": "A",
      "14384": "U",
      "14385": "p",
      "14386": "C",
      "14387": ",",
      "14388": "I",
      "14389": "A",
      "14390": "A",
      "14391": "I",
      "14392": "n",
      "14393": "B",
      "14394": ",",
      "14395": "a",
      "14396": "A",
      "14397": "C",
      "14398": "p",
      "14399": "B",
      "14400": ",",
      "14401": "G",
      "14402": "A",
      "14403": "A",
      "14404": "I",
      "14405": ",",
      "14406": "C",
      "14407": "A",
      "14408": "A",
      "14409": "C",
      "14410": "2",
      "14411": "E",
      "14412": ",",
      "14413": "c",
      "14414": "A",
      "14415": "A",
      "14416": "g",
      "14417": "B",
      "14418": ",",
      "14419": "C",
      "14420": "A",
      "14421": "A",
      "14422": "C",
      "14423": "p",
      "14424": "B",
      "14425": ",",
      "14426": "Q",
      "14427": "A",
      "14428": "A",
      "14429": "S",
      "14430": ",",
      "14431": "C",
      "14432": "A",
      "14433": "C",
      "14434": "7",
      "14435": "B",
      "14436": ",",
      "14437": "M",
      "14438": "A",
      "14439": "C",
      "14440": "F",
      "14441": ",",
      "14442": "C",
      "14443": "A",
      "14444": "E",
      "14445": "A",
      "14446": ",",
      "14447": "G",
      "14448": "A",
      "14449": "A",
      "14450": "I",
      "14451": ",",
      "14452": "C",
      "14453": "A",
      "14454": "C",
      "14455": "F",
      "14456": ",",
      "14457": "M",
      "14458": "A",
      "14459": "A",
      "14460": "M",
      "14461": "b",
      "14462": ",",
      "14463": "Q",
      "14464": "A",
      "14465": "A",
      "14466": "U",
      "14467": ",",
      "14468": "M",
      "14469": "A",
      "14470": "A",
      "14471": "M",
      "14472": "i",
      "14473": "C",
      "14474": ",",
      "14475": "a",
      "14476": "A",
      "14477": "A",
      "14478": "a",
      "14479": "l",
      "14480": "B",
      "14481": ",",
      "14482": "S",
      "14483": "A",
      "14484": "A",
      "14485": "S",
      "14486": ",",
      "14487": "C",
      "14488": "A",
      "14489": "A",
      "14490": "C",
      "14491": "F",
      "14492": ",",
      "14493": "S",
      "14494": "A",
      "14495": "C",
      "14496": "7",
      "14497": "C",
      "14498": ",",
      "14499": "M",
      "14500": "A",
      "14501": "A",
      "14502": "M",
      "14503": "X",
      "14504": ",",
      "14505": "a",
      "14506": "A",
      "14507": "A",
      "14508": "e",
      "14509": ",",
      "14510": "A",
      "14511": "A",
      "14512": "A",
      "14513": "C",
      "14514": "C",
      "14515": ",",
      "14516": "C",
      "14517": "A",
      "14518": "A",
      "14519": "A",
      "14520": "A",
      "14521": ",",
      "14522": "O",
      "14523": "A",
      "14524": "A",
      "14525": "O",
      "14526": "H",
      "14527": ",",
      "14528": "S",
      "14529": "A",
      "14530": "A",
      "14531": "W",
      "14532": ",",
      "14533": "I",
      "14534": "A",
      "14535": "A",
      "14536": "G",
      "14537": ",",
      "14538": "E",
      "14539": "A",
      "14540": "A",
      "14541": "G",
      "14542": "I",
      "14543": ",",
      "14544": "O",
      "14545": "A",
      "14546": "A",
      "14547": "O",
      "14548": ",",
      "14549": "C",
      "14550": "A",
      "14551": "A",
      "14552": "C",
      "14553": ",",
      "14554": "G",
      "14555": "A",
      "14556": "C",
      "14557": "t",
      "14558": "D",
      "14559": "j",
      "14560": "B",
      "14561": ",",
      "14562": "I",
      "14563": "A",
      "14564": "A",
      "14565": "I",
      "14566": "f",
      "14567": ",",
      "14568": "g",
      "14569": "B",
      "14570": "A",
      "14571": "A",
      "14572": "i",
      "14573": "B",
      "14574": "8",
      "14575": "B",
      "14576": ",",
      "14577": "c",
      "14578": "A",
      "14579": "C",
      "14580": "r",
      "14581": "B",
      "14582": "Z",
      "14583": ",",
      "14584": "Q",
      "14585": "A",
      "14586": "A",
      "14587": "Q",
      "14588": "C",
      "14589": ",",
      "14590": "G",
      "14591": "A",
      "14592": "A",
      "14593": "G",
      "14594": ",",
      "14595": "C",
      "14596": "A",
      "14597": "A",
      "14598": "C",
      "14599": ",",
      "14600": "c",
      "14601": "A",
      "14602": "A",
      "14603": "e",
      "14604": "W",
      "14605": ",",
      "14606": "a",
      "14607": "A",
      "14608": "C",
      "14609": "7",
      "14610": "B",
      "14611": ",",
      "14612": "C",
      "14613": "A",
      "14614": "A",
      "14615": "E",
      "14616": ",",
      "14617": "K",
      "14618": "A",
      "14619": "A",
      "14620": "M",
      "14621": ",",
      "14622": "C",
      "14623": "A",
      "14624": "C",
      "14625": "N",
      "14626": "Z",
      "14627": ",",
      "14628": "Q",
      "14629": "A",
      "14630": "A",
      "14631": "Q",
      "14632": "o",
      "14633": "B",
      "14634": ",",
      "14635": "K",
      "14636": "A",
      "14637": "A",
      "14638": "K",
      "14639": ",",
      "14640": "C",
      "14641": "A",
      "14642": "A",
      "14643": "C",
      "14644": ",",
      "14645": "g",
      "14646": "B",
      "14647": "A",
      "14648": "C",
      "14649": "h",
      "14650": "B",
      "14651": ",",
      "14652": "C",
      "14653": "A",
      "14654": "C",
      "14655": "F",
      "14656": ",",
      "14657": "G",
      "14658": "A",
      "14659": "G",
      "14660": "O",
      "14661": ",",
      "14662": "M",
      "14663": "A",
      "14664": "A",
      "14665": "M",
      "14666": "5",
      "14667": "C",
      "14668": ",",
      "14669": "w",
      "14670": "B",
      "14671": "A",
      "14672": "A",
      "14673": "0",
      "14674": "B",
      "14675": "U",
      "14676": ",",
      "14677": "G",
      "14678": "A",
      "14679": "A",
      "14680": "A",
      "14681": "A",
      "14682": ",",
      "14683": "a",
      "14684": "A",
      "14685": "A",
      "14686": "I",
      "14687": ",",
      "14688": "E",
      "14689": "A",
      "14690": "A",
      "14691": "C",
      "14692": ",",
      "14693": "K",
      "14694": "A",
      "14695": "A",
      "14696": "M",
      "14697": ",",
      "14698": "M",
      "14699": "A",
      "14700": "A",
      "14701": "O",
      "14702": "C",
      "14703": ",",
      "14704": "I",
      "14705": "A",
      "14706": "A",
      "14707": "K",
      "14708": "U",
      "14709": ",",
      "14710": "O",
      "14711": "A",
      "14712": "C",
      "14713": "5",
      "14714": "D",
      "14715": ",",
      "14716": "M",
      "14717": "A",
      "14718": "A",
      "14719": "M",
      "14720": "+",
      "14721": "C",
      "14722": ",",
      "14723": "c",
      "14724": "A",
      "14725": "A",
      "14726": "g",
      "14727": "B",
      "14728": ",",
      "14729": "M",
      "14730": "A",
      "14731": "A",
      "14732": "M",
      "14733": "z",
      "14734": "D",
      "14735": ",",
      "14736": "I",
      "14737": "A",
      "14738": "A",
      "14739": "I",
      "14740": "r",
      "14741": "B",
      "14742": ",",
      "14743": "m",
      "14744": "B",
      "14745": "A",
      "14746": "C",
      "14747": "h",
      "14748": "C",
      "14749": ",",
      "14750": "M",
      "14751": "A",
      "14752": "A",
      "14753": "M",
      "14754": "y",
      "14755": "D",
      "14756": ",",
      "14757": "Q",
      "14758": "A",
      "14759": "A",
      "14760": "U",
      "14761": "p",
      "14762": "C",
      "14763": ",",
      "14764": "I",
      "14765": "A",
      "14766": "A",
      "14767": "I",
      "14768": "n",
      "14769": "B",
      "14770": ",",
      "14771": "a",
      "14772": "A",
      "14773": "E",
      "14774": "p",
      "14775": "B",
      "14776": ",",
      "14777": "G",
      "14778": "A",
      "14779": "A",
      "14780": "I",
      "14781": ",",
      "14782": "C",
      "14783": "A",
      "14784": "A",
      "14785": "C",
      "14786": "4",
      "14787": "E",
      "14788": ",",
      "14789": "e",
      "14790": "A",
      "14791": "A",
      "14792": "i",
      "14793": "B",
      "14794": ",",
      "14795": "C",
      "14796": "A",
      "14797": "A",
      "14798": "C",
      "14799": "r",
      "14800": "B",
      "14801": ",",
      "14802": "Q",
      "14803": "A",
      "14804": "A",
      "14805": "S",
      "14806": ",",
      "14807": "C",
      "14808": "A",
      "14809": "C",
      "14810": "9",
      "14811": "B",
      "14812": ",",
      "14813": "M",
      "14814": "A",
      "14815": "C",
      "14816": "F",
      "14817": ",",
      "14818": "C",
      "14819": "A",
      "14820": "E",
      "14821": "A",
      "14822": ",",
      "14823": "G",
      "14824": "A",
      "14825": "A",
      "14826": "I",
      "14827": ",",
      "14828": "C",
      "14829": "A",
      "14830": "C",
      "14831": "F",
      "14832": ",",
      "14833": "M",
      "14834": "A",
      "14835": "A",
      "14836": "M",
      "14837": "b",
      "14838": ",",
      "14839": "Q",
      "14840": "A",
      "14841": "A",
      "14842": "U",
      "14843": ",",
      "14844": "M",
      "14845": "A",
      "14846": "A",
      "14847": "M",
      "14848": "k",
      "14849": "C",
      "14850": ",",
      "14851": "c",
      "14852": "A",
      "14853": "A",
      "14854": "c",
      "14855": "n",
      "14856": "B",
      "14857": ",",
      "14858": "S",
      "14859": "A",
      "14860": "A",
      "14861": "S",
      "14862": ",",
      "14863": "C",
      "14864": "A",
      "14865": "A",
      "14866": "C",
      "14867": "F",
      "14868": ",",
      "14869": "S",
      "14870": "A",
      "14871": "C",
      "14872": "9",
      "14873": "C",
      "14874": ",",
      "14875": "M",
      "14876": "A",
      "14877": "A",
      "14878": "M",
      "14879": "X",
      "14880": ",",
      "14881": "a",
      "14882": "A",
      "14883": "A",
      "14884": "e",
      "14885": ",",
      "14886": "A",
      "14887": "A",
      "14888": "A",
      "14889": "C",
      "14890": "C",
      "14891": ",",
      "14892": "C",
      "14893": "A",
      "14894": "A",
      "14895": "A",
      "14896": "A",
      "14897": ",",
      "14898": "O",
      "14899": "A",
      "14900": "A",
      "14901": "O",
      "14902": "H",
      "14903": ",",
      "14904": "S",
      "14905": "A",
      "14906": "A",
      "14907": "W",
      "14908": ",",
      "14909": "I",
      "14910": "A",
      "14911": "A",
      "14912": "G",
      "14913": ",",
      "14914": "E",
      "14915": "A",
      "14916": "A",
      "14917": "G",
      "14918": "I",
      "14919": ",",
      "14920": "O",
      "14921": "A",
      "14922": "A",
      "14923": "O",
      "14924": ",",
      "14925": "C",
      "14926": "A",
      "14927": "A",
      "14928": "C",
      "14929": ",",
      "14930": "G",
      "14931": "A",
      "14932": "C",
      "14933": "t",
      "14934": "D",
      "14935": "j",
      "14936": "B",
      "14937": ",",
      "14938": "I",
      "14939": "A",
      "14940": "A",
      "14941": "I",
      "14942": "h",
      "14943": "C",
      "14944": ",",
      "14945": "i",
      "14946": "B",
      "14947": "A",
      "14948": "A",
      "14949": "k",
      "14950": "B",
      "14951": "+",
      "14952": "C",
      "14953": ",",
      "14954": "c",
      "14955": "A",
      "14956": "C",
      "14957": "t",
      "14958": "B",
      "14959": "Z",
      "14960": ",",
      "14961": "Q",
      "14962": "A",
      "14963": "A",
      "14964": "Q",
      "14965": "C",
      "14966": ",",
      "14967": "G",
      "14968": "A",
      "14969": "A",
      "14970": "G",
      "14971": ",",
      "14972": "C",
      "14973": "A",
      "14974": "A",
      "14975": "C",
      "14976": ",",
      "14977": "e",
      "14978": "A",
      "14979": "A",
      "14980": "g",
      "14981": "B",
      "14982": "W",
      "14983": ",",
      "14984": "a",
      "14985": "A",
      "14986": "C",
      "14987": "9",
      "14988": "B",
      "14989": ",",
      "14990": "C",
      "14991": "A",
      "14992": "A",
      "14993": "E",
      "14994": ",",
      "14995": "M",
      "14996": "A",
      "14997": "A",
      "14998": "O",
      "14999": "Q",
      "15000": ",",
      "15001": "M",
      "15002": "A",
      "15003": "A",
      "15004": "O",
      "15005": ",",
      "15006": "C",
      "15007": "A",
      "15008": "C",
      "15009": "d",
      "15010": "p",
      "15011": "B",
      "15012": ",",
      "15013": "Q",
      "15014": "A",
      "15015": "A",
      "15016": "Q",
      "15017": "o",
      "15018": "B",
      "15019": ",",
      "15020": "K",
      "15021": "A",
      "15022": "A",
      "15023": "K",
      "15024": ",",
      "15025": "C",
      "15026": "A",
      "15027": "A",
      "15028": "C",
      "15029": ",",
      "15030": "i",
      "15031": "B",
      "15032": "A",
      "15033": "A",
      "15034": "k",
      "15035": "B",
      "15036": "A",
      "15037": ",",
      "15038": "M",
      "15039": "A",
      "15040": "C",
      "15041": "l",
      "15042": "C",
      "15043": ",",
      "15044": "C",
      "15045": "A",
      "15046": "C",
      "15047": "F",
      "15048": ",",
      "15049": "G",
      "15050": "A",
      "15051": "G",
      "15052": "O",
      "15053": ",",
      "15054": "M",
      "15055": "A",
      "15056": "A",
      "15057": "M",
      "15058": "9",
      "15059": "C",
      "15060": ",",
      "15061": "g",
      "15062": "B",
      "15063": "A",
      "15064": "A",
      "15065": "k",
      "15066": "B",
      "15067": "Y",
      "15068": ",",
      "15069": "G",
      "15070": "A",
      "15071": "A",
      "15072": "A",
      "15073": "A",
      "15074": ",",
      "15075": "a",
      "15076": "A",
      "15077": "A",
      "15078": "I",
      "15079": ",",
      "15080": "E",
      "15081": "A",
      "15082": "A",
      "15083": "c",
      "15084": "\"",
      "15085": "}"
    },
    "_coverageSchema": "1a1c01bbd47fc00a2c39e90264f33305004495a9",
    "hash": "ee6985eb74e532b8e7285a1f8dd4d35cbc295a8e"
  }
}
