TN:
SF:src/services/userApi.ts
FN:1,_export
FN:1,(anonymous_1)
FN:1,(anonymous_2)
FN:1,(anonymous_3)
FN:1,walletLogin
FN:1,getUserById
FN:1,updateUser
FNF:7
FNH:7
FNDA:1,_export
FNDA:3,(anonymous_1)
FNDA:5,(anonymous_2)
FNDA:4,(anonymous_3)
FNDA:4,walletLogin
FNDA:3,getUserById
FNDA:5,updateUser
DA:1,5
LF:1
LH:1
BRDA:1,0,0,1
BRDA:1,0,1,0
BRDA:1,1,0,1
BRDA:1,1,1,3
BRDA:1,2,0,2
BRDA:1,2,1,1
BRDA:1,3,0,3
BRDA:1,3,1,2
BRDA:1,4,0,2
BRDA:1,4,1,1
BRDA:1,5,0,1
BRDA:1,5,1,1
BRDA:1,6,0,0
BRDA:1,6,1,1
BRDA:1,7,0,1
BRDA:1,7,1,1
BRDA:1,8,0,0
BRDA:1,8,1,0
BRDA:1,9,0,2
BRDA:1,9,1,3
BRDA:1,10,0,1
BRDA:1,10,1,2
BRDA:1,11,0,3
BRDA:1,11,1,2
BRDA:1,12,0,1
BRDA:1,12,1,0
BRF:26
BRH:21
end_of_record
TN:
SF:src/stores/web3Atoms.ts
FN:1,_export
FN:1,(anonymous_1)
FN:1,(anonymous_2)
FN:1,(anonymous_3)
FN:1,(anonymous_4)
FN:1,(anonymous_5)
FN:1,(anonymous_6)
FN:1,(anonymous_7)
FN:1,(anonymous_8)
FN:1,(anonymous_9)
FN:1,(anonymous_10)
FN:1,(anonymous_11)
FN:1,(anonymous_12)
FN:1,(anonymous_13)
FN:1,(anonymous_14)
FN:1,(anonymous_15)
FN:1,(anonymous_16)
FN:1,(anonymous_17)
FN:1,(anonymous_18)
FN:1,(anonymous_19)
FN:1,(anonymous_20)
FN:1,(anonymous_21)
FN:1,_interop_require_default
FN:1,(anonymous_23)
FN:1,_ethers
FN:1,(anonymous_25)
FN:1,_jotai
FN:1,(anonymous_27)
FN:1,_AAVEPooljson
FN:1,(anonymous_29)
FN:1,_ATokenjson
FN:1,(anonymous_31)
FN:1,_addressesjson
FN:1,(anonymous_33)
FN:1,_WETHjson
FN:1,(anonymous_35)
FN:1,_userApi
FN:1,(anonymous_37)
FN:1,_types
FN:1,(anonymous_39)
FN:1,(anonymous_40)
FN:1,(anonymous_41)
FN:1,(anonymous_42)
FN:1,(anonymous_43)
FN:1,(anonymous_44)
FN:1,(anonymous_45)
FN:1,(anonymous_46)
FN:1,(anonymous_47)
FN:1,(anonymous_48)
FN:1,(anonymous_49)
FN:1,(anonymous_50)
FN:1,(anonymous_51)
FN:1,(anonymous_52)
FNF:53
FNH:9
FNDA:1,_export
FNDA:0,(anonymous_1)
FNDA:0,(anonymous_2)
FNDA:0,(anonymous_3)
FNDA:15,(anonymous_4)
FNDA:0,(anonymous_5)
FNDA:15,(anonymous_6)
FNDA:0,(anonymous_7)
FNDA:0,(anonymous_8)
FNDA:15,(anonymous_9)
FNDA:15,(anonymous_10)
FNDA:0,(anonymous_11)
FNDA:0,(anonymous_12)
FNDA:0,(anonymous_13)
FNDA:0,(anonymous_14)
FNDA:0,(anonymous_15)
FNDA:15,(anonymous_16)
FNDA:0,(anonymous_17)
FNDA:0,(anonymous_18)
FNDA:0,(anonymous_19)
FNDA:0,(anonymous_20)
FNDA:15,(anonymous_21)
FNDA:0,_interop_require_default
FNDA:0,(anonymous_23)
FNDA:0,_ethers
FNDA:0,(anonymous_25)
FNDA:1,_jotai
FNDA:20,(anonymous_27)
FNDA:0,_AAVEPooljson
FNDA:0,(anonymous_29)
FNDA:0,_ATokenjson
FNDA:0,(anonymous_31)
FNDA:0,_addressesjson
FNDA:0,(anonymous_33)
FNDA:0,_WETHjson
FNDA:0,(anonymous_35)
FNDA:0,_userApi
FNDA:0,(anonymous_37)
FNDA:0,_types
FNDA:0,(anonymous_39)
FNDA:0,(anonymous_40)
FNDA:0,(anonymous_41)
FNDA:0,(anonymous_42)
FNDA:0,(anonymous_43)
FNDA:0,(anonymous_44)
FNDA:0,(anonymous_45)
FNDA:0,(anonymous_46)
FNDA:0,(anonymous_47)
FNDA:0,(anonymous_48)
FNDA:0,(anonymous_49)
FNDA:0,(anonymous_50)
FNDA:0,(anonymous_51)
FNDA:0,(anonymous_52)
DA:1,21
LF:1
LH:1
BRDA:1,0,0,0
BRDA:1,0,1,0
BRDA:1,1,0,0
BRDA:1,1,1,0
BRDA:1,2,0,0
BRDA:1,2,1,0
BRDA:1,3,0,0
BRDA:1,3,1,0
BRDA:1,4,0,0
BRDA:1,4,1,0
BRDA:1,5,0,0
BRDA:1,5,1,0
BRDA:1,6,0,0
BRDA:1,6,1,0
BRDA:1,7,0,0
BRDA:1,7,1,0
BRDA:1,8,0,0
BRDA:1,8,1,0
BRDA:1,9,0,0
BRDA:1,9,1,0
BRDA:1,10,0,0
BRDA:1,10,1,0
BRDA:1,11,0,0
BRDA:1,11,1,0
BRDA:1,12,0,0
BRDA:1,12,1,0
BRDA:1,12,2,0
BRDA:1,12,3,0
BRDA:1,13,0,0
BRDA:1,13,1,0
BRDA:1,14,0,0
BRDA:1,14,1,0
BRDA:1,15,0,0
BRDA:1,15,1,0
BRDA:1,16,0,0
BRDA:1,16,1,0
BRDA:1,17,0,0
BRDA:1,17,1,0
BRDA:1,18,0,0
BRDA:1,18,1,0
BRDA:1,19,0,0
BRDA:1,19,1,0
BRF:42
BRH:0
end_of_record
