{
  "numFailedTestSuites": 0,
  "numFailedTests": 0,
  "numPassedTestSuites": 1,
  "numPassedTests": 1,
  "numPendingTestSuites": 0,
  "numPendingTests": 0,
  "numRuntimeErrorTestSuites": 0,
  "numTodoTests": 0,
  "numTotalTestSuites": 1,
  "numTotalTests": 1,
  "openHandles": [],
  "snapshot": {
    "added": 0,
    "didUpdate": false,
    "failure": false,
    "filesAdded": 0,
    "filesRemoved": 0,
    "filesRemovedList": [],
    "filesUnmatched": 0,
    "filesUpdated": 0,
    "matched": 0,
    "total": 0,
    "unchecked": 0,
    "uncheckedKeysByFile": [],
    "unmatched": 0,
    "updated": 0
  },
  "startTime": 1764818647327,
  "success": false,
  "testResults": [
    {
      "leaks": false,
      "numFailingTests": 0,
      "numPassingTests": 1,
      "numPendingTests": 0,
      "numTodoTests": 0,
      "openHandles": [],
      "perfStats": {
        "end": 1764818647451,
        "loadTestEnvironmentEnd": 1764818647389,
        "loadTestEnvironmentStart": 1764818647364,
        "runtime": 61,
        "setupAfterEnvEnd": 1764818647448,
        "setupAfterEnvStart": 1764818647446,
        "setupFilesEnd": 1764818647390,
        "setupFilesStart": 1764818647390,
        "slow": false,
        "start": 1764818647390
      },
      "skipped": false,
      "snapshot": {
        "added": 0,
        "fileDeleted": false,
        "matched": 0,
        "unchecked": 0,
        "uncheckedKeys": [],
        "unmatched": 0,
        "updated": 0
      },
      "testFilePath": "/Users/yuechunyu/Documents/project/newWorld/spa/tests/unit/index.spec.ts",
      "testResults": [
        {
          "ancestorTitles": [
            "综合测试"
          ],
          "duration": 1,
          "failing": false,
          "failureDetails": [],
          "failureMessages": [],
          "fullName": "综合测试 简单测试",
          "invocations": 1,
          "location": null,
          "numPassingAsserts": 1,
          "retryReasons": [],
          "startAt": 1764818647449,
          "status": "passed",
          "title": "简单测试"
        }
      ],
      "failureMessage": null
    }
  ],
  "wasInterrupted": false
}