{
  "numFailedTestSuites": 2,
  "numFailedTests": 35,
  "numPassedTestSuites": 2,
  "numPassedTests": 13,
  "numPendingTestSuites": 0,
  "numPendingTests": 0,
  "numRuntimeErrorTestSuites": 0,
  "numTodoTests": 0,
  "numTotalTestSuites": 4,
  "numTotalTests": 48,
  "openHandles": [],
  "snapshot": {
    "added": 0,
    "didUpdate": false,
    "failure": false,
    "filesAdded": 0,
    "filesRemoved": 0,
    "filesRemovedList": [],
    "filesUnmatched": 0,
    "filesUpdated": 0,
    "matched": 0,
    "total": 0,
    "unchecked": 0,
    "uncheckedKeysByFile": [],
    "unmatched": 0,
    "updated": 0
  },
  "startTime": 1766542691502,
  "success": false,
  "testResults": [
    {
      "leaks": false,
      "numFailingTests": 20,
      "numPassingTests": 0,
      "numPendingTests": 0,
      "numTodoTests": 0,
      "openHandles": [],
      "perfStats": {
        "end": 1766542692054,
        "loadTestEnvironmentEnd": 1766542691822,
        "loadTestEnvironmentStart": 1766542691550,
        "runtime": 231,
        "setupAfterEnvEnd": 1766542691970,
        "setupAfterEnvStart": 1766542691884,
        "setupFilesEnd": 1766542691823,
        "setupFilesStart": 1766542691823,
        "slow": false,
        "start": 1766542691823
      },
      "skipped": false,
      "snapshot": {
        "added": 0,
        "fileDeleted": false,
        "matched": 0,
        "unchecked": 0,
        "uncheckedKeys": [],
        "unmatched": 0,
        "updated": 0
      },
      "testFilePath": "/Users/yuechunyu/Documents/project/newWorld/spa/tests/unit/web3Atoms.spec.ts",
      "testResults": [
        {
          "ancestorTitles": ["web3Atoms 测试套件", "基础 atoms"],
          "duration": 18,
          "failing": false,
          "failureDetails": [
            {
              "code": "MODULE_NOT_FOUND",
              "hint": "",
              "siblingWithSimilarExtensionFound": false,
              "moduleName": "@swc/helpers/_/_interop_require_wildcard",
              "_originalMessage": "Cannot find module '@swc/helpers/_/_interop_require_wildcard' from 'tests/unit/web3Atoms.spec.ts'"
            }
          ],
          "failureMessages": [
            "Error: Cannot find module '@swc/helpers/_/_interop_require_wildcard' from 'tests/unit/web3Atoms.spec.ts'\n    at Resolver._throwModNotFoundError (/Users/yuechunyu/Documents/project/newWorld/spa/node_modules/jest-resolve/build/index.js:863:11)\n    at Resolver.resolveModule (/Users/yuechunyu/Documents/project/newWorld/spa/node_modules/jest-resolve/build/index.js:810:10)\n    at Resolver._getVirtualMockPath (/Users/yuechunyu/Documents/project/newWorld/spa/node_modules/jest-resolve/build/index.js:1004:84)\n    at Resolver._getAbsolutePath (/Users/yuechunyu/Documents/project/newWorld/spa/node_modules/jest-resolve/build/index.js:984:98)\n    at Resolver.getModuleID (/Users/yuechunyu/Documents/project/newWorld/spa/node_modules/jest-resolve/build/index.js:949:31)\n    at Runtime._shouldMockCjs (/Users/yuechunyu/Documents/project/newWorld/spa/node_modules/jest-runtime/build/index.js:1486:37)\n    at Runtime.requireModuleOrMock (/Users/yuechunyu/Documents/project/newWorld/spa/node_modules/jest-runtime/build/index.js:961:16)\n    at _interop_require_wildcard (/Users/yuechunyu/Documents/project/newWorld/spa/tests/unit/web3Atoms.spec.ts:51:1)\n    at _userApi (/Users/yuechunyu/Documents/project/newWorld/spa/tests/unit/web3Atoms.spec.ts:16:8)\n    at Object.Promise (/Users/yuechunyu/Documents/project/newWorld/spa/tests/unit/web3Atoms.spec.ts:83:16)\n    at Promise.finally.completed (/Users/yuechunyu/Documents/project/newWorld/spa/node_modules/jest-circus/build/jestAdapterInit.js:1557:28)\n    at new Promise (<anonymous>)\n    at callAsyncCircusFn (/Users/yuechunyu/Documents/project/newWorld/spa/node_modules/jest-circus/build/jestAdapterInit.js:1497:10)\n    at _callCircusHook (/Users/yuechunyu/Documents/project/newWorld/spa/node_modules/jest-circus/build/jestAdapterInit.js:976:40)\n    at processTicksAndRejections (node:internal/process/task_queues:105:5)\n    at _runTest (/Users/yuechunyu/Documents/project/newWorld/spa/node_modules/jest-circus/build/jestAdapterInit.js:941:5)\n    at /Users/yuechunyu/Documents/project/newWorld/spa/node_modules/jest-circus/build/jestAdapterInit.js:849:7\n    at _runTestsForDescribeBlock (/Users/yuechunyu/Documents/project/newWorld/spa/node_modules/jest-circus/build/jestAdapterInit.js:862:11)\n    at _runTestsForDescribeBlock (/Users/yuechunyu/Documents/project/newWorld/spa/node_modules/jest-circus/build/jestAdapterInit.js:857:11)\n    at _runTestsForDescribeBlock (/Users/yuechunyu/Documents/project/newWorld/spa/node_modules/jest-circus/build/jestAdapterInit.js:857:11)\n    at run (/Users/yuechunyu/Documents/project/newWorld/spa/node_modules/jest-circus/build/jestAdapterInit.js:761:3)\n    at runAndTransformResultsToJestFormat (/Users/yuechunyu/Documents/project/newWorld/spa/node_modules/jest-circus/build/jestAdapterInit.js:1918:21)\n    at jestAdapter (/Users/yuechunyu/Documents/project/newWorld/spa/node_modules/jest-circus/build/runner.js:101:19)\n    at runTestInternal (/Users/yuechunyu/Documents/project/newWorld/spa/node_modules/jest-runner/build/index.js:275:16)\n    at runTest (/Users/yuechunyu/Documents/project/newWorld/spa/node_modules/jest-runner/build/index.js:343:7)"
          ],
          "fullName": "web3Atoms 测试套件 基础 atoms signerAtom 初始值应该为 null",
          "invocations": 1,
          "location": null,
          "numPassingAsserts": 0,
          "retryReasons": [],
          "startAt": 1766542691976,
          "status": "failed",
          "title": "signerAtom 初始值应该为 null"
        },
        {
          "ancestorTitles": ["web3Atoms 测试套件", "基础 atoms"],
          "duration": 1,
          "failing": false,
          "failureDetails": [
            {
              "code": "MODULE_NOT_FOUND",
              "hint": "",
              "siblingWithSimilarExtensionFound": false,
              "moduleName": "@swc/helpers/_/_interop_require_wildcard",
              "_originalMessage": "Cannot find module '@swc/helpers/_/_interop_require_wildcard' from 'tests/unit/web3Atoms.spec.ts'"
            }
          ],
          "failureMessages": [
            "Error: Cannot find module '@swc/helpers/_/_interop_require_wildcard' from 'tests/unit/web3Atoms.spec.ts'\n    at Resolver._throwModNotFoundError (/Users/yuechunyu/Documents/project/newWorld/spa/node_modules/jest-resolve/build/index.js:863:11)\n    at Resolver.resolveModule (/Users/yuechunyu/Documents/project/newWorld/spa/node_modules/jest-resolve/build/index.js:810:10)\n    at Resolver._getVirtualMockPath (/Users/yuechunyu/Documents/project/newWorld/spa/node_modules/jest-resolve/build/index.js:1004:84)\n    at Resolver._getAbsolutePath (/Users/yuechunyu/Documents/project/newWorld/spa/node_modules/jest-resolve/build/index.js:984:98)\n    at Resolver.getModuleID (/Users/yuechunyu/Documents/project/newWorld/spa/node_modules/jest-resolve/build/index.js:949:31)\n    at Runtime._shouldMockCjs (/Users/yuechunyu/Documents/project/newWorld/spa/node_modules/jest-runtime/build/index.js:1486:37)\n    at Runtime.requireModuleOrMock (/Users/yuechunyu/Documents/project/newWorld/spa/node_modules/jest-runtime/build/index.js:961:16)\n    at _interop_require_wildcard (/Users/yuechunyu/Documents/project/newWorld/spa/tests/unit/web3Atoms.spec.ts:51:1)\n    at _userApi (/Users/yuechunyu/Documents/project/newWorld/spa/tests/unit/web3Atoms.spec.ts:16:8)\n    at Object.Promise (/Users/yuechunyu/Documents/project/newWorld/spa/tests/unit/web3Atoms.spec.ts:83:16)\n    at Promise.finally.completed (/Users/yuechunyu/Documents/project/newWorld/spa/node_modules/jest-circus/build/jestAdapterInit.js:1557:28)\n    at new Promise (<anonymous>)\n    at callAsyncCircusFn (/Users/yuechunyu/Documents/project/newWorld/spa/node_modules/jest-circus/build/jestAdapterInit.js:1497:10)\n    at _callCircusHook (/Users/yuechunyu/Documents/project/newWorld/spa/node_modules/jest-circus/build/jestAdapterInit.js:976:40)\n    at processTicksAndRejections (node:internal/process/task_queues:105:5)\n    at _runTest (/Users/yuechunyu/Documents/project/newWorld/spa/node_modules/jest-circus/build/jestAdapterInit.js:941:5)\n    at /Users/yuechunyu/Documents/project/newWorld/spa/node_modules/jest-circus/build/jestAdapterInit.js:849:7\n    at _runTestsForDescribeBlock (/Users/yuechunyu/Documents/project/newWorld/spa/node_modules/jest-circus/build/jestAdapterInit.js:862:11)\n    at _runTestsForDescribeBlock (/Users/yuechunyu/Documents/project/newWorld/spa/node_modules/jest-circus/build/jestAdapterInit.js:857:11)\n    at _runTestsForDescribeBlock (/Users/yuechunyu/Documents/project/newWorld/spa/node_modules/jest-circus/build/jestAdapterInit.js:857:11)\n    at run (/Users/yuechunyu/Documents/project/newWorld/spa/node_modules/jest-circus/build/jestAdapterInit.js:761:3)\n    at runAndTransformResultsToJestFormat (/Users/yuechunyu/Documents/project/newWorld/spa/node_modules/jest-circus/build/jestAdapterInit.js:1918:21)\n    at jestAdapter (/Users/yuechunyu/Documents/project/newWorld/spa/node_modules/jest-circus/build/runner.js:101:19)\n    at runTestInternal (/Users/yuechunyu/Documents/project/newWorld/spa/node_modules/jest-runner/build/index.js:275:16)\n    at runTest (/Users/yuechunyu/Documents/project/newWorld/spa/node_modules/jest-runner/build/index.js:343:7)"
          ],
          "fullName": "web3Atoms 测试套件 基础 atoms accountAtom 初始值应该为 null",
          "invocations": 1,
          "location": null,
          "numPassingAsserts": 0,
          "retryReasons": [],
          "startAt": 1766542691999,
          "status": "failed",
          "title": "accountAtom 初始值应该为 null"
        },
        {
          "ancestorTitles": ["web3Atoms 测试套件", "基础 atoms"],
          "duration": 1,
          "failing": false,
          "failureDetails": [
            {
              "code": "MODULE_NOT_FOUND",
              "hint": "",
              "siblingWithSimilarExtensionFound": false,
              "moduleName": "@swc/helpers/_/_interop_require_wildcard",
              "_originalMessage": "Cannot find module '@swc/helpers/_/_interop_require_wildcard' from 'tests/unit/web3Atoms.spec.ts'"
            }
          ],
          "failureMessages": [
            "Error: Cannot find module '@swc/helpers/_/_interop_require_wildcard' from 'tests/unit/web3Atoms.spec.ts'\n    at Resolver._throwModNotFoundError (/Users/yuechunyu/Documents/project/newWorld/spa/node_modules/jest-resolve/build/index.js:863:11)\n    at Resolver.resolveModule (/Users/yuechunyu/Documents/project/newWorld/spa/node_modules/jest-resolve/build/index.js:810:10)\n    at Resolver._getVirtualMockPath (/Users/yuechunyu/Documents/project/newWorld/spa/node_modules/jest-resolve/build/index.js:1004:84)\n    at Resolver._getAbsolutePath (/Users/yuechunyu/Documents/project/newWorld/spa/node_modules/jest-resolve/build/index.js:984:98)\n    at Resolver.getModuleID (/Users/yuechunyu/Documents/project/newWorld/spa/node_modules/jest-resolve/build/index.js:949:31)\n    at Runtime._shouldMockCjs (/Users/yuechunyu/Documents/project/newWorld/spa/node_modules/jest-runtime/build/index.js:1486:37)\n    at Runtime.requireModuleOrMock (/Users/yuechunyu/Documents/project/newWorld/spa/node_modules/jest-runtime/build/index.js:961:16)\n    at _interop_require_wildcard (/Users/yuechunyu/Documents/project/newWorld/spa/tests/unit/web3Atoms.spec.ts:51:1)\n    at _userApi (/Users/yuechunyu/Documents/project/newWorld/spa/tests/unit/web3Atoms.spec.ts:16:8)\n    at Object.Promise (/Users/yuechunyu/Documents/project/newWorld/spa/tests/unit/web3Atoms.spec.ts:83:16)\n    at Promise.finally.completed (/Users/yuechunyu/Documents/project/newWorld/spa/node_modules/jest-circus/build/jestAdapterInit.js:1557:28)\n    at new Promise (<anonymous>)\n    at callAsyncCircusFn (/Users/yuechunyu/Documents/project/newWorld/spa/node_modules/jest-circus/build/jestAdapterInit.js:1497:10)\n    at _callCircusHook (/Users/yuechunyu/Documents/project/newWorld/spa/node_modules/jest-circus/build/jestAdapterInit.js:976:40)\n    at processTicksAndRejections (node:internal/process/task_queues:105:5)\n    at _runTest (/Users/yuechunyu/Documents/project/newWorld/spa/node_modules/jest-circus/build/jestAdapterInit.js:941:5)\n    at /Users/yuechunyu/Documents/project/newWorld/spa/node_modules/jest-circus/build/jestAdapterInit.js:849:7\n    at _runTestsForDescribeBlock (/Users/yuechunyu/Documents/project/newWorld/spa/node_modules/jest-circus/build/jestAdapterInit.js:862:11)\n    at _runTestsForDescribeBlock (/Users/yuechunyu/Documents/project/newWorld/spa/node_modules/jest-circus/build/jestAdapterInit.js:857:11)\n    at _runTestsForDescribeBlock (/Users/yuechunyu/Documents/project/newWorld/spa/node_modules/jest-circus/build/jestAdapterInit.js:857:11)\n    at run (/Users/yuechunyu/Documents/project/newWorld/spa/node_modules/jest-circus/build/jestAdapterInit.js:761:3)\n    at runAndTransformResultsToJestFormat (/Users/yuechunyu/Documents/project/newWorld/spa/node_modules/jest-circus/build/jestAdapterInit.js:1918:21)\n    at jestAdapter (/Users/yuechunyu/Documents/project/newWorld/spa/node_modules/jest-circus/build/runner.js:101:19)\n    at runTestInternal (/Users/yuechunyu/Documents/project/newWorld/spa/node_modules/jest-runner/build/index.js:275:16)\n    at runTest (/Users/yuechunyu/Documents/project/newWorld/spa/node_modules/jest-runner/build/index.js:343:7)"
          ],
          "fullName": "web3Atoms 测试套件 基础 atoms balanceAtom 初始值应该为 null",
          "invocations": 1,
          "location": null,
          "numPassingAsserts": 0,
          "retryReasons": [],
          "startAt": 1766542692001,
          "status": "failed",
          "title": "balanceAtom 初始值应该为 null"
        },
        {
          "ancestorTitles": ["web3Atoms 测试套件", "基础 atoms"],
          "duration": 1,
          "failing": false,
          "failureDetails": [
            {
              "code": "MODULE_NOT_FOUND",
              "hint": "",
              "siblingWithSimilarExtensionFound": false,
              "moduleName": "@swc/helpers/_/_interop_require_wildcard",
              "_originalMessage": "Cannot find module '@swc/helpers/_/_interop_require_wildcard' from 'tests/unit/web3Atoms.spec.ts'"
            }
          ],
          "failureMessages": [
            "Error: Cannot find module '@swc/helpers/_/_interop_require_wildcard' from 'tests/unit/web3Atoms.spec.ts'\n    at Resolver._throwModNotFoundError (/Users/yuechunyu/Documents/project/newWorld/spa/node_modules/jest-resolve/build/index.js:863:11)\n    at Resolver.resolveModule (/Users/yuechunyu/Documents/project/newWorld/spa/node_modules/jest-resolve/build/index.js:810:10)\n    at Resolver._getVirtualMockPath (/Users/yuechunyu/Documents/project/newWorld/spa/node_modules/jest-resolve/build/index.js:1004:84)\n    at Resolver._getAbsolutePath (/Users/yuechunyu/Documents/project/newWorld/spa/node_modules/jest-resolve/build/index.js:984:98)\n    at Resolver.getModuleID (/Users/yuechunyu/Documents/project/newWorld/spa/node_modules/jest-resolve/build/index.js:949:31)\n    at Runtime._shouldMockCjs (/Users/yuechunyu/Documents/project/newWorld/spa/node_modules/jest-runtime/build/index.js:1486:37)\n    at Runtime.requireModuleOrMock (/Users/yuechunyu/Documents/project/newWorld/spa/node_modules/jest-runtime/build/index.js:961:16)\n    at _interop_require_wildcard (/Users/yuechunyu/Documents/project/newWorld/spa/tests/unit/web3Atoms.spec.ts:51:1)\n    at _userApi (/Users/yuechunyu/Documents/project/newWorld/spa/tests/unit/web3Atoms.spec.ts:16:8)\n    at Object.Promise (/Users/yuechunyu/Documents/project/newWorld/spa/tests/unit/web3Atoms.spec.ts:83:16)\n    at Promise.finally.completed (/Users/yuechunyu/Documents/project/newWorld/spa/node_modules/jest-circus/build/jestAdapterInit.js:1557:28)\n    at new Promise (<anonymous>)\n    at callAsyncCircusFn (/Users/yuechunyu/Documents/project/newWorld/spa/node_modules/jest-circus/build/jestAdapterInit.js:1497:10)\n    at _callCircusHook (/Users/yuechunyu/Documents/project/newWorld/spa/node_modules/jest-circus/build/jestAdapterInit.js:976:40)\n    at processTicksAndRejections (node:internal/process/task_queues:105:5)\n    at _runTest (/Users/yuechunyu/Documents/project/newWorld/spa/node_modules/jest-circus/build/jestAdapterInit.js:941:5)\n    at /Users/yuechunyu/Documents/project/newWorld/spa/node_modules/jest-circus/build/jestAdapterInit.js:849:7\n    at _runTestsForDescribeBlock (/Users/yuechunyu/Documents/project/newWorld/spa/node_modules/jest-circus/build/jestAdapterInit.js:862:11)\n    at _runTestsForDescribeBlock (/Users/yuechunyu/Documents/project/newWorld/spa/node_modules/jest-circus/build/jestAdapterInit.js:857:11)\n    at _runTestsForDescribeBlock (/Users/yuechunyu/Documents/project/newWorld/spa/node_modules/jest-circus/build/jestAdapterInit.js:857:11)\n    at run (/Users/yuechunyu/Documents/project/newWorld/spa/node_modules/jest-circus/build/jestAdapterInit.js:761:3)\n    at runAndTransformResultsToJestFormat (/Users/yuechunyu/Documents/project/newWorld/spa/node_modules/jest-circus/build/jestAdapterInit.js:1918:21)\n    at jestAdapter (/Users/yuechunyu/Documents/project/newWorld/spa/node_modules/jest-circus/build/runner.js:101:19)\n    at runTestInternal (/Users/yuechunyu/Documents/project/newWorld/spa/node_modules/jest-runner/build/index.js:275:16)\n    at runTest (/Users/yuechunyu/Documents/project/newWorld/spa/node_modules/jest-runner/build/index.js:343:7)"
          ],
          "fullName": "web3Atoms 测试套件 基础 atoms chainIdAtom 初始值应该为 null",
          "invocations": 1,
          "location": null,
          "numPassingAsserts": 0,
          "retryReasons": [],
          "startAt": 1766542692002,
          "status": "failed",
          "title": "chainIdAtom 初始值应该为 null"
        },
        {
          "ancestorTitles": ["web3Atoms 测试套件", "基础 atoms"],
          "duration": 1,
          "failing": false,
          "failureDetails": [
            {
              "code": "MODULE_NOT_FOUND",
              "hint": "",
              "siblingWithSimilarExtensionFound": false,
              "moduleName": "@swc/helpers/_/_interop_require_wildcard",
              "_originalMessage": "Cannot find module '@swc/helpers/_/_interop_require_wildcard' from 'tests/unit/web3Atoms.spec.ts'"
            }
          ],
          "failureMessages": [
            "Error: Cannot find module '@swc/helpers/_/_interop_require_wildcard' from 'tests/unit/web3Atoms.spec.ts'\n    at Resolver._throwModNotFoundError (/Users/yuechunyu/Documents/project/newWorld/spa/node_modules/jest-resolve/build/index.js:863:11)\n    at Resolver.resolveModule (/Users/yuechunyu/Documents/project/newWorld/spa/node_modules/jest-resolve/build/index.js:810:10)\n    at Resolver._getVirtualMockPath (/Users/yuechunyu/Documents/project/newWorld/spa/node_modules/jest-resolve/build/index.js:1004:84)\n    at Resolver._getAbsolutePath (/Users/yuechunyu/Documents/project/newWorld/spa/node_modules/jest-resolve/build/index.js:984:98)\n    at Resolver.getModuleID (/Users/yuechunyu/Documents/project/newWorld/spa/node_modules/jest-resolve/build/index.js:949:31)\n    at Runtime._shouldMockCjs (/Users/yuechunyu/Documents/project/newWorld/spa/node_modules/jest-runtime/build/index.js:1486:37)\n    at Runtime.requireModuleOrMock (/Users/yuechunyu/Documents/project/newWorld/spa/node_modules/jest-runtime/build/index.js:961:16)\n    at _interop_require_wildcard (/Users/yuechunyu/Documents/project/newWorld/spa/tests/unit/web3Atoms.spec.ts:51:1)\n    at _userApi (/Users/yuechunyu/Documents/project/newWorld/spa/tests/unit/web3Atoms.spec.ts:16:8)\n    at Object.Promise (/Users/yuechunyu/Documents/project/newWorld/spa/tests/unit/web3Atoms.spec.ts:83:16)\n    at Promise.finally.completed (/Users/yuechunyu/Documents/project/newWorld/spa/node_modules/jest-circus/build/jestAdapterInit.js:1557:28)\n    at new Promise (<anonymous>)\n    at callAsyncCircusFn (/Users/yuechunyu/Documents/project/newWorld/spa/node_modules/jest-circus/build/jestAdapterInit.js:1497:10)\n    at _callCircusHook (/Users/yuechunyu/Documents/project/newWorld/spa/node_modules/jest-circus/build/jestAdapterInit.js:976:40)\n    at processTicksAndRejections (node:internal/process/task_queues:105:5)\n    at _runTest (/Users/yuechunyu/Documents/project/newWorld/spa/node_modules/jest-circus/build/jestAdapterInit.js:941:5)\n    at /Users/yuechunyu/Documents/project/newWorld/spa/node_modules/jest-circus/build/jestAdapterInit.js:849:7\n    at _runTestsForDescribeBlock (/Users/yuechunyu/Documents/project/newWorld/spa/node_modules/jest-circus/build/jestAdapterInit.js:862:11)\n    at _runTestsForDescribeBlock (/Users/yuechunyu/Documents/project/newWorld/spa/node_modules/jest-circus/build/jestAdapterInit.js:857:11)\n    at _runTestsForDescribeBlock (/Users/yuechunyu/Documents/project/newWorld/spa/node_modules/jest-circus/build/jestAdapterInit.js:857:11)\n    at run (/Users/yuechunyu/Documents/project/newWorld/spa/node_modules/jest-circus/build/jestAdapterInit.js:761:3)\n    at runAndTransformResultsToJestFormat (/Users/yuechunyu/Documents/project/newWorld/spa/node_modules/jest-circus/build/jestAdapterInit.js:1918:21)\n    at jestAdapter (/Users/yuechunyu/Documents/project/newWorld/spa/node_modules/jest-circus/build/runner.js:101:19)\n    at runTestInternal (/Users/yuechunyu/Documents/project/newWorld/spa/node_modules/jest-runner/build/index.js:275:16)\n    at runTest (/Users/yuechunyu/Documents/project/newWorld/spa/node_modules/jest-runner/build/index.js:343:7)"
          ],
          "fullName": "web3Atoms 测试套件 基础 atoms currentUserAtom 初始值应该为 null",
          "invocations": 1,
          "location": null,
          "numPassingAsserts": 0,
          "retryReasons": [],
          "startAt": 1766542692003,
          "status": "failed",
          "title": "currentUserAtom 初始值应该为 null"
        },
        {
          "ancestorTitles": ["web3Atoms 测试套件", "connectWalletAtom"],
          "duration": 1,
          "failing": false,
          "failureDetails": [
            {
              "code": "MODULE_NOT_FOUND",
              "hint": "",
              "siblingWithSimilarExtensionFound": false,
              "moduleName": "@swc/helpers/_/_interop_require_wildcard",
              "_originalMessage": "Cannot find module '@swc/helpers/_/_interop_require_wildcard' from 'tests/unit/web3Atoms.spec.ts'"
            }
          ],
          "failureMessages": [
            "Error: Cannot find module '@swc/helpers/_/_interop_require_wildcard' from 'tests/unit/web3Atoms.spec.ts'\n    at Resolver._throwModNotFoundError (/Users/yuechunyu/Documents/project/newWorld/spa/node_modules/jest-resolve/build/index.js:863:11)\n    at Resolver.resolveModule (/Users/yuechunyu/Documents/project/newWorld/spa/node_modules/jest-resolve/build/index.js:810:10)\n    at Resolver._getVirtualMockPath (/Users/yuechunyu/Documents/project/newWorld/spa/node_modules/jest-resolve/build/index.js:1004:84)\n    at Resolver._getAbsolutePath (/Users/yuechunyu/Documents/project/newWorld/spa/node_modules/jest-resolve/build/index.js:984:98)\n    at Resolver.getModuleID (/Users/yuechunyu/Documents/project/newWorld/spa/node_modules/jest-resolve/build/index.js:949:31)\n    at Runtime._shouldMockCjs (/Users/yuechunyu/Documents/project/newWorld/spa/node_modules/jest-runtime/build/index.js:1486:37)\n    at Runtime.requireModuleOrMock (/Users/yuechunyu/Documents/project/newWorld/spa/node_modules/jest-runtime/build/index.js:961:16)\n    at _interop_require_wildcard (/Users/yuechunyu/Documents/project/newWorld/spa/tests/unit/web3Atoms.spec.ts:51:1)\n    at _userApi (/Users/yuechunyu/Documents/project/newWorld/spa/tests/unit/web3Atoms.spec.ts:16:8)\n    at Object.Promise (/Users/yuechunyu/Documents/project/newWorld/spa/tests/unit/web3Atoms.spec.ts:83:16)\n    at Promise.finally.completed (/Users/yuechunyu/Documents/project/newWorld/spa/node_modules/jest-circus/build/jestAdapterInit.js:1557:28)\n    at new Promise (<anonymous>)\n    at callAsyncCircusFn (/Users/yuechunyu/Documents/project/newWorld/spa/node_modules/jest-circus/build/jestAdapterInit.js:1497:10)\n    at _callCircusHook (/Users/yuechunyu/Documents/project/newWorld/spa/node_modules/jest-circus/build/jestAdapterInit.js:976:40)\n    at processTicksAndRejections (node:internal/process/task_queues:105:5)\n    at _runTest (/Users/yuechunyu/Documents/project/newWorld/spa/node_modules/jest-circus/build/jestAdapterInit.js:941:5)\n    at /Users/yuechunyu/Documents/project/newWorld/spa/node_modules/jest-circus/build/jestAdapterInit.js:849:7\n    at _runTestsForDescribeBlock (/Users/yuechunyu/Documents/project/newWorld/spa/node_modules/jest-circus/build/jestAdapterInit.js:862:11)\n    at _runTestsForDescribeBlock (/Users/yuechunyu/Documents/project/newWorld/spa/node_modules/jest-circus/build/jestAdapterInit.js:857:11)\n    at _runTestsForDescribeBlock (/Users/yuechunyu/Documents/project/newWorld/spa/node_modules/jest-circus/build/jestAdapterInit.js:857:11)\n    at run (/Users/yuechunyu/Documents/project/newWorld/spa/node_modules/jest-circus/build/jestAdapterInit.js:761:3)\n    at runAndTransformResultsToJestFormat (/Users/yuechunyu/Documents/project/newWorld/spa/node_modules/jest-circus/build/jestAdapterInit.js:1918:21)\n    at jestAdapter (/Users/yuechunyu/Documents/project/newWorld/spa/node_modules/jest-circus/build/runner.js:101:19)\n    at runTestInternal (/Users/yuechunyu/Documents/project/newWorld/spa/node_modules/jest-runner/build/index.js:275:16)\n    at runTest (/Users/yuechunyu/Documents/project/newWorld/spa/node_modules/jest-runner/build/index.js:343:7)"
          ],
          "fullName": "web3Atoms 测试套件 connectWalletAtom 应该成功连接钱包并设置所有状态",
          "invocations": 1,
          "location": null,
          "numPassingAsserts": 0,
          "retryReasons": [],
          "startAt": 1766542692004,
          "status": "failed",
          "title": "应该成功连接钱包并设置所有状态"
        },
        {
          "ancestorTitles": ["web3Atoms 测试套件", "connectWalletAtom"],
          "duration": 1,
          "failing": false,
          "failureDetails": [
            {
              "code": "MODULE_NOT_FOUND",
              "hint": "",
              "siblingWithSimilarExtensionFound": false,
              "moduleName": "@swc/helpers/_/_interop_require_wildcard",
              "_originalMessage": "Cannot find module '@swc/helpers/_/_interop_require_wildcard' from 'tests/unit/web3Atoms.spec.ts'"
            }
          ],
          "failureMessages": [
            "Error: Cannot find module '@swc/helpers/_/_interop_require_wildcard' from 'tests/unit/web3Atoms.spec.ts'\n    at Resolver._throwModNotFoundError (/Users/yuechunyu/Documents/project/newWorld/spa/node_modules/jest-resolve/build/index.js:863:11)\n    at Resolver.resolveModule (/Users/yuechunyu/Documents/project/newWorld/spa/node_modules/jest-resolve/build/index.js:810:10)\n    at Resolver._getVirtualMockPath (/Users/yuechunyu/Documents/project/newWorld/spa/node_modules/jest-resolve/build/index.js:1004:84)\n    at Resolver._getAbsolutePath (/Users/yuechunyu/Documents/project/newWorld/spa/node_modules/jest-resolve/build/index.js:984:98)\n    at Resolver.getModuleID (/Users/yuechunyu/Documents/project/newWorld/spa/node_modules/jest-resolve/build/index.js:949:31)\n    at Runtime._shouldMockCjs (/Users/yuechunyu/Documents/project/newWorld/spa/node_modules/jest-runtime/build/index.js:1486:37)\n    at Runtime.requireModuleOrMock (/Users/yuechunyu/Documents/project/newWorld/spa/node_modules/jest-runtime/build/index.js:961:16)\n    at _interop_require_wildcard (/Users/yuechunyu/Documents/project/newWorld/spa/tests/unit/web3Atoms.spec.ts:51:1)\n    at _userApi (/Users/yuechunyu/Documents/project/newWorld/spa/tests/unit/web3Atoms.spec.ts:16:8)\n    at Object.Promise (/Users/yuechunyu/Documents/project/newWorld/spa/tests/unit/web3Atoms.spec.ts:83:16)\n    at Promise.finally.completed (/Users/yuechunyu/Documents/project/newWorld/spa/node_modules/jest-circus/build/jestAdapterInit.js:1557:28)\n    at new Promise (<anonymous>)\n    at callAsyncCircusFn (/Users/yuechunyu/Documents/project/newWorld/spa/node_modules/jest-circus/build/jestAdapterInit.js:1497:10)\n    at _callCircusHook (/Users/yuechunyu/Documents/project/newWorld/spa/node_modules/jest-circus/build/jestAdapterInit.js:976:40)\n    at processTicksAndRejections (node:internal/process/task_queues:105:5)\n    at _runTest (/Users/yuechunyu/Documents/project/newWorld/spa/node_modules/jest-circus/build/jestAdapterInit.js:941:5)\n    at /Users/yuechunyu/Documents/project/newWorld/spa/node_modules/jest-circus/build/jestAdapterInit.js:849:7\n    at _runTestsForDescribeBlock (/Users/yuechunyu/Documents/project/newWorld/spa/node_modules/jest-circus/build/jestAdapterInit.js:862:11)\n    at _runTestsForDescribeBlock (/Users/yuechunyu/Documents/project/newWorld/spa/node_modules/jest-circus/build/jestAdapterInit.js:857:11)\n    at _runTestsForDescribeBlock (/Users/yuechunyu/Documents/project/newWorld/spa/node_modules/jest-circus/build/jestAdapterInit.js:857:11)\n    at run (/Users/yuechunyu/Documents/project/newWorld/spa/node_modules/jest-circus/build/jestAdapterInit.js:761:3)\n    at runAndTransformResultsToJestFormat (/Users/yuechunyu/Documents/project/newWorld/spa/node_modules/jest-circus/build/jestAdapterInit.js:1918:21)\n    at jestAdapter (/Users/yuechunyu/Documents/project/newWorld/spa/node_modules/jest-circus/build/runner.js:101:19)\n    at runTestInternal (/Users/yuechunyu/Documents/project/newWorld/spa/node_modules/jest-runner/build/index.js:275:16)\n    at runTest (/Users/yuechunyu/Documents/project/newWorld/spa/node_modules/jest-runner/build/index.js:343:7)"
          ],
          "fullName": "web3Atoms 测试套件 connectWalletAtom 应该在连接后自动调用 walletLogin",
          "invocations": 1,
          "location": null,
          "numPassingAsserts": 0,
          "retryReasons": [],
          "startAt": 1766542692005,
          "status": "failed",
          "title": "应该在连接后自动调用 walletLogin"
        },
        {
          "ancestorTitles": ["web3Atoms 测试套件", "connectWalletAtom"],
          "duration": 0,
          "failing": false,
          "failureDetails": [
            {
              "code": "MODULE_NOT_FOUND",
              "hint": "",
              "siblingWithSimilarExtensionFound": false,
              "moduleName": "@swc/helpers/_/_interop_require_wildcard",
              "_originalMessage": "Cannot find module '@swc/helpers/_/_interop_require_wildcard' from 'tests/unit/web3Atoms.spec.ts'"
            }
          ],
          "failureMessages": [
            "Error: Cannot find module '@swc/helpers/_/_interop_require_wildcard' from 'tests/unit/web3Atoms.spec.ts'\n    at Resolver._throwModNotFoundError (/Users/yuechunyu/Documents/project/newWorld/spa/node_modules/jest-resolve/build/index.js:863:11)\n    at Resolver.resolveModule (/Users/yuechunyu/Documents/project/newWorld/spa/node_modules/jest-resolve/build/index.js:810:10)\n    at Resolver._getVirtualMockPath (/Users/yuechunyu/Documents/project/newWorld/spa/node_modules/jest-resolve/build/index.js:1004:84)\n    at Resolver._getAbsolutePath (/Users/yuechunyu/Documents/project/newWorld/spa/node_modules/jest-resolve/build/index.js:984:98)\n    at Resolver.getModuleID (/Users/yuechunyu/Documents/project/newWorld/spa/node_modules/jest-resolve/build/index.js:949:31)\n    at Runtime._shouldMockCjs (/Users/yuechunyu/Documents/project/newWorld/spa/node_modules/jest-runtime/build/index.js:1486:37)\n    at Runtime.requireModuleOrMock (/Users/yuechunyu/Documents/project/newWorld/spa/node_modules/jest-runtime/build/index.js:961:16)\n    at _interop_require_wildcard (/Users/yuechunyu/Documents/project/newWorld/spa/tests/unit/web3Atoms.spec.ts:51:1)\n    at _userApi (/Users/yuechunyu/Documents/project/newWorld/spa/tests/unit/web3Atoms.spec.ts:16:8)\n    at Object.Promise (/Users/yuechunyu/Documents/project/newWorld/spa/tests/unit/web3Atoms.spec.ts:83:16)\n    at Promise.finally.completed (/Users/yuechunyu/Documents/project/newWorld/spa/node_modules/jest-circus/build/jestAdapterInit.js:1557:28)\n    at new Promise (<anonymous>)\n    at callAsyncCircusFn (/Users/yuechunyu/Documents/project/newWorld/spa/node_modules/jest-circus/build/jestAdapterInit.js:1497:10)\n    at _callCircusHook (/Users/yuechunyu/Documents/project/newWorld/spa/node_modules/jest-circus/build/jestAdapterInit.js:976:40)\n    at processTicksAndRejections (node:internal/process/task_queues:105:5)\n    at _runTest (/Users/yuechunyu/Documents/project/newWorld/spa/node_modules/jest-circus/build/jestAdapterInit.js:941:5)\n    at /Users/yuechunyu/Documents/project/newWorld/spa/node_modules/jest-circus/build/jestAdapterInit.js:849:7\n    at _runTestsForDescribeBlock (/Users/yuechunyu/Documents/project/newWorld/spa/node_modules/jest-circus/build/jestAdapterInit.js:862:11)\n    at _runTestsForDescribeBlock (/Users/yuechunyu/Documents/project/newWorld/spa/node_modules/jest-circus/build/jestAdapterInit.js:857:11)\n    at _runTestsForDescribeBlock (/Users/yuechunyu/Documents/project/newWorld/spa/node_modules/jest-circus/build/jestAdapterInit.js:857:11)\n    at run (/Users/yuechunyu/Documents/project/newWorld/spa/node_modules/jest-circus/build/jestAdapterInit.js:761:3)\n    at runAndTransformResultsToJestFormat (/Users/yuechunyu/Documents/project/newWorld/spa/node_modules/jest-circus/build/jestAdapterInit.js:1918:21)\n    at jestAdapter (/Users/yuechunyu/Documents/project/newWorld/spa/node_modules/jest-circus/build/runner.js:101:19)\n    at runTestInternal (/Users/yuechunyu/Documents/project/newWorld/spa/node_modules/jest-runner/build/index.js:275:16)\n    at runTest (/Users/yuechunyu/Documents/project/newWorld/spa/node_modules/jest-runner/build/index.js:343:7)"
          ],
          "fullName": "web3Atoms 测试套件 connectWalletAtom 应该在没有 MetaMask 时抛出错误",
          "invocations": 1,
          "location": null,
          "numPassingAsserts": 0,
          "retryReasons": [],
          "startAt": 1766542692006,
          "status": "failed",
          "title": "应该在没有 MetaMask 时抛出错误"
        },
        {
          "ancestorTitles": ["web3Atoms 测试套件", "connectWalletAtom"],
          "duration": 1,
          "failing": false,
          "failureDetails": [
            {
              "code": "MODULE_NOT_FOUND",
              "hint": "",
              "siblingWithSimilarExtensionFound": false,
              "moduleName": "@swc/helpers/_/_interop_require_wildcard",
              "_originalMessage": "Cannot find module '@swc/helpers/_/_interop_require_wildcard' from 'tests/unit/web3Atoms.spec.ts'"
            }
          ],
          "failureMessages": [
            "Error: Cannot find module '@swc/helpers/_/_interop_require_wildcard' from 'tests/unit/web3Atoms.spec.ts'\n    at Resolver._throwModNotFoundError (/Users/yuechunyu/Documents/project/newWorld/spa/node_modules/jest-resolve/build/index.js:863:11)\n    at Resolver.resolveModule (/Users/yuechunyu/Documents/project/newWorld/spa/node_modules/jest-resolve/build/index.js:810:10)\n    at Resolver._getVirtualMockPath (/Users/yuechunyu/Documents/project/newWorld/spa/node_modules/jest-resolve/build/index.js:1004:84)\n    at Resolver._getAbsolutePath (/Users/yuechunyu/Documents/project/newWorld/spa/node_modules/jest-resolve/build/index.js:984:98)\n    at Resolver.getModuleID (/Users/yuechunyu/Documents/project/newWorld/spa/node_modules/jest-resolve/build/index.js:949:31)\n    at Runtime._shouldMockCjs (/Users/yuechunyu/Documents/project/newWorld/spa/node_modules/jest-runtime/build/index.js:1486:37)\n    at Runtime.requireModuleOrMock (/Users/yuechunyu/Documents/project/newWorld/spa/node_modules/jest-runtime/build/index.js:961:16)\n    at _interop_require_wildcard (/Users/yuechunyu/Documents/project/newWorld/spa/tests/unit/web3Atoms.spec.ts:51:1)\n    at _userApi (/Users/yuechunyu/Documents/project/newWorld/spa/tests/unit/web3Atoms.spec.ts:16:8)\n    at Object.Promise (/Users/yuechunyu/Documents/project/newWorld/spa/tests/unit/web3Atoms.spec.ts:83:16)\n    at Promise.finally.completed (/Users/yuechunyu/Documents/project/newWorld/spa/node_modules/jest-circus/build/jestAdapterInit.js:1557:28)\n    at new Promise (<anonymous>)\n    at callAsyncCircusFn (/Users/yuechunyu/Documents/project/newWorld/spa/node_modules/jest-circus/build/jestAdapterInit.js:1497:10)\n    at _callCircusHook (/Users/yuechunyu/Documents/project/newWorld/spa/node_modules/jest-circus/build/jestAdapterInit.js:976:40)\n    at processTicksAndRejections (node:internal/process/task_queues:105:5)\n    at _runTest (/Users/yuechunyu/Documents/project/newWorld/spa/node_modules/jest-circus/build/jestAdapterInit.js:941:5)\n    at /Users/yuechunyu/Documents/project/newWorld/spa/node_modules/jest-circus/build/jestAdapterInit.js:849:7\n    at _runTestsForDescribeBlock (/Users/yuechunyu/Documents/project/newWorld/spa/node_modules/jest-circus/build/jestAdapterInit.js:862:11)\n    at _runTestsForDescribeBlock (/Users/yuechunyu/Documents/project/newWorld/spa/node_modules/jest-circus/build/jestAdapterInit.js:857:11)\n    at _runTestsForDescribeBlock (/Users/yuechunyu/Documents/project/newWorld/spa/node_modules/jest-circus/build/jestAdapterInit.js:857:11)\n    at run (/Users/yuechunyu/Documents/project/newWorld/spa/node_modules/jest-circus/build/jestAdapterInit.js:761:3)\n    at runAndTransformResultsToJestFormat (/Users/yuechunyu/Documents/project/newWorld/spa/node_modules/jest-circus/build/jestAdapterInit.js:1918:21)\n    at jestAdapter (/Users/yuechunyu/Documents/project/newWorld/spa/node_modules/jest-circus/build/runner.js:101:19)\n    at runTestInternal (/Users/yuechunyu/Documents/project/newWorld/spa/node_modules/jest-runner/build/index.js:275:16)\n    at runTest (/Users/yuechunyu/Documents/project/newWorld/spa/node_modules/jest-runner/build/index.js:343:7)"
          ],
          "fullName": "web3Atoms 测试套件 connectWalletAtom 应该在 walletLogin 失败时仍然完成钱包连接",
          "invocations": 1,
          "location": null,
          "numPassingAsserts": 0,
          "retryReasons": [],
          "startAt": 1766542692007,
          "status": "failed",
          "title": "应该在 walletLogin 失败时仍然完成钱包连接"
        },
        {
          "ancestorTitles": ["web3Atoms 测试套件", "autoConnectWalletAtom"],
          "duration": 0,
          "failing": false,
          "failureDetails": [
            {
              "code": "MODULE_NOT_FOUND",
              "hint": "",
              "siblingWithSimilarExtensionFound": false,
              "moduleName": "@swc/helpers/_/_interop_require_wildcard",
              "_originalMessage": "Cannot find module '@swc/helpers/_/_interop_require_wildcard' from 'tests/unit/web3Atoms.spec.ts'"
            }
          ],
          "failureMessages": [
            "Error: Cannot find module '@swc/helpers/_/_interop_require_wildcard' from 'tests/unit/web3Atoms.spec.ts'\n    at Resolver._throwModNotFoundError (/Users/yuechunyu/Documents/project/newWorld/spa/node_modules/jest-resolve/build/index.js:863:11)\n    at Resolver.resolveModule (/Users/yuechunyu/Documents/project/newWorld/spa/node_modules/jest-resolve/build/index.js:810:10)\n    at Resolver._getVirtualMockPath (/Users/yuechunyu/Documents/project/newWorld/spa/node_modules/jest-resolve/build/index.js:1004:84)\n    at Resolver._getAbsolutePath (/Users/yuechunyu/Documents/project/newWorld/spa/node_modules/jest-resolve/build/index.js:984:98)\n    at Resolver.getModuleID (/Users/yuechunyu/Documents/project/newWorld/spa/node_modules/jest-resolve/build/index.js:949:31)\n    at Runtime._shouldMockCjs (/Users/yuechunyu/Documents/project/newWorld/spa/node_modules/jest-runtime/build/index.js:1486:37)\n    at Runtime.requireModuleOrMock (/Users/yuechunyu/Documents/project/newWorld/spa/node_modules/jest-runtime/build/index.js:961:16)\n    at _interop_require_wildcard (/Users/yuechunyu/Documents/project/newWorld/spa/tests/unit/web3Atoms.spec.ts:51:1)\n    at _userApi (/Users/yuechunyu/Documents/project/newWorld/spa/tests/unit/web3Atoms.spec.ts:16:8)\n    at Object.Promise (/Users/yuechunyu/Documents/project/newWorld/spa/tests/unit/web3Atoms.spec.ts:83:16)\n    at Promise.finally.completed (/Users/yuechunyu/Documents/project/newWorld/spa/node_modules/jest-circus/build/jestAdapterInit.js:1557:28)\n    at new Promise (<anonymous>)\n    at callAsyncCircusFn (/Users/yuechunyu/Documents/project/newWorld/spa/node_modules/jest-circus/build/jestAdapterInit.js:1497:10)\n    at _callCircusHook (/Users/yuechunyu/Documents/project/newWorld/spa/node_modules/jest-circus/build/jestAdapterInit.js:976:40)\n    at processTicksAndRejections (node:internal/process/task_queues:105:5)\n    at _runTest (/Users/yuechunyu/Documents/project/newWorld/spa/node_modules/jest-circus/build/jestAdapterInit.js:941:5)\n    at /Users/yuechunyu/Documents/project/newWorld/spa/node_modules/jest-circus/build/jestAdapterInit.js:849:7\n    at _runTestsForDescribeBlock (/Users/yuechunyu/Documents/project/newWorld/spa/node_modules/jest-circus/build/jestAdapterInit.js:862:11)\n    at _runTestsForDescribeBlock (/Users/yuechunyu/Documents/project/newWorld/spa/node_modules/jest-circus/build/jestAdapterInit.js:857:11)\n    at _runTestsForDescribeBlock (/Users/yuechunyu/Documents/project/newWorld/spa/node_modules/jest-circus/build/jestAdapterInit.js:857:11)\n    at run (/Users/yuechunyu/Documents/project/newWorld/spa/node_modules/jest-circus/build/jestAdapterInit.js:761:3)\n    at runAndTransformResultsToJestFormat (/Users/yuechunyu/Documents/project/newWorld/spa/node_modules/jest-circus/build/jestAdapterInit.js:1918:21)\n    at jestAdapter (/Users/yuechunyu/Documents/project/newWorld/spa/node_modules/jest-circus/build/runner.js:101:19)\n    at runTestInternal (/Users/yuechunyu/Documents/project/newWorld/spa/node_modules/jest-runner/build/index.js:275:16)\n    at runTest (/Users/yuechunyu/Documents/project/newWorld/spa/node_modules/jest-runner/build/index.js:343:7)"
          ],
          "fullName": "web3Atoms 测试套件 autoConnectWalletAtom 应该在已授权时自动连接",
          "invocations": 1,
          "location": null,
          "numPassingAsserts": 0,
          "retryReasons": [],
          "startAt": 1766542692009,
          "status": "failed",
          "title": "应该在已授权时自动连接"
        },
        {
          "ancestorTitles": ["web3Atoms 测试套件", "autoConnectWalletAtom"],
          "duration": 0,
          "failing": false,
          "failureDetails": [
            {
              "code": "MODULE_NOT_FOUND",
              "hint": "",
              "siblingWithSimilarExtensionFound": false,
              "moduleName": "@swc/helpers/_/_interop_require_wildcard",
              "_originalMessage": "Cannot find module '@swc/helpers/_/_interop_require_wildcard' from 'tests/unit/web3Atoms.spec.ts'"
            }
          ],
          "failureMessages": [
            "Error: Cannot find module '@swc/helpers/_/_interop_require_wildcard' from 'tests/unit/web3Atoms.spec.ts'\n    at Resolver._throwModNotFoundError (/Users/yuechunyu/Documents/project/newWorld/spa/node_modules/jest-resolve/build/index.js:863:11)\n    at Resolver.resolveModule (/Users/yuechunyu/Documents/project/newWorld/spa/node_modules/jest-resolve/build/index.js:810:10)\n    at Resolver._getVirtualMockPath (/Users/yuechunyu/Documents/project/newWorld/spa/node_modules/jest-resolve/build/index.js:1004:84)\n    at Resolver._getAbsolutePath (/Users/yuechunyu/Documents/project/newWorld/spa/node_modules/jest-resolve/build/index.js:984:98)\n    at Resolver.getModuleID (/Users/yuechunyu/Documents/project/newWorld/spa/node_modules/jest-resolve/build/index.js:949:31)\n    at Runtime._shouldMockCjs (/Users/yuechunyu/Documents/project/newWorld/spa/node_modules/jest-runtime/build/index.js:1486:37)\n    at Runtime.requireModuleOrMock (/Users/yuechunyu/Documents/project/newWorld/spa/node_modules/jest-runtime/build/index.js:961:16)\n    at _interop_require_wildcard (/Users/yuechunyu/Documents/project/newWorld/spa/tests/unit/web3Atoms.spec.ts:51:1)\n    at _userApi (/Users/yuechunyu/Documents/project/newWorld/spa/tests/unit/web3Atoms.spec.ts:16:8)\n    at Object.Promise (/Users/yuechunyu/Documents/project/newWorld/spa/tests/unit/web3Atoms.spec.ts:83:16)\n    at Promise.finally.completed (/Users/yuechunyu/Documents/project/newWorld/spa/node_modules/jest-circus/build/jestAdapterInit.js:1557:28)\n    at new Promise (<anonymous>)\n    at callAsyncCircusFn (/Users/yuechunyu/Documents/project/newWorld/spa/node_modules/jest-circus/build/jestAdapterInit.js:1497:10)\n    at _callCircusHook (/Users/yuechunyu/Documents/project/newWorld/spa/node_modules/jest-circus/build/jestAdapterInit.js:976:40)\n    at processTicksAndRejections (node:internal/process/task_queues:105:5)\n    at _runTest (/Users/yuechunyu/Documents/project/newWorld/spa/node_modules/jest-circus/build/jestAdapterInit.js:941:5)\n    at /Users/yuechunyu/Documents/project/newWorld/spa/node_modules/jest-circus/build/jestAdapterInit.js:849:7\n    at _runTestsForDescribeBlock (/Users/yuechunyu/Documents/project/newWorld/spa/node_modules/jest-circus/build/jestAdapterInit.js:862:11)\n    at _runTestsForDescribeBlock (/Users/yuechunyu/Documents/project/newWorld/spa/node_modules/jest-circus/build/jestAdapterInit.js:857:11)\n    at _runTestsForDescribeBlock (/Users/yuechunyu/Documents/project/newWorld/spa/node_modules/jest-circus/build/jestAdapterInit.js:857:11)\n    at run (/Users/yuechunyu/Documents/project/newWorld/spa/node_modules/jest-circus/build/jestAdapterInit.js:761:3)\n    at runAndTransformResultsToJestFormat (/Users/yuechunyu/Documents/project/newWorld/spa/node_modules/jest-circus/build/jestAdapterInit.js:1918:21)\n    at jestAdapter (/Users/yuechunyu/Documents/project/newWorld/spa/node_modules/jest-circus/build/runner.js:101:19)\n    at runTestInternal (/Users/yuechunyu/Documents/project/newWorld/spa/node_modules/jest-runner/build/index.js:275:16)\n    at runTest (/Users/yuechunyu/Documents/project/newWorld/spa/node_modules/jest-runner/build/index.js:343:7)"
          ],
          "fullName": "web3Atoms 测试套件 autoConnectWalletAtom 应该在未授权时不连接",
          "invocations": 1,
          "location": null,
          "numPassingAsserts": 0,
          "retryReasons": [],
          "startAt": 1766542692010,
          "status": "failed",
          "title": "应该在未授权时不连接"
        },
        {
          "ancestorTitles": ["web3Atoms 测试套件", "autoConnectWalletAtom"],
          "duration": 0,
          "failing": false,
          "failureDetails": [
            {
              "code": "MODULE_NOT_FOUND",
              "hint": "",
              "siblingWithSimilarExtensionFound": false,
              "moduleName": "@swc/helpers/_/_interop_require_wildcard",
              "_originalMessage": "Cannot find module '@swc/helpers/_/_interop_require_wildcard' from 'tests/unit/web3Atoms.spec.ts'"
            }
          ],
          "failureMessages": [
            "Error: Cannot find module '@swc/helpers/_/_interop_require_wildcard' from 'tests/unit/web3Atoms.spec.ts'\n    at Resolver._throwModNotFoundError (/Users/yuechunyu/Documents/project/newWorld/spa/node_modules/jest-resolve/build/index.js:863:11)\n    at Resolver.resolveModule (/Users/yuechunyu/Documents/project/newWorld/spa/node_modules/jest-resolve/build/index.js:810:10)\n    at Resolver._getVirtualMockPath (/Users/yuechunyu/Documents/project/newWorld/spa/node_modules/jest-resolve/build/index.js:1004:84)\n    at Resolver._getAbsolutePath (/Users/yuechunyu/Documents/project/newWorld/spa/node_modules/jest-resolve/build/index.js:984:98)\n    at Resolver.getModuleID (/Users/yuechunyu/Documents/project/newWorld/spa/node_modules/jest-resolve/build/index.js:949:31)\n    at Runtime._shouldMockCjs (/Users/yuechunyu/Documents/project/newWorld/spa/node_modules/jest-runtime/build/index.js:1486:37)\n    at Runtime.requireModuleOrMock (/Users/yuechunyu/Documents/project/newWorld/spa/node_modules/jest-runtime/build/index.js:961:16)\n    at _interop_require_wildcard (/Users/yuechunyu/Documents/project/newWorld/spa/tests/unit/web3Atoms.spec.ts:51:1)\n    at _userApi (/Users/yuechunyu/Documents/project/newWorld/spa/tests/unit/web3Atoms.spec.ts:16:8)\n    at Object.Promise (/Users/yuechunyu/Documents/project/newWorld/spa/tests/unit/web3Atoms.spec.ts:83:16)\n    at Promise.finally.completed (/Users/yuechunyu/Documents/project/newWorld/spa/node_modules/jest-circus/build/jestAdapterInit.js:1557:28)\n    at new Promise (<anonymous>)\n    at callAsyncCircusFn (/Users/yuechunyu/Documents/project/newWorld/spa/node_modules/jest-circus/build/jestAdapterInit.js:1497:10)\n    at _callCircusHook (/Users/yuechunyu/Documents/project/newWorld/spa/node_modules/jest-circus/build/jestAdapterInit.js:976:40)\n    at processTicksAndRejections (node:internal/process/task_queues:105:5)\n    at _runTest (/Users/yuechunyu/Documents/project/newWorld/spa/node_modules/jest-circus/build/jestAdapterInit.js:941:5)\n    at /Users/yuechunyu/Documents/project/newWorld/spa/node_modules/jest-circus/build/jestAdapterInit.js:849:7\n    at _runTestsForDescribeBlock (/Users/yuechunyu/Documents/project/newWorld/spa/node_modules/jest-circus/build/jestAdapterInit.js:862:11)\n    at _runTestsForDescribeBlock (/Users/yuechunyu/Documents/project/newWorld/spa/node_modules/jest-circus/build/jestAdapterInit.js:857:11)\n    at _runTestsForDescribeBlock (/Users/yuechunyu/Documents/project/newWorld/spa/node_modules/jest-circus/build/jestAdapterInit.js:857:11)\n    at run (/Users/yuechunyu/Documents/project/newWorld/spa/node_modules/jest-circus/build/jestAdapterInit.js:761:3)\n    at runAndTransformResultsToJestFormat (/Users/yuechunyu/Documents/project/newWorld/spa/node_modules/jest-circus/build/jestAdapterInit.js:1918:21)\n    at jestAdapter (/Users/yuechunyu/Documents/project/newWorld/spa/node_modules/jest-circus/build/runner.js:101:19)\n    at runTestInternal (/Users/yuechunyu/Documents/project/newWorld/spa/node_modules/jest-runner/build/index.js:275:16)\n    at runTest (/Users/yuechunyu/Documents/project/newWorld/spa/node_modules/jest-runner/build/index.js:343:7)"
          ],
          "fullName": "web3Atoms 测试套件 autoConnectWalletAtom 应该在没有 MetaMask 时返回 null",
          "invocations": 1,
          "location": null,
          "numPassingAsserts": 0,
          "retryReasons": [],
          "startAt": 1766542692011,
          "status": "failed",
          "title": "应该在没有 MetaMask 时返回 null"
        },
        {
          "ancestorTitles": ["web3Atoms 测试套件", "派生 atoms"],
          "duration": 1,
          "failing": false,
          "failureDetails": [
            {
              "code": "MODULE_NOT_FOUND",
              "hint": "",
              "siblingWithSimilarExtensionFound": false,
              "moduleName": "@swc/helpers/_/_interop_require_wildcard",
              "_originalMessage": "Cannot find module '@swc/helpers/_/_interop_require_wildcard' from 'tests/unit/web3Atoms.spec.ts'"
            }
          ],
          "failureMessages": [
            "Error: Cannot find module '@swc/helpers/_/_interop_require_wildcard' from 'tests/unit/web3Atoms.spec.ts'\n    at Resolver._throwModNotFoundError (/Users/yuechunyu/Documents/project/newWorld/spa/node_modules/jest-resolve/build/index.js:863:11)\n    at Resolver.resolveModule (/Users/yuechunyu/Documents/project/newWorld/spa/node_modules/jest-resolve/build/index.js:810:10)\n    at Resolver._getVirtualMockPath (/Users/yuechunyu/Documents/project/newWorld/spa/node_modules/jest-resolve/build/index.js:1004:84)\n    at Resolver._getAbsolutePath (/Users/yuechunyu/Documents/project/newWorld/spa/node_modules/jest-resolve/build/index.js:984:98)\n    at Resolver.getModuleID (/Users/yuechunyu/Documents/project/newWorld/spa/node_modules/jest-resolve/build/index.js:949:31)\n    at Runtime._shouldMockCjs (/Users/yuechunyu/Documents/project/newWorld/spa/node_modules/jest-runtime/build/index.js:1486:37)\n    at Runtime.requireModuleOrMock (/Users/yuechunyu/Documents/project/newWorld/spa/node_modules/jest-runtime/build/index.js:961:16)\n    at _interop_require_wildcard (/Users/yuechunyu/Documents/project/newWorld/spa/tests/unit/web3Atoms.spec.ts:51:1)\n    at _userApi (/Users/yuechunyu/Documents/project/newWorld/spa/tests/unit/web3Atoms.spec.ts:16:8)\n    at Object.Promise (/Users/yuechunyu/Documents/project/newWorld/spa/tests/unit/web3Atoms.spec.ts:83:16)\n    at Promise.finally.completed (/Users/yuechunyu/Documents/project/newWorld/spa/node_modules/jest-circus/build/jestAdapterInit.js:1557:28)\n    at new Promise (<anonymous>)\n    at callAsyncCircusFn (/Users/yuechunyu/Documents/project/newWorld/spa/node_modules/jest-circus/build/jestAdapterInit.js:1497:10)\n    at _callCircusHook (/Users/yuechunyu/Documents/project/newWorld/spa/node_modules/jest-circus/build/jestAdapterInit.js:976:40)\n    at processTicksAndRejections (node:internal/process/task_queues:105:5)\n    at _runTest (/Users/yuechunyu/Documents/project/newWorld/spa/node_modules/jest-circus/build/jestAdapterInit.js:941:5)\n    at /Users/yuechunyu/Documents/project/newWorld/spa/node_modules/jest-circus/build/jestAdapterInit.js:849:7\n    at _runTestsForDescribeBlock (/Users/yuechunyu/Documents/project/newWorld/spa/node_modules/jest-circus/build/jestAdapterInit.js:862:11)\n    at _runTestsForDescribeBlock (/Users/yuechunyu/Documents/project/newWorld/spa/node_modules/jest-circus/build/jestAdapterInit.js:857:11)\n    at _runTestsForDescribeBlock (/Users/yuechunyu/Documents/project/newWorld/spa/node_modules/jest-circus/build/jestAdapterInit.js:857:11)\n    at run (/Users/yuechunyu/Documents/project/newWorld/spa/node_modules/jest-circus/build/jestAdapterInit.js:761:3)\n    at runAndTransformResultsToJestFormat (/Users/yuechunyu/Documents/project/newWorld/spa/node_modules/jest-circus/build/jestAdapterInit.js:1918:21)\n    at jestAdapter (/Users/yuechunyu/Documents/project/newWorld/spa/node_modules/jest-circus/build/runner.js:101:19)\n    at runTestInternal (/Users/yuechunyu/Documents/project/newWorld/spa/node_modules/jest-runner/build/index.js:275:16)\n    at runTest (/Users/yuechunyu/Documents/project/newWorld/spa/node_modules/jest-runner/build/index.js:343:7)"
          ],
          "fullName": "web3Atoms 测试套件 派生 atoms contractAtom 应该在有 signer 时返回合约实例",
          "invocations": 1,
          "location": null,
          "numPassingAsserts": 0,
          "retryReasons": [],
          "startAt": 1766542692011,
          "status": "failed",
          "title": "contractAtom 应该在有 signer 时返回合约实例"
        },
        {
          "ancestorTitles": ["web3Atoms 测试套件", "派生 atoms"],
          "duration": 0,
          "failing": false,
          "failureDetails": [
            {
              "code": "MODULE_NOT_FOUND",
              "hint": "",
              "siblingWithSimilarExtensionFound": false,
              "moduleName": "@swc/helpers/_/_interop_require_wildcard",
              "_originalMessage": "Cannot find module '@swc/helpers/_/_interop_require_wildcard' from 'tests/unit/web3Atoms.spec.ts'"
            }
          ],
          "failureMessages": [
            "Error: Cannot find module '@swc/helpers/_/_interop_require_wildcard' from 'tests/unit/web3Atoms.spec.ts'\n    at Resolver._throwModNotFoundError (/Users/yuechunyu/Documents/project/newWorld/spa/node_modules/jest-resolve/build/index.js:863:11)\n    at Resolver.resolveModule (/Users/yuechunyu/Documents/project/newWorld/spa/node_modules/jest-resolve/build/index.js:810:10)\n    at Resolver._getVirtualMockPath (/Users/yuechunyu/Documents/project/newWorld/spa/node_modules/jest-resolve/build/index.js:1004:84)\n    at Resolver._getAbsolutePath (/Users/yuechunyu/Documents/project/newWorld/spa/node_modules/jest-resolve/build/index.js:984:98)\n    at Resolver.getModuleID (/Users/yuechunyu/Documents/project/newWorld/spa/node_modules/jest-resolve/build/index.js:949:31)\n    at Runtime._shouldMockCjs (/Users/yuechunyu/Documents/project/newWorld/spa/node_modules/jest-runtime/build/index.js:1486:37)\n    at Runtime.requireModuleOrMock (/Users/yuechunyu/Documents/project/newWorld/spa/node_modules/jest-runtime/build/index.js:961:16)\n    at _interop_require_wildcard (/Users/yuechunyu/Documents/project/newWorld/spa/tests/unit/web3Atoms.spec.ts:51:1)\n    at _userApi (/Users/yuechunyu/Documents/project/newWorld/spa/tests/unit/web3Atoms.spec.ts:16:8)\n    at Object.Promise (/Users/yuechunyu/Documents/project/newWorld/spa/tests/unit/web3Atoms.spec.ts:83:16)\n    at Promise.finally.completed (/Users/yuechunyu/Documents/project/newWorld/spa/node_modules/jest-circus/build/jestAdapterInit.js:1557:28)\n    at new Promise (<anonymous>)\n    at callAsyncCircusFn (/Users/yuechunyu/Documents/project/newWorld/spa/node_modules/jest-circus/build/jestAdapterInit.js:1497:10)\n    at _callCircusHook (/Users/yuechunyu/Documents/project/newWorld/spa/node_modules/jest-circus/build/jestAdapterInit.js:976:40)\n    at processTicksAndRejections (node:internal/process/task_queues:105:5)\n    at _runTest (/Users/yuechunyu/Documents/project/newWorld/spa/node_modules/jest-circus/build/jestAdapterInit.js:941:5)\n    at /Users/yuechunyu/Documents/project/newWorld/spa/node_modules/jest-circus/build/jestAdapterInit.js:849:7\n    at _runTestsForDescribeBlock (/Users/yuechunyu/Documents/project/newWorld/spa/node_modules/jest-circus/build/jestAdapterInit.js:862:11)\n    at _runTestsForDescribeBlock (/Users/yuechunyu/Documents/project/newWorld/spa/node_modules/jest-circus/build/jestAdapterInit.js:857:11)\n    at _runTestsForDescribeBlock (/Users/yuechunyu/Documents/project/newWorld/spa/node_modules/jest-circus/build/jestAdapterInit.js:857:11)\n    at run (/Users/yuechunyu/Documents/project/newWorld/spa/node_modules/jest-circus/build/jestAdapterInit.js:761:3)\n    at runAndTransformResultsToJestFormat (/Users/yuechunyu/Documents/project/newWorld/spa/node_modules/jest-circus/build/jestAdapterInit.js:1918:21)\n    at jestAdapter (/Users/yuechunyu/Documents/project/newWorld/spa/node_modules/jest-circus/build/runner.js:101:19)\n    at runTestInternal (/Users/yuechunyu/Documents/project/newWorld/spa/node_modules/jest-runner/build/index.js:275:16)\n    at runTest (/Users/yuechunyu/Documents/project/newWorld/spa/node_modules/jest-runner/build/index.js:343:7)"
          ],
          "fullName": "web3Atoms 测试套件 派生 atoms contractAtom 应该在没有 signer 时返回 null",
          "invocations": 1,
          "location": null,
          "numPassingAsserts": 0,
          "retryReasons": [],
          "startAt": 1766542692012,
          "status": "failed",
          "title": "contractAtom 应该在没有 signer 时返回 null"
        },
        {
          "ancestorTitles": ["web3Atoms 测试套件", "派生 atoms"],
          "duration": 4,
          "failing": false,
          "failureDetails": [
            {
              "code": "MODULE_NOT_FOUND",
              "hint": "",
              "siblingWithSimilarExtensionFound": false,
              "moduleName": "@swc/helpers/_/_interop_require_wildcard",
              "_originalMessage": "Cannot find module '@swc/helpers/_/_interop_require_wildcard' from 'tests/unit/web3Atoms.spec.ts'"
            }
          ],
          "failureMessages": [
            "Error: Cannot find module '@swc/helpers/_/_interop_require_wildcard' from 'tests/unit/web3Atoms.spec.ts'\n    at Resolver._throwModNotFoundError (/Users/yuechunyu/Documents/project/newWorld/spa/node_modules/jest-resolve/build/index.js:863:11)\n    at Resolver.resolveModule (/Users/yuechunyu/Documents/project/newWorld/spa/node_modules/jest-resolve/build/index.js:810:10)\n    at Resolver._getVirtualMockPath (/Users/yuechunyu/Documents/project/newWorld/spa/node_modules/jest-resolve/build/index.js:1004:84)\n    at Resolver._getAbsolutePath (/Users/yuechunyu/Documents/project/newWorld/spa/node_modules/jest-resolve/build/index.js:984:98)\n    at Resolver.getModuleID (/Users/yuechunyu/Documents/project/newWorld/spa/node_modules/jest-resolve/build/index.js:949:31)\n    at Runtime._shouldMockCjs (/Users/yuechunyu/Documents/project/newWorld/spa/node_modules/jest-runtime/build/index.js:1486:37)\n    at Runtime.requireModuleOrMock (/Users/yuechunyu/Documents/project/newWorld/spa/node_modules/jest-runtime/build/index.js:961:16)\n    at _interop_require_wildcard (/Users/yuechunyu/Documents/project/newWorld/spa/tests/unit/web3Atoms.spec.ts:51:1)\n    at _userApi (/Users/yuechunyu/Documents/project/newWorld/spa/tests/unit/web3Atoms.spec.ts:16:8)\n    at Object.Promise (/Users/yuechunyu/Documents/project/newWorld/spa/tests/unit/web3Atoms.spec.ts:83:16)\n    at Promise.finally.completed (/Users/yuechunyu/Documents/project/newWorld/spa/node_modules/jest-circus/build/jestAdapterInit.js:1557:28)\n    at new Promise (<anonymous>)\n    at callAsyncCircusFn (/Users/yuechunyu/Documents/project/newWorld/spa/node_modules/jest-circus/build/jestAdapterInit.js:1497:10)\n    at _callCircusHook (/Users/yuechunyu/Documents/project/newWorld/spa/node_modules/jest-circus/build/jestAdapterInit.js:976:40)\n    at processTicksAndRejections (node:internal/process/task_queues:105:5)\n    at _runTest (/Users/yuechunyu/Documents/project/newWorld/spa/node_modules/jest-circus/build/jestAdapterInit.js:941:5)\n    at /Users/yuechunyu/Documents/project/newWorld/spa/node_modules/jest-circus/build/jestAdapterInit.js:849:7\n    at _runTestsForDescribeBlock (/Users/yuechunyu/Documents/project/newWorld/spa/node_modules/jest-circus/build/jestAdapterInit.js:862:11)\n    at _runTestsForDescribeBlock (/Users/yuechunyu/Documents/project/newWorld/spa/node_modules/jest-circus/build/jestAdapterInit.js:857:11)\n    at _runTestsForDescribeBlock (/Users/yuechunyu/Documents/project/newWorld/spa/node_modules/jest-circus/build/jestAdapterInit.js:857:11)\n    at run (/Users/yuechunyu/Documents/project/newWorld/spa/node_modules/jest-circus/build/jestAdapterInit.js:761:3)\n    at runAndTransformResultsToJestFormat (/Users/yuechunyu/Documents/project/newWorld/spa/node_modules/jest-circus/build/jestAdapterInit.js:1918:21)\n    at jestAdapter (/Users/yuechunyu/Documents/project/newWorld/spa/node_modules/jest-circus/build/runner.js:101:19)\n    at runTestInternal (/Users/yuechunyu/Documents/project/newWorld/spa/node_modules/jest-runner/build/index.js:275:16)\n    at runTest (/Users/yuechunyu/Documents/project/newWorld/spa/node_modules/jest-runner/build/index.js:343:7)"
          ],
          "fullName": "web3Atoms 测试套件 派生 atoms ycTokenAtom 应该在有 signer 时返回合约实例",
          "invocations": 1,
          "location": null,
          "numPassingAsserts": 0,
          "retryReasons": [],
          "startAt": 1766542692012,
          "status": "failed",
          "title": "ycTokenAtom 应该在有 signer 时返回合约实例"
        },
        {
          "ancestorTitles": ["web3Atoms 测试套件", "派生 atoms"],
          "duration": 1,
          "failing": false,
          "failureDetails": [
            {
              "code": "MODULE_NOT_FOUND",
              "hint": "",
              "siblingWithSimilarExtensionFound": false,
              "moduleName": "@swc/helpers/_/_interop_require_wildcard",
              "_originalMessage": "Cannot find module '@swc/helpers/_/_interop_require_wildcard' from 'tests/unit/web3Atoms.spec.ts'"
            }
          ],
          "failureMessages": [
            "Error: Cannot find module '@swc/helpers/_/_interop_require_wildcard' from 'tests/unit/web3Atoms.spec.ts'\n    at Resolver._throwModNotFoundError (/Users/yuechunyu/Documents/project/newWorld/spa/node_modules/jest-resolve/build/index.js:863:11)\n    at Resolver.resolveModule (/Users/yuechunyu/Documents/project/newWorld/spa/node_modules/jest-resolve/build/index.js:810:10)\n    at Resolver._getVirtualMockPath (/Users/yuechunyu/Documents/project/newWorld/spa/node_modules/jest-resolve/build/index.js:1004:84)\n    at Resolver._getAbsolutePath (/Users/yuechunyu/Documents/project/newWorld/spa/node_modules/jest-resolve/build/index.js:984:98)\n    at Resolver.getModuleID (/Users/yuechunyu/Documents/project/newWorld/spa/node_modules/jest-resolve/build/index.js:949:31)\n    at Runtime._shouldMockCjs (/Users/yuechunyu/Documents/project/newWorld/spa/node_modules/jest-runtime/build/index.js:1486:37)\n    at Runtime.requireModuleOrMock (/Users/yuechunyu/Documents/project/newWorld/spa/node_modules/jest-runtime/build/index.js:961:16)\n    at _interop_require_wildcard (/Users/yuechunyu/Documents/project/newWorld/spa/tests/unit/web3Atoms.spec.ts:51:1)\n    at _userApi (/Users/yuechunyu/Documents/project/newWorld/spa/tests/unit/web3Atoms.spec.ts:16:8)\n    at Object.Promise (/Users/yuechunyu/Documents/project/newWorld/spa/tests/unit/web3Atoms.spec.ts:83:16)\n    at Promise.finally.completed (/Users/yuechunyu/Documents/project/newWorld/spa/node_modules/jest-circus/build/jestAdapterInit.js:1557:28)\n    at new Promise (<anonymous>)\n    at callAsyncCircusFn (/Users/yuechunyu/Documents/project/newWorld/spa/node_modules/jest-circus/build/jestAdapterInit.js:1497:10)\n    at _callCircusHook (/Users/yuechunyu/Documents/project/newWorld/spa/node_modules/jest-circus/build/jestAdapterInit.js:976:40)\n    at processTicksAndRejections (node:internal/process/task_queues:105:5)\n    at _runTest (/Users/yuechunyu/Documents/project/newWorld/spa/node_modules/jest-circus/build/jestAdapterInit.js:941:5)\n    at /Users/yuechunyu/Documents/project/newWorld/spa/node_modules/jest-circus/build/jestAdapterInit.js:849:7\n    at _runTestsForDescribeBlock (/Users/yuechunyu/Documents/project/newWorld/spa/node_modules/jest-circus/build/jestAdapterInit.js:862:11)\n    at _runTestsForDescribeBlock (/Users/yuechunyu/Documents/project/newWorld/spa/node_modules/jest-circus/build/jestAdapterInit.js:857:11)\n    at _runTestsForDescribeBlock (/Users/yuechunyu/Documents/project/newWorld/spa/node_modules/jest-circus/build/jestAdapterInit.js:857:11)\n    at run (/Users/yuechunyu/Documents/project/newWorld/spa/node_modules/jest-circus/build/jestAdapterInit.js:761:3)\n    at runAndTransformResultsToJestFormat (/Users/yuechunyu/Documents/project/newWorld/spa/node_modules/jest-circus/build/jestAdapterInit.js:1918:21)\n    at jestAdapter (/Users/yuechunyu/Documents/project/newWorld/spa/node_modules/jest-circus/build/runner.js:101:19)\n    at runTestInternal (/Users/yuechunyu/Documents/project/newWorld/spa/node_modules/jest-runner/build/index.js:275:16)\n    at runTest (/Users/yuechunyu/Documents/project/newWorld/spa/node_modules/jest-runner/build/index.js:343:7)"
          ],
          "fullName": "web3Atoms 测试套件 派生 atoms ycTokenAtom 应该在没有 signer 时返回 null",
          "invocations": 1,
          "location": null,
          "numPassingAsserts": 0,
          "retryReasons": [],
          "startAt": 1766542692016,
          "status": "failed",
          "title": "ycTokenAtom 应该在没有 signer 时返回 null"
        },
        {
          "ancestorTitles": ["web3Atoms 测试套件", "refreshWalletAtom"],
          "duration": 0,
          "failing": false,
          "failureDetails": [
            {
              "code": "MODULE_NOT_FOUND",
              "hint": "",
              "siblingWithSimilarExtensionFound": false,
              "moduleName": "@swc/helpers/_/_interop_require_wildcard",
              "_originalMessage": "Cannot find module '@swc/helpers/_/_interop_require_wildcard' from 'tests/unit/web3Atoms.spec.ts'"
            }
          ],
          "failureMessages": [
            "Error: Cannot find module '@swc/helpers/_/_interop_require_wildcard' from 'tests/unit/web3Atoms.spec.ts'\n    at Resolver._throwModNotFoundError (/Users/yuechunyu/Documents/project/newWorld/spa/node_modules/jest-resolve/build/index.js:863:11)\n    at Resolver.resolveModule (/Users/yuechunyu/Documents/project/newWorld/spa/node_modules/jest-resolve/build/index.js:810:10)\n    at Resolver._getVirtualMockPath (/Users/yuechunyu/Documents/project/newWorld/spa/node_modules/jest-resolve/build/index.js:1004:84)\n    at Resolver._getAbsolutePath (/Users/yuechunyu/Documents/project/newWorld/spa/node_modules/jest-resolve/build/index.js:984:98)\n    at Resolver.getModuleID (/Users/yuechunyu/Documents/project/newWorld/spa/node_modules/jest-resolve/build/index.js:949:31)\n    at Runtime._shouldMockCjs (/Users/yuechunyu/Documents/project/newWorld/spa/node_modules/jest-runtime/build/index.js:1486:37)\n    at Runtime.requireModuleOrMock (/Users/yuechunyu/Documents/project/newWorld/spa/node_modules/jest-runtime/build/index.js:961:16)\n    at _interop_require_wildcard (/Users/yuechunyu/Documents/project/newWorld/spa/tests/unit/web3Atoms.spec.ts:51:1)\n    at _userApi (/Users/yuechunyu/Documents/project/newWorld/spa/tests/unit/web3Atoms.spec.ts:16:8)\n    at Object.Promise (/Users/yuechunyu/Documents/project/newWorld/spa/tests/unit/web3Atoms.spec.ts:83:16)\n    at Promise.finally.completed (/Users/yuechunyu/Documents/project/newWorld/spa/node_modules/jest-circus/build/jestAdapterInit.js:1557:28)\n    at new Promise (<anonymous>)\n    at callAsyncCircusFn (/Users/yuechunyu/Documents/project/newWorld/spa/node_modules/jest-circus/build/jestAdapterInit.js:1497:10)\n    at _callCircusHook (/Users/yuechunyu/Documents/project/newWorld/spa/node_modules/jest-circus/build/jestAdapterInit.js:976:40)\n    at processTicksAndRejections (node:internal/process/task_queues:105:5)\n    at _runTest (/Users/yuechunyu/Documents/project/newWorld/spa/node_modules/jest-circus/build/jestAdapterInit.js:941:5)\n    at /Users/yuechunyu/Documents/project/newWorld/spa/node_modules/jest-circus/build/jestAdapterInit.js:849:7\n    at _runTestsForDescribeBlock (/Users/yuechunyu/Documents/project/newWorld/spa/node_modules/jest-circus/build/jestAdapterInit.js:862:11)\n    at _runTestsForDescribeBlock (/Users/yuechunyu/Documents/project/newWorld/spa/node_modules/jest-circus/build/jestAdapterInit.js:857:11)\n    at _runTestsForDescribeBlock (/Users/yuechunyu/Documents/project/newWorld/spa/node_modules/jest-circus/build/jestAdapterInit.js:857:11)\n    at run (/Users/yuechunyu/Documents/project/newWorld/spa/node_modules/jest-circus/build/jestAdapterInit.js:761:3)\n    at runAndTransformResultsToJestFormat (/Users/yuechunyu/Documents/project/newWorld/spa/node_modules/jest-circus/build/jestAdapterInit.js:1918:21)\n    at jestAdapter (/Users/yuechunyu/Documents/project/newWorld/spa/node_modules/jest-circus/build/runner.js:101:19)\n    at runTestInternal (/Users/yuechunyu/Documents/project/newWorld/spa/node_modules/jest-runner/build/index.js:275:16)\n    at runTest (/Users/yuechunyu/Documents/project/newWorld/spa/node_modules/jest-runner/build/index.js:343:7)"
          ],
          "fullName": "web3Atoms 测试套件 refreshWalletAtom 应该刷新余额和网络信息",
          "invocations": 1,
          "location": null,
          "numPassingAsserts": 0,
          "retryReasons": [],
          "startAt": 1766542692017,
          "status": "failed",
          "title": "应该刷新余额和网络信息"
        },
        {
          "ancestorTitles": ["web3Atoms 测试套件", "refreshWalletAtom"],
          "duration": 0,
          "failing": false,
          "failureDetails": [
            {
              "code": "MODULE_NOT_FOUND",
              "hint": "",
              "siblingWithSimilarExtensionFound": false,
              "moduleName": "@swc/helpers/_/_interop_require_wildcard",
              "_originalMessage": "Cannot find module '@swc/helpers/_/_interop_require_wildcard' from 'tests/unit/web3Atoms.spec.ts'"
            }
          ],
          "failureMessages": [
            "Error: Cannot find module '@swc/helpers/_/_interop_require_wildcard' from 'tests/unit/web3Atoms.spec.ts'\n    at Resolver._throwModNotFoundError (/Users/yuechunyu/Documents/project/newWorld/spa/node_modules/jest-resolve/build/index.js:863:11)\n    at Resolver.resolveModule (/Users/yuechunyu/Documents/project/newWorld/spa/node_modules/jest-resolve/build/index.js:810:10)\n    at Resolver._getVirtualMockPath (/Users/yuechunyu/Documents/project/newWorld/spa/node_modules/jest-resolve/build/index.js:1004:84)\n    at Resolver._getAbsolutePath (/Users/yuechunyu/Documents/project/newWorld/spa/node_modules/jest-resolve/build/index.js:984:98)\n    at Resolver.getModuleID (/Users/yuechunyu/Documents/project/newWorld/spa/node_modules/jest-resolve/build/index.js:949:31)\n    at Runtime._shouldMockCjs (/Users/yuechunyu/Documents/project/newWorld/spa/node_modules/jest-runtime/build/index.js:1486:37)\n    at Runtime.requireModuleOrMock (/Users/yuechunyu/Documents/project/newWorld/spa/node_modules/jest-runtime/build/index.js:961:16)\n    at _interop_require_wildcard (/Users/yuechunyu/Documents/project/newWorld/spa/tests/unit/web3Atoms.spec.ts:51:1)\n    at _userApi (/Users/yuechunyu/Documents/project/newWorld/spa/tests/unit/web3Atoms.spec.ts:16:8)\n    at Object.Promise (/Users/yuechunyu/Documents/project/newWorld/spa/tests/unit/web3Atoms.spec.ts:83:16)\n    at Promise.finally.completed (/Users/yuechunyu/Documents/project/newWorld/spa/node_modules/jest-circus/build/jestAdapterInit.js:1557:28)\n    at new Promise (<anonymous>)\n    at callAsyncCircusFn (/Users/yuechunyu/Documents/project/newWorld/spa/node_modules/jest-circus/build/jestAdapterInit.js:1497:10)\n    at _callCircusHook (/Users/yuechunyu/Documents/project/newWorld/spa/node_modules/jest-circus/build/jestAdapterInit.js:976:40)\n    at processTicksAndRejections (node:internal/process/task_queues:105:5)\n    at _runTest (/Users/yuechunyu/Documents/project/newWorld/spa/node_modules/jest-circus/build/jestAdapterInit.js:941:5)\n    at /Users/yuechunyu/Documents/project/newWorld/spa/node_modules/jest-circus/build/jestAdapterInit.js:849:7\n    at _runTestsForDescribeBlock (/Users/yuechunyu/Documents/project/newWorld/spa/node_modules/jest-circus/build/jestAdapterInit.js:862:11)\n    at _runTestsForDescribeBlock (/Users/yuechunyu/Documents/project/newWorld/spa/node_modules/jest-circus/build/jestAdapterInit.js:857:11)\n    at _runTestsForDescribeBlock (/Users/yuechunyu/Documents/project/newWorld/spa/node_modules/jest-circus/build/jestAdapterInit.js:857:11)\n    at run (/Users/yuechunyu/Documents/project/newWorld/spa/node_modules/jest-circus/build/jestAdapterInit.js:761:3)\n    at runAndTransformResultsToJestFormat (/Users/yuechunyu/Documents/project/newWorld/spa/node_modules/jest-circus/build/jestAdapterInit.js:1918:21)\n    at jestAdapter (/Users/yuechunyu/Documents/project/newWorld/spa/node_modules/jest-circus/build/runner.js:101:19)\n    at runTestInternal (/Users/yuechunyu/Documents/project/newWorld/spa/node_modules/jest-runner/build/index.js:275:16)\n    at runTest (/Users/yuechunyu/Documents/project/newWorld/spa/node_modules/jest-runner/build/index.js:343:7)"
          ],
          "fullName": "web3Atoms 测试套件 refreshWalletAtom 应该在没有 provider 时不执行刷新",
          "invocations": 1,
          "location": null,
          "numPassingAsserts": 0,
          "retryReasons": [],
          "startAt": 1766542692018,
          "status": "failed",
          "title": "应该在没有 provider 时不执行刷新"
        },
        {
          "ancestorTitles": ["web3Atoms 测试套件", "refreshYCTBalanceAtom"],
          "duration": 1,
          "failing": false,
          "failureDetails": [
            {
              "code": "MODULE_NOT_FOUND",
              "hint": "",
              "siblingWithSimilarExtensionFound": false,
              "moduleName": "@swc/helpers/_/_interop_require_wildcard",
              "_originalMessage": "Cannot find module '@swc/helpers/_/_interop_require_wildcard' from 'tests/unit/web3Atoms.spec.ts'"
            }
          ],
          "failureMessages": [
            "Error: Cannot find module '@swc/helpers/_/_interop_require_wildcard' from 'tests/unit/web3Atoms.spec.ts'\n    at Resolver._throwModNotFoundError (/Users/yuechunyu/Documents/project/newWorld/spa/node_modules/jest-resolve/build/index.js:863:11)\n    at Resolver.resolveModule (/Users/yuechunyu/Documents/project/newWorld/spa/node_modules/jest-resolve/build/index.js:810:10)\n    at Resolver._getVirtualMockPath (/Users/yuechunyu/Documents/project/newWorld/spa/node_modules/jest-resolve/build/index.js:1004:84)\n    at Resolver._getAbsolutePath (/Users/yuechunyu/Documents/project/newWorld/spa/node_modules/jest-resolve/build/index.js:984:98)\n    at Resolver.getModuleID (/Users/yuechunyu/Documents/project/newWorld/spa/node_modules/jest-resolve/build/index.js:949:31)\n    at Runtime._shouldMockCjs (/Users/yuechunyu/Documents/project/newWorld/spa/node_modules/jest-runtime/build/index.js:1486:37)\n    at Runtime.requireModuleOrMock (/Users/yuechunyu/Documents/project/newWorld/spa/node_modules/jest-runtime/build/index.js:961:16)\n    at _interop_require_wildcard (/Users/yuechunyu/Documents/project/newWorld/spa/tests/unit/web3Atoms.spec.ts:51:1)\n    at _userApi (/Users/yuechunyu/Documents/project/newWorld/spa/tests/unit/web3Atoms.spec.ts:16:8)\n    at Object.Promise (/Users/yuechunyu/Documents/project/newWorld/spa/tests/unit/web3Atoms.spec.ts:83:16)\n    at Promise.finally.completed (/Users/yuechunyu/Documents/project/newWorld/spa/node_modules/jest-circus/build/jestAdapterInit.js:1557:28)\n    at new Promise (<anonymous>)\n    at callAsyncCircusFn (/Users/yuechunyu/Documents/project/newWorld/spa/node_modules/jest-circus/build/jestAdapterInit.js:1497:10)\n    at _callCircusHook (/Users/yuechunyu/Documents/project/newWorld/spa/node_modules/jest-circus/build/jestAdapterInit.js:976:40)\n    at processTicksAndRejections (node:internal/process/task_queues:105:5)\n    at _runTest (/Users/yuechunyu/Documents/project/newWorld/spa/node_modules/jest-circus/build/jestAdapterInit.js:941:5)\n    at /Users/yuechunyu/Documents/project/newWorld/spa/node_modules/jest-circus/build/jestAdapterInit.js:849:7\n    at _runTestsForDescribeBlock (/Users/yuechunyu/Documents/project/newWorld/spa/node_modules/jest-circus/build/jestAdapterInit.js:862:11)\n    at _runTestsForDescribeBlock (/Users/yuechunyu/Documents/project/newWorld/spa/node_modules/jest-circus/build/jestAdapterInit.js:857:11)\n    at _runTestsForDescribeBlock (/Users/yuechunyu/Documents/project/newWorld/spa/node_modules/jest-circus/build/jestAdapterInit.js:857:11)\n    at run (/Users/yuechunyu/Documents/project/newWorld/spa/node_modules/jest-circus/build/jestAdapterInit.js:761:3)\n    at runAndTransformResultsToJestFormat (/Users/yuechunyu/Documents/project/newWorld/spa/node_modules/jest-circus/build/jestAdapterInit.js:1918:21)\n    at jestAdapter (/Users/yuechunyu/Documents/project/newWorld/spa/node_modules/jest-circus/build/runner.js:101:19)\n    at runTestInternal (/Users/yuechunyu/Documents/project/newWorld/spa/node_modules/jest-runner/build/index.js:275:16)\n    at runTest (/Users/yuechunyu/Documents/project/newWorld/spa/node_modules/jest-runner/build/index.js:343:7)"
          ],
          "fullName": "web3Atoms 测试套件 refreshYCTBalanceAtom 应该刷新 YCT 余额",
          "invocations": 1,
          "location": null,
          "numPassingAsserts": 0,
          "retryReasons": [],
          "startAt": 1766542692018,
          "status": "failed",
          "title": "应该刷新 YCT 余额"
        },
        {
          "ancestorTitles": ["web3Atoms 测试套件", "refreshYCTBalanceAtom"],
          "duration": 0,
          "failing": false,
          "failureDetails": [
            {
              "code": "MODULE_NOT_FOUND",
              "hint": "",
              "siblingWithSimilarExtensionFound": false,
              "moduleName": "@swc/helpers/_/_interop_require_wildcard",
              "_originalMessage": "Cannot find module '@swc/helpers/_/_interop_require_wildcard' from 'tests/unit/web3Atoms.spec.ts'"
            }
          ],
          "failureMessages": [
[...]
at atomWrite (\u001b[22m\u001b[2mnode_modules/jotai/vanilla/internals.js\u001b[2m:166:21)\u001b[22m\u001b[2m\u001b[22m\n\u001b[2m      \u001b[2mat writeAtomState (\u001b[22m\u001b[2mnode_modules/jotai/vanilla/internals.js\u001b[2m:507:22)\u001b[22m\u001b[2m\u001b[22m\n\u001b[2m      \u001b[2mat storeSet (\u001b[22m\u001b[2mnode_modules/jotai/vanilla/internals.js\u001b[2m:684:27)\u001b[22m\u001b[2m\u001b[22m\n\u001b[2m      \u001b[2mat Object.set (\u001b[22m\u001b[2mnode_modules/jotai/vanilla/internals.js\u001b[2m:735:23)\u001b[22m\u001b[2m\u001b[22m\n\u001b[2m      \u001b[2mat Object.mockUser (\u001b[22m\u001b[2m\u001b[0m\u001b[36mtests/unit/profile.spec.tsx\u001b[39m\u001b[0m\u001b[2m:69:32)\u001b[22m\u001b[2m\u001b[22m\n\n\u001b[1m\u001b[31m  \u001b[1m● \u001b[22m\u001b[1mProfile 页面测试 › 课程标签页 › 应该能够切换到\"我购买的课程\"标签页\u001b[39m\u001b[22m\n\n    TypeError: Cannot read properties of undefined (reading 'apply')\n\u001b[2m\u001b[22m\n\u001b[2m    \u001b[0m \u001b[90m 67 |\u001b[39m     store\u001b[33m.\u001b[39m\u001b[36mset\u001b[39m(balanceAtom\u001b[33m,\u001b[39m \u001b[32m'1.5000'\u001b[39m)\u001b[33m;\u001b[39m\u001b[22m\n\u001b[2m     \u001b[90m 68 |\u001b[39m     store\u001b[33m.\u001b[39m\u001b[36mset\u001b[39m(yctBalanceAtom\u001b[33m,\u001b[39m \u001b[32m'100.0000'\u001b[39m)\u001b[33m;\u001b[39m\u001b[22m\n\u001b[2m    \u001b[31m\u001b[1m>\u001b[22m\u001b[2m\u001b[39m\u001b[90m 69 |\u001b[39m     store\u001b[33m.\u001b[39m\u001b[36mset\u001b[39m(currentUserAtom\u001b[33m,\u001b[39m mockUser)\u001b[33m;\u001b[39m\u001b[22m\n\u001b[2m     \u001b[90m    |\u001b[39m                                \u001b[31m\u001b[1m^\u001b[22m\u001b[2m\u001b[39m\u001b[22m\n\u001b[2m     \u001b[90m 70 |\u001b[39m     store\u001b[33m.\u001b[39m\u001b[36mset\u001b[39m(signerAtom\u001b[33m,\u001b[39m mockSigner \u001b[36mas\u001b[39m any)\u001b[33m;\u001b[39m\u001b[22m\n\u001b[2m     \u001b[90m 71 |\u001b[39m     store\u001b[33m.\u001b[39m\u001b[36mset\u001b[39m(contractAtom \u001b[36mas\u001b[39m any\u001b[33m,\u001b[39m mockContract \u001b[36mas\u001b[39m any)\u001b[33m;\u001b[39m\u001b[22m\n\u001b[2m     \u001b[90m 72 |\u001b[39m\u001b[0m\u001b[22m\n\u001b[2m\u001b[22m\n\u001b[2m      \u001b[2mat atomWrite (\u001b[22m\u001b[2mnode_modules/jotai/vanilla/internals.js\u001b[2m:166:21)\u001b[22m\u001b[2m\u001b[22m\n\u001b[2m      \u001b[2mat writeAtomState (\u001b[22m\u001b[2mnode_modules/jotai/vanilla/internals.js\u001b[2m:507:22)\u001b[22m\u001b[2m\u001b[22m\n\u001b[2m      \u001b[2mat storeSet (\u001b[22m\u001b[2mnode_modules/jotai/vanilla/internals.js\u001b[2m:684:27)\u001b[22m\u001b[2m\u001b[22m\n\u001b[2m      \u001b[2mat Object.set (\u001b[22m\u001b[2mnode_modules/jotai/vanilla/internals.js\u001b[2m:735:23)\u001b[22m\u001b[2m\u001b[22m\n\u001b[2m      \u001b[2mat Object.mockUser (\u001b[22m\u001b[2m\u001b[0m\u001b[36mtests/unit/profile.spec.tsx\u001b[39m\u001b[0m\u001b[2m:69:32)\u001b[22m\u001b[2m\u001b[22m\n\n\u001b[1m\u001b[31m  \u001b[1m● \u001b[22m\u001b[1mProfile 页面测试 › 课程标签页 › 应该正确加载创建的课程列表\u001b[39m\u001b[22m\n\n    TypeError: Cannot read properties of undefined (reading 'apply')\n\u001b[2m\u001b[22m\n\u001b[2m    \u001b[0m \u001b[90m 67 |\u001b[39m     store\u001b[33m.\u001b[39m\u001b[36mset\u001b[39m(balanceAtom\u001b[33m,\u001b[39m \u001b[32m'1.5000'\u001b[39m)\u001b[33m;\u001b[39m\u001b[22m\n\u001b[2m     \u001b[90m 68 |\u001b[39m     store\u001b[33m.\u001b[39m\u001b[36mset\u001b[39m(yctBalanceAtom\u001b[33m,\u001b[39m \u001b[32m'100.0000'\u001b[39m)\u001b[33m;\u001b[39m\u001b[22m\n\u001b[2m    \u001b[31m\u001b[1m>\u001b[22m\u001b[2m\u001b[39m\u001b[90m 69 |\u001b[39m     store\u001b[33m.\u001b[39m\u001b[36mset\u001b[39m(currentUserAtom\u001b[33m,\u001b[39m mockUser)\u001b[33m;\u001b[39m\u001b[22m\n\u001b[2m     \u001b[90m    |\u001b[39m                                \u001b[31m\u001b[1m^\u001b[22m\u001b[2m\u001b[39m\u001b[22m\n\u001b[2m     \u001b[90m 70 |\u001b[39m     store\u001b[33m.\u001b[39m\u001b[36mset\u001b[39m(signerAtom\u001b[33m,\u001b[39m mockSigner \u001b[36mas\u001b[39m any)\u001b[33m;\u001b[39m\u001b[22m\n\u001b[2m     \u001b[90m 71 |\u001b[39m     store\u001b[33m.\u001b[39m\u001b[36mset\u001b[39m(contractAtom \u001b[36mas\u001b[39m any\u001b[33m,\u001b[39m mockContract \u001b[36mas\u001b[39m any)\u001b[33m;\u001b[39m\u001b[22m\n\u001b[2m     \u001b[90m 72 |\u001b[39m\u001b[0m\u001b[22m\n\u001b[2m\u001b[22m\n\u001b[2m      \u001b[2mat atomWrite (\u001b[22m\u001b[2mnode_modules/jotai/vanilla/internals.js\u001b[2m:166:21)\u001b[22m\u001b[2m\u001b[22m\n\u001b[2m      \u001b[2mat writeAtomState (\u001b[22m\u001b[2mnode_modules/jotai/vanilla/internals.js\u001b[2m:507:22)\u001b[22m\u001b[2m\u001b[22m\n\u001b[2m      \u001b[2mat storeSet (\u001b[22m\u001b[2mnode_modules/jotai/vanilla/internals.js\u001b[2m:684:27)\u001b[22m\u001b[2m\u001b[22m\n\u001b[2m      \u001b[2mat Object.set (\u001b[22m\u001b[2mnode_modules/jotai/vanilla/internals.js\u001b[2m:735:23)\u001b[22m\u001b[2m\u001b[22m\n\u001b[2m      \u001b[2mat Object.mockUser (\u001b[22m\u001b[2m\u001b[0m\u001b[36mtests/unit/profile.spec.tsx\u001b[39m\u001b[0m\u001b[2m:69:32)\u001b[22m\u001b[2m\u001b[22m\n\n\u001b[1m\u001b[31m  \u001b[1m● \u001b[22m\u001b[1mProfile 页面测试 › 课程标签页 › 应该正确加载购买的课程列表\u001b[39m\u001b[22m\n\n    TypeError: Cannot read properties of undefined (reading 'apply')\n\u001b[2m\u001b[22m\n\u001b[2m    \u001b[0m \u001b[90m 67 |\u001b[39m     store\u001b[33m.\u001b[39m\u001b[36mset\u001b[39m(balanceAtom\u001b[33m,\u001b[39m \u001b[32m'1.5000'\u001b[39m)\u001b[33m;\u001b[39m\u001b[22m\n\u001b[2m     \u001b[90m 68 |\u001b[39m     store\u001b[33m.\u001b[39m\u001b[36mset\u001b[39m(yctBalanceAtom\u001b[33m,\u001b[39m \u001b[32m'100.0000'\u001b[39m)\u001b[33m;\u001b[39m\u001b[22m\n\u001b[2m    \u001b[31m\u001b[1m>\u001b[22m\u001b[2m\u001b[39m\u001b[90m 69 |\u001b[39m     store\u001b[33m.\u001b[39m\u001b[36mset\u001b[39m(currentUserAtom\u001b[33m,\u001b[39m mockUser)\u001b[33m;\u001b[39m\u001b[22m\n\u001b[2m     \u001b[90m    |\u001b[39m                                \u001b[31m\u001b[1m^\u001b[22m\u001b[2m\u001b[39m\u001b[22m\n\u001b[2m     \u001b[90m 70 |\u001b[39m     store\u001b[33m.\u001b[39m\u001b[36mset\u001b[39m(signerAtom\u001b[33m,\u001b[39m mockSigner \u001b[36mas\u001b[39m any)\u001b[33m;\u001b[39m\u001b[22m\n\u001b[2m     \u001b[90m 71 |\u001b[39m     store\u001b[33m.\u001b[39m\u001b[36mset\u001b[39m(contractAtom \u001b[36mas\u001b[39m any\u001b[33m,\u001b[39m mockContract \u001b[36mas\u001b[39m any)\u001b[33m;\u001b[39m\u001b[22m\n\u001b[2m     \u001b[90m 72 |\u001b[39m\u001b[0m\u001b[22m\n\u001b[2m\u001b[22m\n\u001b[2m      \u001b[2mat atomWrite (\u001b[22m\u001b[2mnode_modules/jotai/vanilla/internals.js\u001b[2m:166:21)\u001b[22m\u001b[2m\u001b[22m\n\u001b[2m      \u001b[2mat writeAtomState (\u001b[22m\u001b[2mnode_modules/jotai/vanilla/internals.js\u001b[2m:507:22)\u001b[22m\u001b[2m\u001b[22m\n\u001b[2m      \u001b[2mat storeSet (\u001b[22m\u001b[2mnode_modules/jotai/vanilla/internals.js\u001b[2m:684:27)\u001b[22m\u001b[2m\u001b[22m\n\u001b[2m      \u001b[2mat Object.set (\u001b[22m\u001b[2mnode_modules/jotai/vanilla/internals.js\u001b[2m:735:23)\u001b[22m\u001b[2m\u001b[22m\n\u001b[2m      \u001b[2mat Object.mockUser (\u001b[22m\u001b[2m\u001b[0m\u001b[36mtests/unit/profile.spec.tsx\u001b[39m\u001b[0m\u001b[2m:69:32)\u001b[22m\u001b[2m\u001b[22m\n\n\u001b[1m\u001b[31m  \u001b[1m● \u001b[22m\u001b[1mProfile 页面测试 › 错误处理 › 应该在没有连接钱包时显示提示\u001b[39m\u001b[22m\n\n    TypeError: Cannot read properties of undefined (reading 'apply')\n\u001b[2m\u001b[22m\n\u001b[2m    \u001b[0m \u001b[90m 67 |\u001b[39m     store\u001b[33m.\u001b[39m\u001b[36mset\u001b[39m(balanceAtom\u001b[33m,\u001b[39m \u001b[32m'1.5000'\u001b[39m)\u001b[33m;\u001b[39m\u001b[22m\n\u001b[2m     \u001b[90m 68 |\u001b[39m     store\u001b[33m.\u001b[39m\u001b[36mset\u001b[39m(yctBalanceAtom\u001b[33m,\u001b[39m \u001b[32m'100.0000'\u001b[39m)\u001b[33m;\u001b[39m\u001b[22m\n\u001b[2m    \u001b[31m\u001b[1m>\u001b[22m\u001b[2m\u001b[39m\u001b[90m 69 |\u001b[39m     store\u001b[33m.\u001b[39m\u001b[36mset\u001b[39m(currentUserAtom\u001b[33m,\u001b[39m mockUser)\u001b[33m;\u001b[39m\u001b[22m\n\u001b[2m     \u001b[90m    |\u001b[39m                                \u001b[31m\u001b[1m^\u001b[22m\u001b[2m\u001b[39m\u001b[22m\n\u001b[2m     \u001b[90m 70 |\u001b[39m     store\u001b[33m.\u001b[39m\u001b[36mset\u001b[39m(signerAtom\u001b[33m,\u001b[39m mockSigner \u001b[36mas\u001b[39m any)\u001b[33m;\u001b[39m\u001b[22m\n\u001b[2m     \u001b[90m 71 |\u001b[39m     store\u001b[33m.\u001b[39m\u001b[36mset\u001b[39m(contractAtom \u001b[36mas\u001b[39m any\u001b[33m,\u001b[39m mockContract \u001b[36mas\u001b[39m any)\u001b[33m;\u001b[39m\u001b[22m\n\u001b[2m     \u001b[90m 72 |\u001b[39m\u001b[0m\u001b[22m\n\u001b[2m\u001b[22m\n\u001b[2m      \u001b[2mat atomWrite (\u001b[22m\u001b[2mnode_modules/jotai/vanilla/internals.js\u001b[2m:166:21)\u001b[22m\u001b[2m\u001b[22m\n\u001b[2m      \u001b[2mat writeAtomState (\u001b[22m\u001b[2mnode_modules/jotai/vanilla/internals.js\u001b[2m:507:22)\u001b[22m\u001b[2m\u001b[22m\n\u001b[2m      \u001b[2mat storeSet (\u001b[22m\u001b[2mnode_modules/jotai/vanilla/internals.js\u001b[2m:684:27)\u001b[22m\u001b[2m\u001b[22m\n\u001b[2m      \u001b[2mat Object.set (\u001b[22m\u001b[2mnode_modules/jotai/vanilla/internals.js\u001b[2m:735:23)\u001b[22m\u001b[2m\u001b[22m\n\u001b[2m      \u001b[2mat Object.mockUser (\u001b[22m\u001b[2m\u001b[0m\u001b[36mtests/unit/profile.spec.tsx\u001b[39m\u001b[0m\u001b[2m:69:32)\u001b[22m\u001b[2m\u001b[22m\n\n\u001b[1m\u001b[31m  \u001b[1m● \u001b[22m\u001b[1mProfile 页面测试 › 错误处理 › 应该处理更新失败的情况\u001b[39m\u001b[22m\n\n    TypeError: Cannot read properties of undefined (reading 'apply')\n\u001b[2m\u001b[22m\n\u001b[2m    \u001b[0m \u001b[90m 67 |\u001b[39m     store\u001b[33m.\u001b[39m\u001b[36mset\u001b[39m(balanceAtom\u001b[33m,\u001b[39m \u001b[32m'1.5000'\u001b[39m)\u001b[33m;\u001b[39m\u001b[22m\n\u001b[2m     \u001b[90m 68 |\u001b[39m     store\u001b[33m.\u001b[39m\u001b[36mset\u001b[39m(yctBalanceAtom\u001b[33m,\u001b[39m \u001b[32m'100.0000'\u001b[39m)\u001b[33m;\u001b[39m\u001b[22m\n\u001b[2m    \u001b[31m\u001b[1m>\u001b[22m\u001b[2m\u001b[39m\u001b[90m 69 |\u001b[39m     store\u001b[33m.\u001b[39m\u001b[36mset\u001b[39m(currentUserAtom\u001b[33m,\u001b[39m mockUser)\u001b[33m;\u001b[39m\u001b[22m\n\u001b[2m     \u001b[90m    |\u001b[39m                                \u001b[31m\u001b[1m^\u001b[22m\u001b[2m\u001b[39m\u001b[22m\n\u001b[2m     \u001b[90m 70 |\u001b[39m     store\u001b[33m.\u001b[39m\u001b[36mset\u001b[39m(signerAtom\u001b[33m,\u001b[39m mockSigner \u001b[36mas\u001b[39m any)\u001b[33m;\u001b[39m\u001b[22m\n\u001b[2m     \u001b[90m 71 |\u001b[39m     store\u001b[33m.\u001b[39m\u001b[36mset\u001b[39m(contractAtom \u001b[36mas\u001b[39m any\u001b[33m,\u001b[39m mockContract \u001b[36mas\u001b[39m any)\u001b[33m;\u001b[39m\u001b[22m\n\u001b[2m     \u001b[90m 72 |\u001b[39m\u001b[0m\u001b[22m\n\u001b[2m\u001b[22m\n\u001b[2m      \u001b[2mat atomWrite (\u001b[22m\u001b[2mnode_modules/jotai/vanilla/internals.js\u001b[2m:166:21)\u001b[22m\u001b[2m\u001b[22m\n\u001b[2m      \u001b[2mat writeAtomState (\u001b[22m\u001b[2mnode_modules/jotai/vanilla/internals.js\u001b[2m:507:22)\u001b[22m\u001b[2m\u001b[22m\n\u001b[2m      \u001b[2mat storeSet (\u001b[22m\u001b[2mnode_modules/jotai/vanilla/internals.js\u001b[2m:684:27)\u001b[22m\u001b[2m\u001b[22m\n\u001b[2m      \u001b[2mat Object.set (\u001b[22m\u001b[2mnode_modules/jotai/vanilla/internals.js\u001b[2m:735:23)\u001b[22m\u001b[2m\u001b[22m\n\u001b[2m      \u001b[2mat Object.mockUser (\u001b[22m\u001b[2m\u001b[0m\u001b[36mtests/unit/profile.spec.tsx\u001b[39m\u001b[0m\u001b[2m:69:32)\u001b[22m\u001b[2m\u001b[22m\n"
    },
    {
      "leaks": false,
      "numFailingTests": 0,
      "numPassingTests": 12,
      "numPendingTests": 0,
      "numTodoTests": 0,
      "openHandles": [],
      "perfStats": {
        "end": 1766542692467,
        "loadTestEnvironmentEnd": 1766542692395,
        "loadTestEnvironmentStart": 1766542692390,
        "runtime": 72,
        "setupAfterEnvEnd": 1766542692423,
        "setupAfterEnvStart": 1766542692407,
        "setupFilesEnd": 1766542692395,
        "setupFilesStart": 1766542692395,
        "slow": false,
        "start": 1766542692395
      },
      "skipped": false,
      "snapshot": {
        "added": 0,
        "fileDeleted": false,
        "matched": 0,
        "unchecked": 0,
        "uncheckedKeys": [],
        "unmatched": 0,
        "updated": 0
      },
      "testFilePath": "/Users/yuechunyu/Documents/project/newWorld/spa/tests/unit/userApi.spec.ts",
      "testResults": [
        {
          "ancestorTitles": ["userApi 测试套件", "walletLogin"],
          "duration": 28,
          "failing": false,
          "failureDetails": [],
          "failureMessages": [],
          "fullName": "userApi 测试套件 walletLogin 应该成功登录并返回用户信息",
          "invocations": 1,
          "location": null,
          "numPassingAsserts": 2,
          "retryReasons": [],
          "startAt": 1766542692426,
          "status": "passed",
          "title": "应该成功登录并返回用户信息"
        },
        {
          "ancestorTitles": ["userApi 测试套件", "walletLogin"],
          "duration": 9,
          "failing": false,
          "failureDetails": [],
          "failureMessages": [],
          "fullName": "userApi 测试套件 walletLogin 应该在 API 返回错误时抛出异常",
          "invocations": 1,
          "location": null,
          "numPassingAsserts": 1,
          "retryReasons": [],
          "startAt": 1766542692454,
          "status": "passed",
          "title": "应该在 API 返回错误时抛出异常"
        },
        {
          "ancestorTitles": ["userApi 测试套件", "walletLogin"],
          "duration": 0,
          "failing": false,
          "failureDetails": [],
          "failureMessages": [],
          "fullName": "userApi 测试套件 walletLogin 应该在 success 为 false 时抛出异常",
          "invocations": 1,
          "location": null,
          "numPassingAsserts": 1,
          "retryReasons": [],
          "startAt": 1766542692463,
          "status": "passed",
          "title": "应该在 success 为 false 时抛出异常"
        },
        {
          "ancestorTitles": ["userApi 测试套件", "walletLogin"],
          "duration": 0,
          "failing": false,
          "failureDetails": [],
          "failureMessages": [],
          "fullName": "userApi 测试套件 walletLogin 应该在没有返回数据时抛出异常",
          "invocations": 1,
          "location": null,
          "numPassingAsserts": 1,
          "retryReasons": [],
          "startAt": 1766542692463,
          "status": "passed",
          "title": "应该在没有返回数据时抛出异常"
        },
        {
          "ancestorTitles": ["userApi 测试套件", "getUserById"],
          "duration": 0,
          "failing": false,
          "failureDetails": [],
          "failureMessages": [],
          "fullName": "userApi 测试套件 getUserById 应该成功获取用户信息",
          "invocations": 1,
          "location": null,
          "numPassingAsserts": 2,
          "retryReasons": [],
          "startAt": 1766542692464,
          "status": "passed",
          "title": "应该成功获取用户信息"
        },
        {
          "ancestorTitles": ["userApi 测试套件", "getUserById"],
          "duration": 0,
          "failing": false,
          "failureDetails": [],
          "failureMessages": [],
          "fullName": "userApi 测试套件 getUserById 应该在用户不存在时抛出异常",
          "invocations": 1,
          "location": null,
          "numPassingAsserts": 1,
          "retryReasons": [],
          "startAt": 1766542692464,
          "status": "passed",
          "title": "应该在用户不存在时抛出异常"
        },
        {
          "ancestorTitles": ["userApi 测试套件", "getUserById"],
          "duration": 1,
          "failing": false,
          "failureDetails": [],
          "failureMessages": [],
          "fullName": "userApi 测试套件 getUserById 应该处理网络错误",
          "invocations": 1,
          "location": null,
          "numPassingAsserts": 1,
          "retryReasons": [],
          "startAt": 1766542692464,
          "status": "passed",
          "title": "应该处理网络错误"
        },
        {
          "ancestorTitles": ["userApi 测试套件", "updateUser"],
          "duration": 0,
          "failing": false,
          "failureDetails": [],
          "failureMessages": [],
          "fullName": "userApi 测试套件 updateUser 应该成功更新用户信息",
          "invocations": 1,
          "location": null,
          "numPassingAsserts": 2,
          "retryReasons": [],
          "startAt": 1766542692465,
          "status": "passed",
          "title": "应该成功更新用户信息"
        },
        {
          "ancestorTitles": ["userApi 测试套件", "updateUser"],
          "duration": 0,
          "failing": false,
          "failureDetails": [],
          "failureMessages": [],
          "fullName": "userApi 测试套件 updateUser 应该成功更新包含签名的用户信息",
          "invocations": 1,
          "location": null,
          "numPassingAsserts": 1,
          "retryReasons": [],
          "startAt": 1766542692465,
          "status": "passed",
          "title": "应该成功更新包含签名的用户信息"
        },
        {
          "ancestorTitles": ["userApi 测试套件", "updateUser"],
          "duration": 1,
          "failing": false,
          "failureDetails": [],
          "failureMessages": [],
          "fullName": "userApi 测试套件 updateUser 应该在签名验证失败时抛出异常",
          "invocations": 1,
          "location": null,
          "numPassingAsserts": 1,
          "retryReasons": [],
          "startAt": 1766542692465,
          "status": "passed",
          "title": "应该在签名验证失败时抛出异常"
        },
        {
          "ancestorTitles": ["userApi 测试套件", "updateUser"],
          "duration": 0,
          "failing": false,
          "failureDetails": [],
          "failureMessages": [],
          "fullName": "userApi 测试套件 updateUser 应该在更新不存在的用户时抛出异常",
          "invocations": 1,
          "location": null,
          "numPassingAsserts": 1,
          "retryReasons": [],
          "startAt": 1766542692466,
          "status": "passed",
          "title": "应该在更新不存在的用户时抛出异常"
        },
        {
          "ancestorTitles": ["userApi 测试套件", "updateUser"],
          "duration": 0,
          "failing": false,
          "failureDetails": [],
          "failureMessages": [],
          "fullName": "userApi 测试套件 updateUser 应该处理服务器错误",
          "invocations": 1,
          "location": null,
          "numPassingAsserts": 1,
          "retryReasons": [],
          "startAt": 1766542692466,
          "status": "passed",
          "title": "应该处理服务器错误"
        }
      ],
      "failureMessage": null
    },
    {
      "leaks": false,
      "numFailingTests": 0,
      "numPassingTests": 1,
      "numPendingTests": 0,
      "numTodoTests": 0,
      "openHandles": [],
      "perfStats": {
        "end": 1766542692513,
        "loadTestEnvironmentEnd": 1766542692484,
        "loadTestEnvironmentStart": 1766542692479,
        "runtime": 29,
        "setupAfterEnvEnd": 1766542692511,
        "setupAfterEnvStart": 1766542692495,
        "setupFilesEnd": 1766542692484,
        "setupFilesStart": 1766542692484,
        "slow": false,
        "start": 1766542692484
      },
      "skipped": false,
      "snapshot": {
        "added": 0,
        "fileDeleted": false,
        "matched": 0,
        "unchecked": 0,
        "uncheckedKeys": [],
        "unmatched": 0,
        "updated": 0
      },
      "testFilePath": "/Users/yuechunyu/Documents/project/newWorld/spa/tests/unit/index.spec.ts",
      "testResults": [
        {
          "ancestorTitles": ["综合测试"],
          "duration": 1,
          "failing": false,
          "failureDetails": [],
          "failureMessages": [],
          "fullName": "综合测试 简单测试",
          "invocations": 1,
          "location": null,
          "numPassingAsserts": 1,
          "retryReasons": [],
          "startAt": 1766542692512,
          "status": "passed",
          "title": "简单测试"
        }
      ],
      "failureMessage": null
    }
  ],
  "wasInterrupted": false
}
